[2025-11-09T17:20:07.278+0000] {processor.py:161} INFO - Started process (PID=35) to work on /opt/airflow/dags/api_schedule_sync_dag.py
[2025-11-09T17:20:07.279+0000] {processor.py:830} INFO - Processing file /opt/airflow/dags/api_schedule_sync_dag.py for tasks to queue
[2025-11-09T17:20:07.281+0000] {logging_mixin.py:188} INFO - [2025-11-09T17:20:07.281+0000] {dagbag.py:540} INFO - Filling up the DagBag from /opt/airflow/dags/api_schedule_sync_dag.py
[2025-11-09T17:20:07.297+0000] {logging_mixin.py:188} INFO - [2025-11-09T17:20:07.295+0000] {dagbag.py:350} ERROR - Failed to import: /opt/airflow/dags/api_schedule_sync_dag.py
Traceback (most recent call last):
  File "/home/airflow/.local/lib/python3.12/site-packages/airflow/models/dagbag.py", line 346, in parse
    loader.exec_module(new_module)
  File "<frozen importlib._bootstrap_external>", line 995, in exec_module
  File "<frozen importlib._bootstrap>", line 488, in _call_with_frames_removed
  File "/opt/airflow/dags/api_schedule_sync_dag.py", line 6, in <module>
    from pymongo import MongoClient
ModuleNotFoundError: No module named 'pymongo'
[2025-11-09T17:20:07.299+0000] {processor.py:842} WARNING - No viable dags retrieved from /opt/airflow/dags/api_schedule_sync_dag.py
[2025-11-09T17:20:07.321+0000] {processor.py:183} INFO - Processing /opt/airflow/dags/api_schedule_sync_dag.py took 0.048 seconds
[2025-11-09T17:20:37.656+0000] {processor.py:161} INFO - Started process (PID=38) to work on /opt/airflow/dags/api_schedule_sync_dag.py
[2025-11-09T17:20:37.657+0000] {processor.py:830} INFO - Processing file /opt/airflow/dags/api_schedule_sync_dag.py for tasks to queue
[2025-11-09T17:20:37.660+0000] {logging_mixin.py:188} INFO - [2025-11-09T17:20:37.659+0000] {dagbag.py:540} INFO - Filling up the DagBag from /opt/airflow/dags/api_schedule_sync_dag.py
[2025-11-09T17:20:37.674+0000] {logging_mixin.py:188} INFO - [2025-11-09T17:20:37.671+0000] {dagbag.py:350} ERROR - Failed to import: /opt/airflow/dags/api_schedule_sync_dag.py
Traceback (most recent call last):
  File "/home/airflow/.local/lib/python3.12/site-packages/airflow/models/dagbag.py", line 346, in parse
    loader.exec_module(new_module)
  File "<frozen importlib._bootstrap_external>", line 995, in exec_module
  File "<frozen importlib._bootstrap>", line 488, in _call_with_frames_removed
  File "/opt/airflow/dags/api_schedule_sync_dag.py", line 6, in <module>
    from pymongo import MongoClient
ModuleNotFoundError: No module named 'pymongo'
[2025-11-09T17:20:37.676+0000] {processor.py:842} WARNING - No viable dags retrieved from /opt/airflow/dags/api_schedule_sync_dag.py
[2025-11-09T17:20:37.702+0000] {processor.py:183} INFO - Processing /opt/airflow/dags/api_schedule_sync_dag.py took 0.053 seconds
[2025-11-09T17:21:07.927+0000] {processor.py:161} INFO - Started process (PID=41) to work on /opt/airflow/dags/api_schedule_sync_dag.py
[2025-11-09T17:21:07.928+0000] {processor.py:830} INFO - Processing file /opt/airflow/dags/api_schedule_sync_dag.py for tasks to queue
[2025-11-09T17:21:07.930+0000] {logging_mixin.py:188} INFO - [2025-11-09T17:21:07.930+0000] {dagbag.py:540} INFO - Filling up the DagBag from /opt/airflow/dags/api_schedule_sync_dag.py
[2025-11-09T17:21:07.940+0000] {logging_mixin.py:188} INFO - [2025-11-09T17:21:07.938+0000] {dagbag.py:350} ERROR - Failed to import: /opt/airflow/dags/api_schedule_sync_dag.py
Traceback (most recent call last):
  File "/home/airflow/.local/lib/python3.12/site-packages/airflow/models/dagbag.py", line 346, in parse
    loader.exec_module(new_module)
  File "<frozen importlib._bootstrap_external>", line 995, in exec_module
  File "<frozen importlib._bootstrap>", line 488, in _call_with_frames_removed
  File "/opt/airflow/dags/api_schedule_sync_dag.py", line 6, in <module>
    from pymongo import MongoClient
ModuleNotFoundError: No module named 'pymongo'
[2025-11-09T17:21:07.941+0000] {processor.py:842} WARNING - No viable dags retrieved from /opt/airflow/dags/api_schedule_sync_dag.py
[2025-11-09T17:21:07.964+0000] {processor.py:183} INFO - Processing /opt/airflow/dags/api_schedule_sync_dag.py took 0.044 seconds
[2025-11-09T17:21:38.315+0000] {processor.py:161} INFO - Started process (PID=44) to work on /opt/airflow/dags/api_schedule_sync_dag.py
[2025-11-09T17:21:38.317+0000] {processor.py:830} INFO - Processing file /opt/airflow/dags/api_schedule_sync_dag.py for tasks to queue
[2025-11-09T17:21:38.320+0000] {logging_mixin.py:188} INFO - [2025-11-09T17:21:38.320+0000] {dagbag.py:540} INFO - Filling up the DagBag from /opt/airflow/dags/api_schedule_sync_dag.py
[2025-11-09T17:21:38.343+0000] {logging_mixin.py:188} INFO - [2025-11-09T17:21:38.338+0000] {dagbag.py:350} ERROR - Failed to import: /opt/airflow/dags/api_schedule_sync_dag.py
Traceback (most recent call last):
  File "/home/airflow/.local/lib/python3.12/site-packages/airflow/models/dagbag.py", line 346, in parse
    loader.exec_module(new_module)
  File "<frozen importlib._bootstrap_external>", line 995, in exec_module
  File "<frozen importlib._bootstrap>", line 488, in _call_with_frames_removed
  File "/opt/airflow/dags/api_schedule_sync_dag.py", line 6, in <module>
    from pymongo import MongoClient
ModuleNotFoundError: No module named 'pymongo'
[2025-11-09T17:21:38.345+0000] {processor.py:842} WARNING - No viable dags retrieved from /opt/airflow/dags/api_schedule_sync_dag.py
[2025-11-09T17:21:38.387+0000] {processor.py:183} INFO - Processing /opt/airflow/dags/api_schedule_sync_dag.py took 0.082 seconds
[2025-11-09T17:22:08.630+0000] {processor.py:161} INFO - Started process (PID=47) to work on /opt/airflow/dags/api_schedule_sync_dag.py
[2025-11-09T17:22:08.631+0000] {processor.py:830} INFO - Processing file /opt/airflow/dags/api_schedule_sync_dag.py for tasks to queue
[2025-11-09T17:22:08.633+0000] {logging_mixin.py:188} INFO - [2025-11-09T17:22:08.633+0000] {dagbag.py:540} INFO - Filling up the DagBag from /opt/airflow/dags/api_schedule_sync_dag.py
[2025-11-09T17:22:08.647+0000] {logging_mixin.py:188} INFO - [2025-11-09T17:22:08.644+0000] {dagbag.py:350} ERROR - Failed to import: /opt/airflow/dags/api_schedule_sync_dag.py
Traceback (most recent call last):
  File "/home/airflow/.local/lib/python3.12/site-packages/airflow/models/dagbag.py", line 346, in parse
    loader.exec_module(new_module)
  File "<frozen importlib._bootstrap_external>", line 995, in exec_module
  File "<frozen importlib._bootstrap>", line 488, in _call_with_frames_removed
  File "/opt/airflow/dags/api_schedule_sync_dag.py", line 6, in <module>
    from pymongo import MongoClient
ModuleNotFoundError: No module named 'pymongo'
[2025-11-09T17:22:08.648+0000] {processor.py:842} WARNING - No viable dags retrieved from /opt/airflow/dags/api_schedule_sync_dag.py
[2025-11-09T17:22:08.673+0000] {processor.py:183} INFO - Processing /opt/airflow/dags/api_schedule_sync_dag.py took 0.049 seconds
[2025-11-09T17:22:38.915+0000] {processor.py:161} INFO - Started process (PID=50) to work on /opt/airflow/dags/api_schedule_sync_dag.py
[2025-11-09T17:22:38.916+0000] {processor.py:830} INFO - Processing file /opt/airflow/dags/api_schedule_sync_dag.py for tasks to queue
[2025-11-09T17:22:38.920+0000] {logging_mixin.py:188} INFO - [2025-11-09T17:22:38.919+0000] {dagbag.py:540} INFO - Filling up the DagBag from /opt/airflow/dags/api_schedule_sync_dag.py
[2025-11-09T17:22:38.938+0000] {logging_mixin.py:188} INFO - [2025-11-09T17:22:38.933+0000] {dagbag.py:350} ERROR - Failed to import: /opt/airflow/dags/api_schedule_sync_dag.py
Traceback (most recent call last):
  File "/home/airflow/.local/lib/python3.12/site-packages/airflow/models/dagbag.py", line 346, in parse
    loader.exec_module(new_module)
  File "<frozen importlib._bootstrap_external>", line 995, in exec_module
  File "<frozen importlib._bootstrap>", line 488, in _call_with_frames_removed
  File "/opt/airflow/dags/api_schedule_sync_dag.py", line 6, in <module>
    from pymongo import MongoClient
ModuleNotFoundError: No module named 'pymongo'
[2025-11-09T17:22:38.940+0000] {processor.py:842} WARNING - No viable dags retrieved from /opt/airflow/dags/api_schedule_sync_dag.py
[2025-11-09T17:22:38.979+0000] {processor.py:183} INFO - Processing /opt/airflow/dags/api_schedule_sync_dag.py took 0.072 seconds
[2025-11-09T17:23:09.209+0000] {processor.py:161} INFO - Started process (PID=53) to work on /opt/airflow/dags/api_schedule_sync_dag.py
[2025-11-09T17:23:09.211+0000] {processor.py:830} INFO - Processing file /opt/airflow/dags/api_schedule_sync_dag.py for tasks to queue
[2025-11-09T17:23:09.213+0000] {logging_mixin.py:188} INFO - [2025-11-09T17:23:09.212+0000] {dagbag.py:540} INFO - Filling up the DagBag from /opt/airflow/dags/api_schedule_sync_dag.py
[2025-11-09T17:23:09.226+0000] {logging_mixin.py:188} INFO - [2025-11-09T17:23:09.223+0000] {dagbag.py:350} ERROR - Failed to import: /opt/airflow/dags/api_schedule_sync_dag.py
Traceback (most recent call last):
  File "/home/airflow/.local/lib/python3.12/site-packages/airflow/models/dagbag.py", line 346, in parse
    loader.exec_module(new_module)
  File "<frozen importlib._bootstrap_external>", line 995, in exec_module
  File "<frozen importlib._bootstrap>", line 488, in _call_with_frames_removed
  File "/opt/airflow/dags/api_schedule_sync_dag.py", line 6, in <module>
    from pymongo import MongoClient
ModuleNotFoundError: No module named 'pymongo'
[2025-11-09T17:23:09.227+0000] {processor.py:842} WARNING - No viable dags retrieved from /opt/airflow/dags/api_schedule_sync_dag.py
[2025-11-09T17:23:09.253+0000] {processor.py:183} INFO - Processing /opt/airflow/dags/api_schedule_sync_dag.py took 0.050 seconds
[2025-11-09T17:23:39.474+0000] {processor.py:161} INFO - Started process (PID=56) to work on /opt/airflow/dags/api_schedule_sync_dag.py
[2025-11-09T17:23:39.475+0000] {processor.py:830} INFO - Processing file /opt/airflow/dags/api_schedule_sync_dag.py for tasks to queue
[2025-11-09T17:23:39.478+0000] {logging_mixin.py:188} INFO - [2025-11-09T17:23:39.477+0000] {dagbag.py:540} INFO - Filling up the DagBag from /opt/airflow/dags/api_schedule_sync_dag.py
[2025-11-09T17:23:39.492+0000] {logging_mixin.py:188} INFO - [2025-11-09T17:23:39.489+0000] {dagbag.py:350} ERROR - Failed to import: /opt/airflow/dags/api_schedule_sync_dag.py
Traceback (most recent call last):
  File "/home/airflow/.local/lib/python3.12/site-packages/airflow/models/dagbag.py", line 346, in parse
    loader.exec_module(new_module)
  File "<frozen importlib._bootstrap_external>", line 995, in exec_module
  File "<frozen importlib._bootstrap>", line 488, in _call_with_frames_removed
  File "/opt/airflow/dags/api_schedule_sync_dag.py", line 6, in <module>
    from pymongo import MongoClient
ModuleNotFoundError: No module named 'pymongo'
[2025-11-09T17:23:39.493+0000] {processor.py:842} WARNING - No viable dags retrieved from /opt/airflow/dags/api_schedule_sync_dag.py
[2025-11-09T17:23:39.517+0000] {processor.py:183} INFO - Processing /opt/airflow/dags/api_schedule_sync_dag.py took 0.049 seconds
[2025-11-09T17:24:09.809+0000] {processor.py:161} INFO - Started process (PID=59) to work on /opt/airflow/dags/api_schedule_sync_dag.py
[2025-11-09T17:24:09.810+0000] {processor.py:830} INFO - Processing file /opt/airflow/dags/api_schedule_sync_dag.py for tasks to queue
[2025-11-09T17:24:09.811+0000] {logging_mixin.py:188} INFO - [2025-11-09T17:24:09.811+0000] {dagbag.py:540} INFO - Filling up the DagBag from /opt/airflow/dags/api_schedule_sync_dag.py
[2025-11-09T17:24:09.824+0000] {logging_mixin.py:188} INFO - [2025-11-09T17:24:09.821+0000] {dagbag.py:350} ERROR - Failed to import: /opt/airflow/dags/api_schedule_sync_dag.py
Traceback (most recent call last):
  File "/home/airflow/.local/lib/python3.12/site-packages/airflow/models/dagbag.py", line 346, in parse
    loader.exec_module(new_module)
  File "<frozen importlib._bootstrap_external>", line 995, in exec_module
  File "<frozen importlib._bootstrap>", line 488, in _call_with_frames_removed
  File "/opt/airflow/dags/api_schedule_sync_dag.py", line 6, in <module>
    from pymongo import MongoClient
ModuleNotFoundError: No module named 'pymongo'
[2025-11-09T17:24:09.825+0000] {processor.py:842} WARNING - No viable dags retrieved from /opt/airflow/dags/api_schedule_sync_dag.py
[2025-11-09T17:24:09.849+0000] {processor.py:183} INFO - Processing /opt/airflow/dags/api_schedule_sync_dag.py took 0.046 seconds
[2025-11-09T17:24:40.074+0000] {processor.py:161} INFO - Started process (PID=62) to work on /opt/airflow/dags/api_schedule_sync_dag.py
[2025-11-09T17:24:40.075+0000] {processor.py:830} INFO - Processing file /opt/airflow/dags/api_schedule_sync_dag.py for tasks to queue
[2025-11-09T17:24:40.077+0000] {logging_mixin.py:188} INFO - [2025-11-09T17:24:40.077+0000] {dagbag.py:540} INFO - Filling up the DagBag from /opt/airflow/dags/api_schedule_sync_dag.py
[2025-11-09T17:24:40.089+0000] {logging_mixin.py:188} INFO - [2025-11-09T17:24:40.086+0000] {dagbag.py:350} ERROR - Failed to import: /opt/airflow/dags/api_schedule_sync_dag.py
Traceback (most recent call last):
  File "/home/airflow/.local/lib/python3.12/site-packages/airflow/models/dagbag.py", line 346, in parse
    loader.exec_module(new_module)
  File "<frozen importlib._bootstrap_external>", line 995, in exec_module
  File "<frozen importlib._bootstrap>", line 488, in _call_with_frames_removed
  File "/opt/airflow/dags/api_schedule_sync_dag.py", line 6, in <module>
    from pymongo import MongoClient
ModuleNotFoundError: No module named 'pymongo'
[2025-11-09T17:24:40.090+0000] {processor.py:842} WARNING - No viable dags retrieved from /opt/airflow/dags/api_schedule_sync_dag.py
[2025-11-09T17:24:40.114+0000] {processor.py:183} INFO - Processing /opt/airflow/dags/api_schedule_sync_dag.py took 0.045 seconds
[2025-11-09T17:25:10.711+0000] {processor.py:161} INFO - Started process (PID=65) to work on /opt/airflow/dags/api_schedule_sync_dag.py
[2025-11-09T17:25:10.713+0000] {processor.py:830} INFO - Processing file /opt/airflow/dags/api_schedule_sync_dag.py for tasks to queue
[2025-11-09T17:25:10.717+0000] {logging_mixin.py:188} INFO - [2025-11-09T17:25:10.716+0000] {dagbag.py:540} INFO - Filling up the DagBag from /opt/airflow/dags/api_schedule_sync_dag.py
[2025-11-09T17:25:10.755+0000] {logging_mixin.py:188} INFO - [2025-11-09T17:25:10.749+0000] {dagbag.py:350} ERROR - Failed to import: /opt/airflow/dags/api_schedule_sync_dag.py
Traceback (most recent call last):
  File "/home/airflow/.local/lib/python3.12/site-packages/airflow/models/dagbag.py", line 346, in parse
    loader.exec_module(new_module)
  File "<frozen importlib._bootstrap_external>", line 995, in exec_module
  File "<frozen importlib._bootstrap>", line 488, in _call_with_frames_removed
  File "/opt/airflow/dags/api_schedule_sync_dag.py", line 6, in <module>
    from pymongo import MongoClient
ModuleNotFoundError: No module named 'pymongo'
[2025-11-09T17:25:10.758+0000] {processor.py:842} WARNING - No viable dags retrieved from /opt/airflow/dags/api_schedule_sync_dag.py
[2025-11-09T17:25:10.829+0000] {processor.py:183} INFO - Processing /opt/airflow/dags/api_schedule_sync_dag.py took 0.129 seconds
[2025-11-09T17:25:41.204+0000] {processor.py:161} INFO - Started process (PID=68) to work on /opt/airflow/dags/api_schedule_sync_dag.py
[2025-11-09T17:25:41.205+0000] {processor.py:830} INFO - Processing file /opt/airflow/dags/api_schedule_sync_dag.py for tasks to queue
[2025-11-09T17:25:41.208+0000] {logging_mixin.py:188} INFO - [2025-11-09T17:25:41.208+0000] {dagbag.py:540} INFO - Filling up the DagBag from /opt/airflow/dags/api_schedule_sync_dag.py
[2025-11-09T17:25:41.225+0000] {logging_mixin.py:188} INFO - [2025-11-09T17:25:41.221+0000] {dagbag.py:350} ERROR - Failed to import: /opt/airflow/dags/api_schedule_sync_dag.py
Traceback (most recent call last):
  File "/home/airflow/.local/lib/python3.12/site-packages/airflow/models/dagbag.py", line 346, in parse
    loader.exec_module(new_module)
  File "<frozen importlib._bootstrap_external>", line 995, in exec_module
  File "<frozen importlib._bootstrap>", line 488, in _call_with_frames_removed
  File "/opt/airflow/dags/api_schedule_sync_dag.py", line 6, in <module>
    from pymongo import MongoClient
ModuleNotFoundError: No module named 'pymongo'
[2025-11-09T17:25:41.227+0000] {processor.py:842} WARNING - No viable dags retrieved from /opt/airflow/dags/api_schedule_sync_dag.py
[2025-11-09T17:25:41.252+0000] {processor.py:183} INFO - Processing /opt/airflow/dags/api_schedule_sync_dag.py took 0.058 seconds
[2025-11-09T17:26:11.532+0000] {processor.py:161} INFO - Started process (PID=71) to work on /opt/airflow/dags/api_schedule_sync_dag.py
[2025-11-09T17:26:11.533+0000] {processor.py:830} INFO - Processing file /opt/airflow/dags/api_schedule_sync_dag.py for tasks to queue
[2025-11-09T17:26:11.535+0000] {logging_mixin.py:188} INFO - [2025-11-09T17:26:11.534+0000] {dagbag.py:540} INFO - Filling up the DagBag from /opt/airflow/dags/api_schedule_sync_dag.py
[2025-11-09T17:26:11.551+0000] {logging_mixin.py:188} INFO - [2025-11-09T17:26:11.546+0000] {dagbag.py:350} ERROR - Failed to import: /opt/airflow/dags/api_schedule_sync_dag.py
Traceback (most recent call last):
  File "/home/airflow/.local/lib/python3.12/site-packages/airflow/models/dagbag.py", line 346, in parse
    loader.exec_module(new_module)
  File "<frozen importlib._bootstrap_external>", line 995, in exec_module
  File "<frozen importlib._bootstrap>", line 488, in _call_with_frames_removed
  File "/opt/airflow/dags/api_schedule_sync_dag.py", line 6, in <module>
    from pymongo import MongoClient
ModuleNotFoundError: No module named 'pymongo'
[2025-11-09T17:26:11.553+0000] {processor.py:842} WARNING - No viable dags retrieved from /opt/airflow/dags/api_schedule_sync_dag.py
[2025-11-09T17:26:11.587+0000] {processor.py:183} INFO - Processing /opt/airflow/dags/api_schedule_sync_dag.py took 0.060 seconds
[2025-11-09T17:26:43.420+0000] {processor.py:161} INFO - Started process (PID=74) to work on /opt/airflow/dags/api_schedule_sync_dag.py
[2025-11-09T17:26:43.432+0000] {processor.py:830} INFO - Processing file /opt/airflow/dags/api_schedule_sync_dag.py for tasks to queue
[2025-11-09T17:26:43.465+0000] {logging_mixin.py:188} INFO - [2025-11-09T17:26:43.459+0000] {dagbag.py:540} INFO - Filling up the DagBag from /opt/airflow/dags/api_schedule_sync_dag.py
[2025-11-09T17:26:43.693+0000] {logging_mixin.py:188} INFO - [2025-11-09T17:26:43.648+0000] {dagbag.py:350} ERROR - Failed to import: /opt/airflow/dags/api_schedule_sync_dag.py
Traceback (most recent call last):
  File "/home/airflow/.local/lib/python3.12/site-packages/airflow/models/dagbag.py", line 346, in parse
    loader.exec_module(new_module)
  File "<frozen importlib._bootstrap_external>", line 995, in exec_module
  File "<frozen importlib._bootstrap>", line 488, in _call_with_frames_removed
  File "/opt/airflow/dags/api_schedule_sync_dag.py", line 6, in <module>
    from pymongo import MongoClient
ModuleNotFoundError: No module named 'pymongo'
[2025-11-09T17:26:43.706+0000] {processor.py:842} WARNING - No viable dags retrieved from /opt/airflow/dags/api_schedule_sync_dag.py
[2025-11-09T17:26:43.903+0000] {processor.py:183} INFO - Processing /opt/airflow/dags/api_schedule_sync_dag.py took 0.588 seconds
[2025-11-09T17:27:15.117+0000] {processor.py:161} INFO - Started process (PID=77) to work on /opt/airflow/dags/api_schedule_sync_dag.py
[2025-11-09T17:27:15.123+0000] {processor.py:830} INFO - Processing file /opt/airflow/dags/api_schedule_sync_dag.py for tasks to queue
[2025-11-09T17:27:15.130+0000] {logging_mixin.py:188} INFO - [2025-11-09T17:27:15.129+0000] {dagbag.py:540} INFO - Filling up the DagBag from /opt/airflow/dags/api_schedule_sync_dag.py
[2025-11-09T17:27:15.169+0000] {logging_mixin.py:188} INFO - [2025-11-09T17:27:15.149+0000] {dagbag.py:350} ERROR - Failed to import: /opt/airflow/dags/api_schedule_sync_dag.py
Traceback (most recent call last):
  File "/home/airflow/.local/lib/python3.12/site-packages/airflow/models/dagbag.py", line 346, in parse
    loader.exec_module(new_module)
  File "<frozen importlib._bootstrap_external>", line 995, in exec_module
  File "<frozen importlib._bootstrap>", line 488, in _call_with_frames_removed
  File "/opt/airflow/dags/api_schedule_sync_dag.py", line 6, in <module>
    from pymongo import MongoClient
ModuleNotFoundError: No module named 'pymongo'
[2025-11-09T17:27:15.174+0000] {processor.py:842} WARNING - No viable dags retrieved from /opt/airflow/dags/api_schedule_sync_dag.py
[2025-11-09T17:27:15.273+0000] {processor.py:183} INFO - Processing /opt/airflow/dags/api_schedule_sync_dag.py took 0.184 seconds
[2025-11-09T17:27:45.524+0000] {processor.py:161} INFO - Started process (PID=80) to work on /opt/airflow/dags/api_schedule_sync_dag.py
[2025-11-09T17:27:45.526+0000] {processor.py:830} INFO - Processing file /opt/airflow/dags/api_schedule_sync_dag.py for tasks to queue
[2025-11-09T17:27:45.528+0000] {logging_mixin.py:188} INFO - [2025-11-09T17:27:45.527+0000] {dagbag.py:540} INFO - Filling up the DagBag from /opt/airflow/dags/api_schedule_sync_dag.py
[2025-11-09T17:27:45.541+0000] {logging_mixin.py:188} INFO - [2025-11-09T17:27:45.538+0000] {dagbag.py:350} ERROR - Failed to import: /opt/airflow/dags/api_schedule_sync_dag.py
Traceback (most recent call last):
  File "/home/airflow/.local/lib/python3.12/site-packages/airflow/models/dagbag.py", line 346, in parse
    loader.exec_module(new_module)
  File "<frozen importlib._bootstrap_external>", line 995, in exec_module
  File "<frozen importlib._bootstrap>", line 488, in _call_with_frames_removed
  File "/opt/airflow/dags/api_schedule_sync_dag.py", line 6, in <module>
    from pymongo import MongoClient
ModuleNotFoundError: No module named 'pymongo'
[2025-11-09T17:27:45.542+0000] {processor.py:842} WARNING - No viable dags retrieved from /opt/airflow/dags/api_schedule_sync_dag.py
[2025-11-09T17:27:45.569+0000] {processor.py:183} INFO - Processing /opt/airflow/dags/api_schedule_sync_dag.py took 0.051 seconds
[2025-11-09T17:28:15.838+0000] {processor.py:161} INFO - Started process (PID=83) to work on /opt/airflow/dags/api_schedule_sync_dag.py
[2025-11-09T17:28:15.840+0000] {processor.py:830} INFO - Processing file /opt/airflow/dags/api_schedule_sync_dag.py for tasks to queue
[2025-11-09T17:28:15.842+0000] {logging_mixin.py:188} INFO - [2025-11-09T17:28:15.842+0000] {dagbag.py:540} INFO - Filling up the DagBag from /opt/airflow/dags/api_schedule_sync_dag.py
[2025-11-09T17:28:15.864+0000] {logging_mixin.py:188} INFO - [2025-11-09T17:28:15.859+0000] {dagbag.py:350} ERROR - Failed to import: /opt/airflow/dags/api_schedule_sync_dag.py
Traceback (most recent call last):
  File "/home/airflow/.local/lib/python3.12/site-packages/airflow/models/dagbag.py", line 346, in parse
    loader.exec_module(new_module)
  File "<frozen importlib._bootstrap_external>", line 995, in exec_module
  File "<frozen importlib._bootstrap>", line 488, in _call_with_frames_removed
  File "/opt/airflow/dags/api_schedule_sync_dag.py", line 6, in <module>
    from pymongo import MongoClient
ModuleNotFoundError: No module named 'pymongo'
[2025-11-09T17:28:15.866+0000] {processor.py:842} WARNING - No viable dags retrieved from /opt/airflow/dags/api_schedule_sync_dag.py
[2025-11-09T17:28:15.908+0000] {processor.py:183} INFO - Processing /opt/airflow/dags/api_schedule_sync_dag.py took 0.078 seconds
[2025-11-09T17:28:46.200+0000] {processor.py:161} INFO - Started process (PID=86) to work on /opt/airflow/dags/api_schedule_sync_dag.py
[2025-11-09T17:28:46.201+0000] {processor.py:830} INFO - Processing file /opt/airflow/dags/api_schedule_sync_dag.py for tasks to queue
[2025-11-09T17:28:46.203+0000] {logging_mixin.py:188} INFO - [2025-11-09T17:28:46.203+0000] {dagbag.py:540} INFO - Filling up the DagBag from /opt/airflow/dags/api_schedule_sync_dag.py
[2025-11-09T17:28:46.218+0000] {logging_mixin.py:188} INFO - [2025-11-09T17:28:46.215+0000] {dagbag.py:350} ERROR - Failed to import: /opt/airflow/dags/api_schedule_sync_dag.py
Traceback (most recent call last):
  File "/home/airflow/.local/lib/python3.12/site-packages/airflow/models/dagbag.py", line 346, in parse
    loader.exec_module(new_module)
  File "<frozen importlib._bootstrap_external>", line 995, in exec_module
  File "<frozen importlib._bootstrap>", line 488, in _call_with_frames_removed
  File "/opt/airflow/dags/api_schedule_sync_dag.py", line 6, in <module>
    from pymongo import MongoClient
ModuleNotFoundError: No module named 'pymongo'
[2025-11-09T17:28:46.219+0000] {processor.py:842} WARNING - No viable dags retrieved from /opt/airflow/dags/api_schedule_sync_dag.py
[2025-11-09T17:28:46.242+0000] {processor.py:183} INFO - Processing /opt/airflow/dags/api_schedule_sync_dag.py took 0.048 seconds
[2025-11-09T17:29:16.500+0000] {processor.py:161} INFO - Started process (PID=89) to work on /opt/airflow/dags/api_schedule_sync_dag.py
[2025-11-09T17:29:16.500+0000] {processor.py:830} INFO - Processing file /opt/airflow/dags/api_schedule_sync_dag.py for tasks to queue
[2025-11-09T17:29:16.502+0000] {logging_mixin.py:188} INFO - [2025-11-09T17:29:16.502+0000] {dagbag.py:540} INFO - Filling up the DagBag from /opt/airflow/dags/api_schedule_sync_dag.py
[2025-11-09T17:29:16.514+0000] {logging_mixin.py:188} INFO - [2025-11-09T17:29:16.512+0000] {dagbag.py:350} ERROR - Failed to import: /opt/airflow/dags/api_schedule_sync_dag.py
Traceback (most recent call last):
  File "/home/airflow/.local/lib/python3.12/site-packages/airflow/models/dagbag.py", line 346, in parse
    loader.exec_module(new_module)
  File "<frozen importlib._bootstrap_external>", line 995, in exec_module
  File "<frozen importlib._bootstrap>", line 488, in _call_with_frames_removed
  File "/opt/airflow/dags/api_schedule_sync_dag.py", line 6, in <module>
    from pymongo import MongoClient
ModuleNotFoundError: No module named 'pymongo'
[2025-11-09T17:29:16.515+0000] {processor.py:842} WARNING - No viable dags retrieved from /opt/airflow/dags/api_schedule_sync_dag.py
[2025-11-09T17:29:16.541+0000] {processor.py:183} INFO - Processing /opt/airflow/dags/api_schedule_sync_dag.py took 0.047 seconds
[2025-11-09T17:29:46.728+0000] {processor.py:161} INFO - Started process (PID=92) to work on /opt/airflow/dags/api_schedule_sync_dag.py
[2025-11-09T17:29:46.729+0000] {processor.py:830} INFO - Processing file /opt/airflow/dags/api_schedule_sync_dag.py for tasks to queue
[2025-11-09T17:29:46.732+0000] {logging_mixin.py:188} INFO - [2025-11-09T17:29:46.731+0000] {dagbag.py:540} INFO - Filling up the DagBag from /opt/airflow/dags/api_schedule_sync_dag.py
[2025-11-09T17:29:46.745+0000] {logging_mixin.py:188} INFO - [2025-11-09T17:29:46.741+0000] {dagbag.py:350} ERROR - Failed to import: /opt/airflow/dags/api_schedule_sync_dag.py
Traceback (most recent call last):
  File "/home/airflow/.local/lib/python3.12/site-packages/airflow/models/dagbag.py", line 346, in parse
    loader.exec_module(new_module)
  File "<frozen importlib._bootstrap_external>", line 995, in exec_module
  File "<frozen importlib._bootstrap>", line 488, in _call_with_frames_removed
  File "/opt/airflow/dags/api_schedule_sync_dag.py", line 6, in <module>
    from pymongo import MongoClient
ModuleNotFoundError: No module named 'pymongo'
[2025-11-09T17:29:46.746+0000] {processor.py:842} WARNING - No viable dags retrieved from /opt/airflow/dags/api_schedule_sync_dag.py
[2025-11-09T17:29:46.771+0000] {processor.py:183} INFO - Processing /opt/airflow/dags/api_schedule_sync_dag.py took 0.049 seconds
[2025-11-09T17:30:17.026+0000] {processor.py:161} INFO - Started process (PID=95) to work on /opt/airflow/dags/api_schedule_sync_dag.py
[2025-11-09T17:30:17.027+0000] {processor.py:830} INFO - Processing file /opt/airflow/dags/api_schedule_sync_dag.py for tasks to queue
[2025-11-09T17:30:17.028+0000] {logging_mixin.py:188} INFO - [2025-11-09T17:30:17.028+0000] {dagbag.py:540} INFO - Filling up the DagBag from /opt/airflow/dags/api_schedule_sync_dag.py
[2025-11-09T17:30:17.039+0000] {logging_mixin.py:188} INFO - [2025-11-09T17:30:17.036+0000] {dagbag.py:350} ERROR - Failed to import: /opt/airflow/dags/api_schedule_sync_dag.py
Traceback (most recent call last):
  File "/home/airflow/.local/lib/python3.12/site-packages/airflow/models/dagbag.py", line 346, in parse
    loader.exec_module(new_module)
  File "<frozen importlib._bootstrap_external>", line 995, in exec_module
  File "<frozen importlib._bootstrap>", line 488, in _call_with_frames_removed
  File "/opt/airflow/dags/api_schedule_sync_dag.py", line 6, in <module>
    from pymongo import MongoClient
ModuleNotFoundError: No module named 'pymongo'
[2025-11-09T17:30:17.040+0000] {processor.py:842} WARNING - No viable dags retrieved from /opt/airflow/dags/api_schedule_sync_dag.py
[2025-11-09T17:30:17.062+0000] {processor.py:183} INFO - Processing /opt/airflow/dags/api_schedule_sync_dag.py took 0.042 seconds
[2025-11-09T17:30:47.295+0000] {processor.py:161} INFO - Started process (PID=98) to work on /opt/airflow/dags/api_schedule_sync_dag.py
[2025-11-09T17:30:47.296+0000] {processor.py:830} INFO - Processing file /opt/airflow/dags/api_schedule_sync_dag.py for tasks to queue
[2025-11-09T17:30:47.298+0000] {logging_mixin.py:188} INFO - [2025-11-09T17:30:47.297+0000] {dagbag.py:540} INFO - Filling up the DagBag from /opt/airflow/dags/api_schedule_sync_dag.py
[2025-11-09T17:30:47.309+0000] {logging_mixin.py:188} INFO - [2025-11-09T17:30:47.306+0000] {dagbag.py:350} ERROR - Failed to import: /opt/airflow/dags/api_schedule_sync_dag.py
Traceback (most recent call last):
  File "/home/airflow/.local/lib/python3.12/site-packages/airflow/models/dagbag.py", line 346, in parse
    loader.exec_module(new_module)
  File "<frozen importlib._bootstrap_external>", line 995, in exec_module
  File "<frozen importlib._bootstrap>", line 488, in _call_with_frames_removed
  File "/opt/airflow/dags/api_schedule_sync_dag.py", line 6, in <module>
    from pymongo import MongoClient
ModuleNotFoundError: No module named 'pymongo'
[2025-11-09T17:30:47.310+0000] {processor.py:842} WARNING - No viable dags retrieved from /opt/airflow/dags/api_schedule_sync_dag.py
[2025-11-09T17:30:47.339+0000] {processor.py:183} INFO - Processing /opt/airflow/dags/api_schedule_sync_dag.py took 0.050 seconds
[2025-11-09T17:31:17.628+0000] {processor.py:161} INFO - Started process (PID=101) to work on /opt/airflow/dags/api_schedule_sync_dag.py
[2025-11-09T17:31:17.629+0000] {processor.py:830} INFO - Processing file /opt/airflow/dags/api_schedule_sync_dag.py for tasks to queue
[2025-11-09T17:31:17.631+0000] {logging_mixin.py:188} INFO - [2025-11-09T17:31:17.631+0000] {dagbag.py:540} INFO - Filling up the DagBag from /opt/airflow/dags/api_schedule_sync_dag.py
[2025-11-09T17:31:17.642+0000] {logging_mixin.py:188} INFO - [2025-11-09T17:31:17.639+0000] {dagbag.py:350} ERROR - Failed to import: /opt/airflow/dags/api_schedule_sync_dag.py
Traceback (most recent call last):
  File "/home/airflow/.local/lib/python3.12/site-packages/airflow/models/dagbag.py", line 346, in parse
    loader.exec_module(new_module)
  File "<frozen importlib._bootstrap_external>", line 995, in exec_module
  File "<frozen importlib._bootstrap>", line 488, in _call_with_frames_removed
  File "/opt/airflow/dags/api_schedule_sync_dag.py", line 6, in <module>
    from pymongo import MongoClient
ModuleNotFoundError: No module named 'pymongo'
[2025-11-09T17:31:17.643+0000] {processor.py:842} WARNING - No viable dags retrieved from /opt/airflow/dags/api_schedule_sync_dag.py
[2025-11-09T17:31:17.665+0000] {processor.py:183} INFO - Processing /opt/airflow/dags/api_schedule_sync_dag.py took 0.041 seconds
[2025-11-09T17:31:47.890+0000] {processor.py:161} INFO - Started process (PID=104) to work on /opt/airflow/dags/api_schedule_sync_dag.py
[2025-11-09T17:31:47.891+0000] {processor.py:830} INFO - Processing file /opt/airflow/dags/api_schedule_sync_dag.py for tasks to queue
[2025-11-09T17:31:47.892+0000] {logging_mixin.py:188} INFO - [2025-11-09T17:31:47.892+0000] {dagbag.py:540} INFO - Filling up the DagBag from /opt/airflow/dags/api_schedule_sync_dag.py
[2025-11-09T17:31:47.905+0000] {logging_mixin.py:188} INFO - [2025-11-09T17:31:47.902+0000] {dagbag.py:350} ERROR - Failed to import: /opt/airflow/dags/api_schedule_sync_dag.py
Traceback (most recent call last):
  File "/home/airflow/.local/lib/python3.12/site-packages/airflow/models/dagbag.py", line 346, in parse
    loader.exec_module(new_module)
  File "<frozen importlib._bootstrap_external>", line 995, in exec_module
  File "<frozen importlib._bootstrap>", line 488, in _call_with_frames_removed
  File "/opt/airflow/dags/api_schedule_sync_dag.py", line 6, in <module>
    from pymongo import MongoClient
ModuleNotFoundError: No module named 'pymongo'
[2025-11-09T17:31:47.907+0000] {processor.py:842} WARNING - No viable dags retrieved from /opt/airflow/dags/api_schedule_sync_dag.py
[2025-11-09T17:31:47.932+0000] {processor.py:183} INFO - Processing /opt/airflow/dags/api_schedule_sync_dag.py took 0.049 seconds
[2025-11-09T17:32:18.157+0000] {processor.py:161} INFO - Started process (PID=107) to work on /opt/airflow/dags/api_schedule_sync_dag.py
[2025-11-09T17:32:18.158+0000] {processor.py:830} INFO - Processing file /opt/airflow/dags/api_schedule_sync_dag.py for tasks to queue
[2025-11-09T17:32:18.160+0000] {logging_mixin.py:188} INFO - [2025-11-09T17:32:18.160+0000] {dagbag.py:540} INFO - Filling up the DagBag from /opt/airflow/dags/api_schedule_sync_dag.py
[2025-11-09T17:32:18.171+0000] {logging_mixin.py:188} INFO - [2025-11-09T17:32:18.168+0000] {dagbag.py:350} ERROR - Failed to import: /opt/airflow/dags/api_schedule_sync_dag.py
Traceback (most recent call last):
  File "/home/airflow/.local/lib/python3.12/site-packages/airflow/models/dagbag.py", line 346, in parse
    loader.exec_module(new_module)
  File "<frozen importlib._bootstrap_external>", line 995, in exec_module
  File "<frozen importlib._bootstrap>", line 488, in _call_with_frames_removed
  File "/opt/airflow/dags/api_schedule_sync_dag.py", line 6, in <module>
    from pymongo import MongoClient
ModuleNotFoundError: No module named 'pymongo'
[2025-11-09T17:32:18.172+0000] {processor.py:842} WARNING - No viable dags retrieved from /opt/airflow/dags/api_schedule_sync_dag.py
[2025-11-09T17:32:18.195+0000] {processor.py:183} INFO - Processing /opt/airflow/dags/api_schedule_sync_dag.py took 0.043 seconds
[2025-11-09T17:32:48.396+0000] {processor.py:161} INFO - Started process (PID=110) to work on /opt/airflow/dags/api_schedule_sync_dag.py
[2025-11-09T17:32:48.397+0000] {processor.py:830} INFO - Processing file /opt/airflow/dags/api_schedule_sync_dag.py for tasks to queue
[2025-11-09T17:32:48.400+0000] {logging_mixin.py:188} INFO - [2025-11-09T17:32:48.400+0000] {dagbag.py:540} INFO - Filling up the DagBag from /opt/airflow/dags/api_schedule_sync_dag.py
[2025-11-09T17:32:48.416+0000] {logging_mixin.py:188} INFO - [2025-11-09T17:32:48.410+0000] {dagbag.py:350} ERROR - Failed to import: /opt/airflow/dags/api_schedule_sync_dag.py
Traceback (most recent call last):
  File "/home/airflow/.local/lib/python3.12/site-packages/airflow/models/dagbag.py", line 346, in parse
    loader.exec_module(new_module)
  File "<frozen importlib._bootstrap_external>", line 995, in exec_module
  File "<frozen importlib._bootstrap>", line 488, in _call_with_frames_removed
  File "/opt/airflow/dags/api_schedule_sync_dag.py", line 6, in <module>
    from pymongo import MongoClient
ModuleNotFoundError: No module named 'pymongo'
[2025-11-09T17:32:48.417+0000] {processor.py:842} WARNING - No viable dags retrieved from /opt/airflow/dags/api_schedule_sync_dag.py
[2025-11-09T17:32:48.446+0000] {processor.py:183} INFO - Processing /opt/airflow/dags/api_schedule_sync_dag.py took 0.057 seconds
[2025-11-09T17:33:18.723+0000] {processor.py:161} INFO - Started process (PID=113) to work on /opt/airflow/dags/api_schedule_sync_dag.py
[2025-11-09T17:33:18.724+0000] {processor.py:830} INFO - Processing file /opt/airflow/dags/api_schedule_sync_dag.py for tasks to queue
[2025-11-09T17:33:18.726+0000] {logging_mixin.py:188} INFO - [2025-11-09T17:33:18.726+0000] {dagbag.py:540} INFO - Filling up the DagBag from /opt/airflow/dags/api_schedule_sync_dag.py
[2025-11-09T17:33:18.737+0000] {logging_mixin.py:188} INFO - [2025-11-09T17:33:18.734+0000] {dagbag.py:350} ERROR - Failed to import: /opt/airflow/dags/api_schedule_sync_dag.py
Traceback (most recent call last):
  File "/home/airflow/.local/lib/python3.12/site-packages/airflow/models/dagbag.py", line 346, in parse
    loader.exec_module(new_module)
  File "<frozen importlib._bootstrap_external>", line 995, in exec_module
  File "<frozen importlib._bootstrap>", line 488, in _call_with_frames_removed
  File "/opt/airflow/dags/api_schedule_sync_dag.py", line 6, in <module>
    from pymongo import MongoClient
ModuleNotFoundError: No module named 'pymongo'
[2025-11-09T17:33:18.738+0000] {processor.py:842} WARNING - No viable dags retrieved from /opt/airflow/dags/api_schedule_sync_dag.py
[2025-11-09T17:33:18.759+0000] {processor.py:183} INFO - Processing /opt/airflow/dags/api_schedule_sync_dag.py took 0.041 seconds
[2025-11-09T17:33:48.994+0000] {processor.py:161} INFO - Started process (PID=116) to work on /opt/airflow/dags/api_schedule_sync_dag.py
[2025-11-09T17:33:48.995+0000] {processor.py:830} INFO - Processing file /opt/airflow/dags/api_schedule_sync_dag.py for tasks to queue
[2025-11-09T17:33:48.996+0000] {logging_mixin.py:188} INFO - [2025-11-09T17:33:48.996+0000] {dagbag.py:540} INFO - Filling up the DagBag from /opt/airflow/dags/api_schedule_sync_dag.py
[2025-11-09T17:33:49.007+0000] {logging_mixin.py:188} INFO - [2025-11-09T17:33:49.005+0000] {dagbag.py:350} ERROR - Failed to import: /opt/airflow/dags/api_schedule_sync_dag.py
Traceback (most recent call last):
  File "/home/airflow/.local/lib/python3.12/site-packages/airflow/models/dagbag.py", line 346, in parse
    loader.exec_module(new_module)
  File "<frozen importlib._bootstrap_external>", line 995, in exec_module
  File "<frozen importlib._bootstrap>", line 488, in _call_with_frames_removed
  File "/opt/airflow/dags/api_schedule_sync_dag.py", line 6, in <module>
    from pymongo import MongoClient
ModuleNotFoundError: No module named 'pymongo'
[2025-11-09T17:33:49.008+0000] {processor.py:842} WARNING - No viable dags retrieved from /opt/airflow/dags/api_schedule_sync_dag.py
[2025-11-09T17:33:49.030+0000] {processor.py:183} INFO - Processing /opt/airflow/dags/api_schedule_sync_dag.py took 0.041 seconds
[2025-11-09T17:34:19.274+0000] {processor.py:161} INFO - Started process (PID=119) to work on /opt/airflow/dags/api_schedule_sync_dag.py
[2025-11-09T17:34:19.275+0000] {processor.py:830} INFO - Processing file /opt/airflow/dags/api_schedule_sync_dag.py for tasks to queue
[2025-11-09T17:34:19.277+0000] {logging_mixin.py:188} INFO - [2025-11-09T17:34:19.277+0000] {dagbag.py:540} INFO - Filling up the DagBag from /opt/airflow/dags/api_schedule_sync_dag.py
[2025-11-09T17:34:19.288+0000] {logging_mixin.py:188} INFO - [2025-11-09T17:34:19.285+0000] {dagbag.py:350} ERROR - Failed to import: /opt/airflow/dags/api_schedule_sync_dag.py
Traceback (most recent call last):
  File "/home/airflow/.local/lib/python3.12/site-packages/airflow/models/dagbag.py", line 346, in parse
    loader.exec_module(new_module)
  File "<frozen importlib._bootstrap_external>", line 995, in exec_module
  File "<frozen importlib._bootstrap>", line 488, in _call_with_frames_removed
  File "/opt/airflow/dags/api_schedule_sync_dag.py", line 6, in <module>
    from pymongo import MongoClient
ModuleNotFoundError: No module named 'pymongo'
[2025-11-09T17:34:19.289+0000] {processor.py:842} WARNING - No viable dags retrieved from /opt/airflow/dags/api_schedule_sync_dag.py
[2025-11-09T17:34:19.311+0000] {processor.py:183} INFO - Processing /opt/airflow/dags/api_schedule_sync_dag.py took 0.042 seconds
[2025-11-09T17:34:49.499+0000] {processor.py:161} INFO - Started process (PID=122) to work on /opt/airflow/dags/api_schedule_sync_dag.py
[2025-11-09T17:34:49.500+0000] {processor.py:830} INFO - Processing file /opt/airflow/dags/api_schedule_sync_dag.py for tasks to queue
[2025-11-09T17:34:49.502+0000] {logging_mixin.py:188} INFO - [2025-11-09T17:34:49.501+0000] {dagbag.py:540} INFO - Filling up the DagBag from /opt/airflow/dags/api_schedule_sync_dag.py
[2025-11-09T17:34:49.515+0000] {logging_mixin.py:188} INFO - [2025-11-09T17:34:49.511+0000] {dagbag.py:350} ERROR - Failed to import: /opt/airflow/dags/api_schedule_sync_dag.py
Traceback (most recent call last):
  File "/home/airflow/.local/lib/python3.12/site-packages/airflow/models/dagbag.py", line 346, in parse
    loader.exec_module(new_module)
  File "<frozen importlib._bootstrap_external>", line 995, in exec_module
  File "<frozen importlib._bootstrap>", line 488, in _call_with_frames_removed
  File "/opt/airflow/dags/api_schedule_sync_dag.py", line 6, in <module>
    from pymongo import MongoClient
ModuleNotFoundError: No module named 'pymongo'
[2025-11-09T17:34:49.516+0000] {processor.py:842} WARNING - No viable dags retrieved from /opt/airflow/dags/api_schedule_sync_dag.py
[2025-11-09T17:34:49.540+0000] {processor.py:183} INFO - Processing /opt/airflow/dags/api_schedule_sync_dag.py took 0.047 seconds
[2025-11-09T17:35:19.838+0000] {processor.py:161} INFO - Started process (PID=125) to work on /opt/airflow/dags/api_schedule_sync_dag.py
[2025-11-09T17:35:19.839+0000] {processor.py:830} INFO - Processing file /opt/airflow/dags/api_schedule_sync_dag.py for tasks to queue
[2025-11-09T17:35:19.841+0000] {logging_mixin.py:188} INFO - [2025-11-09T17:35:19.841+0000] {dagbag.py:540} INFO - Filling up the DagBag from /opt/airflow/dags/api_schedule_sync_dag.py
[2025-11-09T17:35:19.852+0000] {logging_mixin.py:188} INFO - [2025-11-09T17:35:19.849+0000] {dagbag.py:350} ERROR - Failed to import: /opt/airflow/dags/api_schedule_sync_dag.py
Traceback (most recent call last):
  File "/home/airflow/.local/lib/python3.12/site-packages/airflow/models/dagbag.py", line 346, in parse
    loader.exec_module(new_module)
  File "<frozen importlib._bootstrap_external>", line 995, in exec_module
  File "<frozen importlib._bootstrap>", line 488, in _call_with_frames_removed
  File "/opt/airflow/dags/api_schedule_sync_dag.py", line 6, in <module>
    from pymongo import MongoClient
ModuleNotFoundError: No module named 'pymongo'
[2025-11-09T17:35:19.853+0000] {processor.py:842} WARNING - No viable dags retrieved from /opt/airflow/dags/api_schedule_sync_dag.py
[2025-11-09T17:35:19.876+0000] {processor.py:183} INFO - Processing /opt/airflow/dags/api_schedule_sync_dag.py took 0.043 seconds
[2025-11-09T17:35:50.104+0000] {processor.py:161} INFO - Started process (PID=128) to work on /opt/airflow/dags/api_schedule_sync_dag.py
[2025-11-09T17:35:50.105+0000] {processor.py:830} INFO - Processing file /opt/airflow/dags/api_schedule_sync_dag.py for tasks to queue
[2025-11-09T17:35:50.107+0000] {logging_mixin.py:188} INFO - [2025-11-09T17:35:50.106+0000] {dagbag.py:540} INFO - Filling up the DagBag from /opt/airflow/dags/api_schedule_sync_dag.py
[2025-11-09T17:35:50.118+0000] {logging_mixin.py:188} INFO - [2025-11-09T17:35:50.115+0000] {dagbag.py:350} ERROR - Failed to import: /opt/airflow/dags/api_schedule_sync_dag.py
Traceback (most recent call last):
  File "/home/airflow/.local/lib/python3.12/site-packages/airflow/models/dagbag.py", line 346, in parse
    loader.exec_module(new_module)
  File "<frozen importlib._bootstrap_external>", line 995, in exec_module
  File "<frozen importlib._bootstrap>", line 488, in _call_with_frames_removed
  File "/opt/airflow/dags/api_schedule_sync_dag.py", line 6, in <module>
    from pymongo import MongoClient
ModuleNotFoundError: No module named 'pymongo'
[2025-11-09T17:35:50.119+0000] {processor.py:842} WARNING - No viable dags retrieved from /opt/airflow/dags/api_schedule_sync_dag.py
[2025-11-09T17:35:50.140+0000] {processor.py:183} INFO - Processing /opt/airflow/dags/api_schedule_sync_dag.py took 0.041 seconds
[2025-11-09T17:36:20.378+0000] {processor.py:161} INFO - Started process (PID=131) to work on /opt/airflow/dags/api_schedule_sync_dag.py
[2025-11-09T17:36:20.379+0000] {processor.py:830} INFO - Processing file /opt/airflow/dags/api_schedule_sync_dag.py for tasks to queue
[2025-11-09T17:36:20.381+0000] {logging_mixin.py:188} INFO - [2025-11-09T17:36:20.380+0000] {dagbag.py:540} INFO - Filling up the DagBag from /opt/airflow/dags/api_schedule_sync_dag.py
[2025-11-09T17:36:20.391+0000] {logging_mixin.py:188} INFO - [2025-11-09T17:36:20.389+0000] {dagbag.py:350} ERROR - Failed to import: /opt/airflow/dags/api_schedule_sync_dag.py
Traceback (most recent call last):
  File "/home/airflow/.local/lib/python3.12/site-packages/airflow/models/dagbag.py", line 346, in parse
    loader.exec_module(new_module)
  File "<frozen importlib._bootstrap_external>", line 995, in exec_module
  File "<frozen importlib._bootstrap>", line 488, in _call_with_frames_removed
  File "/opt/airflow/dags/api_schedule_sync_dag.py", line 6, in <module>
    from pymongo import MongoClient
ModuleNotFoundError: No module named 'pymongo'
[2025-11-09T17:36:20.392+0000] {processor.py:842} WARNING - No viable dags retrieved from /opt/airflow/dags/api_schedule_sync_dag.py
[2025-11-09T17:36:20.414+0000] {processor.py:183} INFO - Processing /opt/airflow/dags/api_schedule_sync_dag.py took 0.042 seconds
[2025-11-09T17:36:50.654+0000] {processor.py:161} INFO - Started process (PID=134) to work on /opt/airflow/dags/api_schedule_sync_dag.py
[2025-11-09T17:36:50.655+0000] {processor.py:830} INFO - Processing file /opt/airflow/dags/api_schedule_sync_dag.py for tasks to queue
[2025-11-09T17:36:50.657+0000] {logging_mixin.py:188} INFO - [2025-11-09T17:36:50.657+0000] {dagbag.py:540} INFO - Filling up the DagBag from /opt/airflow/dags/api_schedule_sync_dag.py
[2025-11-09T17:36:50.668+0000] {logging_mixin.py:188} INFO - [2025-11-09T17:36:50.665+0000] {dagbag.py:350} ERROR - Failed to import: /opt/airflow/dags/api_schedule_sync_dag.py
Traceback (most recent call last):
  File "/home/airflow/.local/lib/python3.12/site-packages/airflow/models/dagbag.py", line 346, in parse
    loader.exec_module(new_module)
  File "<frozen importlib._bootstrap_external>", line 995, in exec_module
  File "<frozen importlib._bootstrap>", line 488, in _call_with_frames_removed
  File "/opt/airflow/dags/api_schedule_sync_dag.py", line 6, in <module>
    from pymongo import MongoClient
ModuleNotFoundError: No module named 'pymongo'
[2025-11-09T17:36:50.669+0000] {processor.py:842} WARNING - No viable dags retrieved from /opt/airflow/dags/api_schedule_sync_dag.py
[2025-11-09T17:36:50.691+0000] {processor.py:183} INFO - Processing /opt/airflow/dags/api_schedule_sync_dag.py took 0.041 seconds
[2025-11-09T17:37:20.894+0000] {processor.py:161} INFO - Started process (PID=137) to work on /opt/airflow/dags/api_schedule_sync_dag.py
[2025-11-09T17:37:20.895+0000] {processor.py:830} INFO - Processing file /opt/airflow/dags/api_schedule_sync_dag.py for tasks to queue
[2025-11-09T17:37:20.897+0000] {logging_mixin.py:188} INFO - [2025-11-09T17:37:20.897+0000] {dagbag.py:540} INFO - Filling up the DagBag from /opt/airflow/dags/api_schedule_sync_dag.py
[2025-11-09T17:37:20.911+0000] {logging_mixin.py:188} INFO - [2025-11-09T17:37:20.908+0000] {dagbag.py:350} ERROR - Failed to import: /opt/airflow/dags/api_schedule_sync_dag.py
Traceback (most recent call last):
  File "/home/airflow/.local/lib/python3.12/site-packages/airflow/models/dagbag.py", line 346, in parse
    loader.exec_module(new_module)
  File "<frozen importlib._bootstrap_external>", line 995, in exec_module
  File "<frozen importlib._bootstrap>", line 488, in _call_with_frames_removed
  File "/opt/airflow/dags/api_schedule_sync_dag.py", line 6, in <module>
    from pymongo import MongoClient
ModuleNotFoundError: No module named 'pymongo'
[2025-11-09T17:37:20.912+0000] {processor.py:842} WARNING - No viable dags retrieved from /opt/airflow/dags/api_schedule_sync_dag.py
[2025-11-09T17:37:20.939+0000] {processor.py:183} INFO - Processing /opt/airflow/dags/api_schedule_sync_dag.py took 0.051 seconds
[2025-11-09T17:37:51.241+0000] {processor.py:161} INFO - Started process (PID=140) to work on /opt/airflow/dags/api_schedule_sync_dag.py
[2025-11-09T17:37:51.242+0000] {processor.py:830} INFO - Processing file /opt/airflow/dags/api_schedule_sync_dag.py for tasks to queue
[2025-11-09T17:37:51.244+0000] {logging_mixin.py:188} INFO - [2025-11-09T17:37:51.244+0000] {dagbag.py:540} INFO - Filling up the DagBag from /opt/airflow/dags/api_schedule_sync_dag.py
[2025-11-09T17:37:51.256+0000] {logging_mixin.py:188} INFO - [2025-11-09T17:37:51.253+0000] {dagbag.py:350} ERROR - Failed to import: /opt/airflow/dags/api_schedule_sync_dag.py
Traceback (most recent call last):
  File "/home/airflow/.local/lib/python3.12/site-packages/airflow/models/dagbag.py", line 346, in parse
    loader.exec_module(new_module)
  File "<frozen importlib._bootstrap_external>", line 995, in exec_module
  File "<frozen importlib._bootstrap>", line 488, in _call_with_frames_removed
  File "/opt/airflow/dags/api_schedule_sync_dag.py", line 6, in <module>
    from pymongo import MongoClient
ModuleNotFoundError: No module named 'pymongo'
[2025-11-09T17:37:51.257+0000] {processor.py:842} WARNING - No viable dags retrieved from /opt/airflow/dags/api_schedule_sync_dag.py
[2025-11-09T17:37:51.280+0000] {processor.py:183} INFO - Processing /opt/airflow/dags/api_schedule_sync_dag.py took 0.045 seconds
[2025-11-09T17:38:21.537+0000] {processor.py:161} INFO - Started process (PID=143) to work on /opt/airflow/dags/api_schedule_sync_dag.py
[2025-11-09T17:38:21.538+0000] {processor.py:830} INFO - Processing file /opt/airflow/dags/api_schedule_sync_dag.py for tasks to queue
[2025-11-09T17:38:21.539+0000] {logging_mixin.py:188} INFO - [2025-11-09T17:38:21.539+0000] {dagbag.py:540} INFO - Filling up the DagBag from /opt/airflow/dags/api_schedule_sync_dag.py
[2025-11-09T17:38:21.551+0000] {logging_mixin.py:188} INFO - [2025-11-09T17:38:21.548+0000] {dagbag.py:350} ERROR - Failed to import: /opt/airflow/dags/api_schedule_sync_dag.py
Traceback (most recent call last):
  File "/home/airflow/.local/lib/python3.12/site-packages/airflow/models/dagbag.py", line 346, in parse
    loader.exec_module(new_module)
  File "<frozen importlib._bootstrap_external>", line 995, in exec_module
  File "<frozen importlib._bootstrap>", line 488, in _call_with_frames_removed
  File "/opt/airflow/dags/api_schedule_sync_dag.py", line 6, in <module>
    from pymongo import MongoClient
ModuleNotFoundError: No module named 'pymongo'
[2025-11-09T17:38:21.552+0000] {processor.py:842} WARNING - No viable dags retrieved from /opt/airflow/dags/api_schedule_sync_dag.py
[2025-11-09T17:38:21.573+0000] {processor.py:183} INFO - Processing /opt/airflow/dags/api_schedule_sync_dag.py took 0.042 seconds
[2025-11-09T17:38:51.820+0000] {processor.py:161} INFO - Started process (PID=146) to work on /opt/airflow/dags/api_schedule_sync_dag.py
[2025-11-09T17:38:51.821+0000] {processor.py:830} INFO - Processing file /opt/airflow/dags/api_schedule_sync_dag.py for tasks to queue
[2025-11-09T17:38:51.823+0000] {logging_mixin.py:188} INFO - [2025-11-09T17:38:51.823+0000] {dagbag.py:540} INFO - Filling up the DagBag from /opt/airflow/dags/api_schedule_sync_dag.py
[2025-11-09T17:38:51.835+0000] {logging_mixin.py:188} INFO - [2025-11-09T17:38:51.832+0000] {dagbag.py:350} ERROR - Failed to import: /opt/airflow/dags/api_schedule_sync_dag.py
Traceback (most recent call last):
  File "/home/airflow/.local/lib/python3.12/site-packages/airflow/models/dagbag.py", line 346, in parse
    loader.exec_module(new_module)
  File "<frozen importlib._bootstrap_external>", line 995, in exec_module
  File "<frozen importlib._bootstrap>", line 488, in _call_with_frames_removed
  File "/opt/airflow/dags/api_schedule_sync_dag.py", line 6, in <module>
    from pymongo import MongoClient
ModuleNotFoundError: No module named 'pymongo'
[2025-11-09T17:38:51.836+0000] {processor.py:842} WARNING - No viable dags retrieved from /opt/airflow/dags/api_schedule_sync_dag.py
[2025-11-09T17:38:51.857+0000] {processor.py:183} INFO - Processing /opt/airflow/dags/api_schedule_sync_dag.py took 0.042 seconds
[2025-11-09T17:39:22.102+0000] {processor.py:161} INFO - Started process (PID=149) to work on /opt/airflow/dags/api_schedule_sync_dag.py
[2025-11-09T17:39:22.103+0000] {processor.py:830} INFO - Processing file /opt/airflow/dags/api_schedule_sync_dag.py for tasks to queue
[2025-11-09T17:39:22.105+0000] {logging_mixin.py:188} INFO - [2025-11-09T17:39:22.105+0000] {dagbag.py:540} INFO - Filling up the DagBag from /opt/airflow/dags/api_schedule_sync_dag.py
[2025-11-09T17:39:22.117+0000] {logging_mixin.py:188} INFO - [2025-11-09T17:39:22.114+0000] {dagbag.py:350} ERROR - Failed to import: /opt/airflow/dags/api_schedule_sync_dag.py
Traceback (most recent call last):
  File "/home/airflow/.local/lib/python3.12/site-packages/airflow/models/dagbag.py", line 346, in parse
    loader.exec_module(new_module)
  File "<frozen importlib._bootstrap_external>", line 995, in exec_module
  File "<frozen importlib._bootstrap>", line 488, in _call_with_frames_removed
  File "/opt/airflow/dags/api_schedule_sync_dag.py", line 6, in <module>
    from pymongo import MongoClient
ModuleNotFoundError: No module named 'pymongo'
[2025-11-09T17:39:22.118+0000] {processor.py:842} WARNING - No viable dags retrieved from /opt/airflow/dags/api_schedule_sync_dag.py
[2025-11-09T17:39:22.141+0000] {processor.py:183} INFO - Processing /opt/airflow/dags/api_schedule_sync_dag.py took 0.044 seconds
[2025-11-09T17:39:52.369+0000] {processor.py:161} INFO - Started process (PID=152) to work on /opt/airflow/dags/api_schedule_sync_dag.py
[2025-11-09T17:39:52.370+0000] {processor.py:830} INFO - Processing file /opt/airflow/dags/api_schedule_sync_dag.py for tasks to queue
[2025-11-09T17:39:52.372+0000] {logging_mixin.py:188} INFO - [2025-11-09T17:39:52.372+0000] {dagbag.py:540} INFO - Filling up the DagBag from /opt/airflow/dags/api_schedule_sync_dag.py
[2025-11-09T17:39:52.383+0000] {logging_mixin.py:188} INFO - [2025-11-09T17:39:52.380+0000] {dagbag.py:350} ERROR - Failed to import: /opt/airflow/dags/api_schedule_sync_dag.py
Traceback (most recent call last):
  File "/home/airflow/.local/lib/python3.12/site-packages/airflow/models/dagbag.py", line 346, in parse
    loader.exec_module(new_module)
  File "<frozen importlib._bootstrap_external>", line 995, in exec_module
  File "<frozen importlib._bootstrap>", line 488, in _call_with_frames_removed
  File "/opt/airflow/dags/api_schedule_sync_dag.py", line 6, in <module>
    from pymongo import MongoClient
ModuleNotFoundError: No module named 'pymongo'
[2025-11-09T17:39:52.384+0000] {processor.py:842} WARNING - No viable dags retrieved from /opt/airflow/dags/api_schedule_sync_dag.py
[2025-11-09T17:39:52.406+0000] {processor.py:183} INFO - Processing /opt/airflow/dags/api_schedule_sync_dag.py took 0.042 seconds
[2025-11-09T17:40:22.735+0000] {processor.py:161} INFO - Started process (PID=155) to work on /opt/airflow/dags/api_schedule_sync_dag.py
[2025-11-09T17:40:22.736+0000] {processor.py:830} INFO - Processing file /opt/airflow/dags/api_schedule_sync_dag.py for tasks to queue
[2025-11-09T17:40:22.738+0000] {logging_mixin.py:188} INFO - [2025-11-09T17:40:22.738+0000] {dagbag.py:540} INFO - Filling up the DagBag from /opt/airflow/dags/api_schedule_sync_dag.py
[2025-11-09T17:40:22.751+0000] {logging_mixin.py:188} INFO - [2025-11-09T17:40:22.748+0000] {dagbag.py:350} ERROR - Failed to import: /opt/airflow/dags/api_schedule_sync_dag.py
Traceback (most recent call last):
  File "/home/airflow/.local/lib/python3.12/site-packages/airflow/models/dagbag.py", line 346, in parse
    loader.exec_module(new_module)
  File "<frozen importlib._bootstrap_external>", line 995, in exec_module
  File "<frozen importlib._bootstrap>", line 488, in _call_with_frames_removed
  File "/opt/airflow/dags/api_schedule_sync_dag.py", line 6, in <module>
    from pymongo import MongoClient
ModuleNotFoundError: No module named 'pymongo'
[2025-11-09T17:40:22.753+0000] {processor.py:842} WARNING - No viable dags retrieved from /opt/airflow/dags/api_schedule_sync_dag.py
[2025-11-09T17:40:22.783+0000] {processor.py:183} INFO - Processing /opt/airflow/dags/api_schedule_sync_dag.py took 0.055 seconds
[2025-11-09T17:40:53.046+0000] {processor.py:161} INFO - Started process (PID=158) to work on /opt/airflow/dags/api_schedule_sync_dag.py
[2025-11-09T17:40:53.047+0000] {processor.py:830} INFO - Processing file /opt/airflow/dags/api_schedule_sync_dag.py for tasks to queue
[2025-11-09T17:40:53.049+0000] {logging_mixin.py:188} INFO - [2025-11-09T17:40:53.049+0000] {dagbag.py:540} INFO - Filling up the DagBag from /opt/airflow/dags/api_schedule_sync_dag.py
[2025-11-09T17:40:53.062+0000] {logging_mixin.py:188} INFO - [2025-11-09T17:40:53.059+0000] {dagbag.py:350} ERROR - Failed to import: /opt/airflow/dags/api_schedule_sync_dag.py
Traceback (most recent call last):
  File "/home/airflow/.local/lib/python3.12/site-packages/airflow/models/dagbag.py", line 346, in parse
    loader.exec_module(new_module)
  File "<frozen importlib._bootstrap_external>", line 995, in exec_module
  File "<frozen importlib._bootstrap>", line 488, in _call_with_frames_removed
  File "/opt/airflow/dags/api_schedule_sync_dag.py", line 6, in <module>
    from pymongo import MongoClient
ModuleNotFoundError: No module named 'pymongo'
[2025-11-09T17:40:53.063+0000] {processor.py:842} WARNING - No viable dags retrieved from /opt/airflow/dags/api_schedule_sync_dag.py
[2025-11-09T17:40:53.087+0000] {processor.py:183} INFO - Processing /opt/airflow/dags/api_schedule_sync_dag.py took 0.046 seconds
[2025-11-09T17:41:23.342+0000] {processor.py:161} INFO - Started process (PID=161) to work on /opt/airflow/dags/api_schedule_sync_dag.py
[2025-11-09T17:41:23.342+0000] {processor.py:830} INFO - Processing file /opt/airflow/dags/api_schedule_sync_dag.py for tasks to queue
[2025-11-09T17:41:23.344+0000] {logging_mixin.py:188} INFO - [2025-11-09T17:41:23.344+0000] {dagbag.py:540} INFO - Filling up the DagBag from /opt/airflow/dags/api_schedule_sync_dag.py
[2025-11-09T17:41:23.356+0000] {logging_mixin.py:188} INFO - [2025-11-09T17:41:23.353+0000] {dagbag.py:350} ERROR - Failed to import: /opt/airflow/dags/api_schedule_sync_dag.py
Traceback (most recent call last):
  File "/home/airflow/.local/lib/python3.12/site-packages/airflow/models/dagbag.py", line 346, in parse
    loader.exec_module(new_module)
  File "<frozen importlib._bootstrap_external>", line 995, in exec_module
  File "<frozen importlib._bootstrap>", line 488, in _call_with_frames_removed
  File "/opt/airflow/dags/api_schedule_sync_dag.py", line 6, in <module>
    from pymongo import MongoClient
ModuleNotFoundError: No module named 'pymongo'
[2025-11-09T17:41:23.357+0000] {processor.py:842} WARNING - No viable dags retrieved from /opt/airflow/dags/api_schedule_sync_dag.py
[2025-11-09T17:41:23.379+0000] {processor.py:183} INFO - Processing /opt/airflow/dags/api_schedule_sync_dag.py took 0.043 seconds
[2025-11-09T17:41:53.735+0000] {processor.py:161} INFO - Started process (PID=164) to work on /opt/airflow/dags/api_schedule_sync_dag.py
[2025-11-09T17:41:53.737+0000] {processor.py:830} INFO - Processing file /opt/airflow/dags/api_schedule_sync_dag.py for tasks to queue
[2025-11-09T17:41:53.743+0000] {logging_mixin.py:188} INFO - [2025-11-09T17:41:53.743+0000] {dagbag.py:540} INFO - Filling up the DagBag from /opt/airflow/dags/api_schedule_sync_dag.py
[2025-11-09T17:41:53.771+0000] {logging_mixin.py:188} INFO - [2025-11-09T17:41:53.765+0000] {dagbag.py:350} ERROR - Failed to import: /opt/airflow/dags/api_schedule_sync_dag.py
Traceback (most recent call last):
  File "/home/airflow/.local/lib/python3.12/site-packages/airflow/models/dagbag.py", line 346, in parse
    loader.exec_module(new_module)
  File "<frozen importlib._bootstrap_external>", line 995, in exec_module
  File "<frozen importlib._bootstrap>", line 488, in _call_with_frames_removed
  File "/opt/airflow/dags/api_schedule_sync_dag.py", line 6, in <module>
    from pymongo import MongoClient
ModuleNotFoundError: No module named 'pymongo'
[2025-11-09T17:41:53.774+0000] {processor.py:842} WARNING - No viable dags retrieved from /opt/airflow/dags/api_schedule_sync_dag.py
[2025-11-09T17:41:53.827+0000] {processor.py:183} INFO - Processing /opt/airflow/dags/api_schedule_sync_dag.py took 0.103 seconds
[2025-11-09T17:42:24.010+0000] {processor.py:161} INFO - Started process (PID=167) to work on /opt/airflow/dags/api_schedule_sync_dag.py
[2025-11-09T17:42:24.011+0000] {processor.py:830} INFO - Processing file /opt/airflow/dags/api_schedule_sync_dag.py for tasks to queue
[2025-11-09T17:42:24.013+0000] {logging_mixin.py:188} INFO - [2025-11-09T17:42:24.012+0000] {dagbag.py:540} INFO - Filling up the DagBag from /opt/airflow/dags/api_schedule_sync_dag.py
[2025-11-09T17:42:24.024+0000] {logging_mixin.py:188} INFO - [2025-11-09T17:42:24.022+0000] {dagbag.py:350} ERROR - Failed to import: /opt/airflow/dags/api_schedule_sync_dag.py
Traceback (most recent call last):
  File "/home/airflow/.local/lib/python3.12/site-packages/airflow/models/dagbag.py", line 346, in parse
    loader.exec_module(new_module)
  File "<frozen importlib._bootstrap_external>", line 995, in exec_module
  File "<frozen importlib._bootstrap>", line 488, in _call_with_frames_removed
  File "/opt/airflow/dags/api_schedule_sync_dag.py", line 6, in <module>
    from pymongo import MongoClient
ModuleNotFoundError: No module named 'pymongo'
[2025-11-09T17:42:24.026+0000] {processor.py:842} WARNING - No viable dags retrieved from /opt/airflow/dags/api_schedule_sync_dag.py
[2025-11-09T17:42:24.047+0000] {processor.py:183} INFO - Processing /opt/airflow/dags/api_schedule_sync_dag.py took 0.043 seconds
[2025-11-09T17:42:54.319+0000] {processor.py:161} INFO - Started process (PID=170) to work on /opt/airflow/dags/api_schedule_sync_dag.py
[2025-11-09T17:42:54.320+0000] {processor.py:830} INFO - Processing file /opt/airflow/dags/api_schedule_sync_dag.py for tasks to queue
[2025-11-09T17:42:54.322+0000] {logging_mixin.py:188} INFO - [2025-11-09T17:42:54.322+0000] {dagbag.py:540} INFO - Filling up the DagBag from /opt/airflow/dags/api_schedule_sync_dag.py
[2025-11-09T17:42:54.334+0000] {logging_mixin.py:188} INFO - [2025-11-09T17:42:54.332+0000] {dagbag.py:350} ERROR - Failed to import: /opt/airflow/dags/api_schedule_sync_dag.py
Traceback (most recent call last):
  File "/home/airflow/.local/lib/python3.12/site-packages/airflow/models/dagbag.py", line 346, in parse
    loader.exec_module(new_module)
  File "<frozen importlib._bootstrap_external>", line 995, in exec_module
  File "<frozen importlib._bootstrap>", line 488, in _call_with_frames_removed
  File "/opt/airflow/dags/api_schedule_sync_dag.py", line 6, in <module>
    from pymongo import MongoClient
ModuleNotFoundError: No module named 'pymongo'
[2025-11-09T17:42:54.336+0000] {processor.py:842} WARNING - No viable dags retrieved from /opt/airflow/dags/api_schedule_sync_dag.py
[2025-11-09T17:42:54.359+0000] {processor.py:183} INFO - Processing /opt/airflow/dags/api_schedule_sync_dag.py took 0.046 seconds
[2025-11-09T17:43:24.609+0000] {processor.py:161} INFO - Started process (PID=173) to work on /opt/airflow/dags/api_schedule_sync_dag.py
[2025-11-09T17:43:24.610+0000] {processor.py:830} INFO - Processing file /opt/airflow/dags/api_schedule_sync_dag.py for tasks to queue
[2025-11-09T17:43:24.612+0000] {logging_mixin.py:188} INFO - [2025-11-09T17:43:24.611+0000] {dagbag.py:540} INFO - Filling up the DagBag from /opt/airflow/dags/api_schedule_sync_dag.py
[2025-11-09T17:43:24.623+0000] {logging_mixin.py:188} INFO - [2025-11-09T17:43:24.620+0000] {dagbag.py:350} ERROR - Failed to import: /opt/airflow/dags/api_schedule_sync_dag.py
Traceback (most recent call last):
  File "/home/airflow/.local/lib/python3.12/site-packages/airflow/models/dagbag.py", line 346, in parse
    loader.exec_module(new_module)
  File "<frozen importlib._bootstrap_external>", line 995, in exec_module
  File "<frozen importlib._bootstrap>", line 488, in _call_with_frames_removed
  File "/opt/airflow/dags/api_schedule_sync_dag.py", line 6, in <module>
    from pymongo import MongoClient
ModuleNotFoundError: No module named 'pymongo'
[2025-11-09T17:43:24.623+0000] {processor.py:842} WARNING - No viable dags retrieved from /opt/airflow/dags/api_schedule_sync_dag.py
[2025-11-09T17:43:24.646+0000] {processor.py:183} INFO - Processing /opt/airflow/dags/api_schedule_sync_dag.py took 0.042 seconds
[2025-11-09T17:43:54.883+0000] {processor.py:161} INFO - Started process (PID=176) to work on /opt/airflow/dags/api_schedule_sync_dag.py
[2025-11-09T17:43:54.884+0000] {processor.py:830} INFO - Processing file /opt/airflow/dags/api_schedule_sync_dag.py for tasks to queue
[2025-11-09T17:43:54.886+0000] {logging_mixin.py:188} INFO - [2025-11-09T17:43:54.885+0000] {dagbag.py:540} INFO - Filling up the DagBag from /opt/airflow/dags/api_schedule_sync_dag.py
[2025-11-09T17:43:54.898+0000] {logging_mixin.py:188} INFO - [2025-11-09T17:43:54.895+0000] {dagbag.py:350} ERROR - Failed to import: /opt/airflow/dags/api_schedule_sync_dag.py
Traceback (most recent call last):
  File "/home/airflow/.local/lib/python3.12/site-packages/airflow/models/dagbag.py", line 346, in parse
    loader.exec_module(new_module)
  File "<frozen importlib._bootstrap_external>", line 995, in exec_module
  File "<frozen importlib._bootstrap>", line 488, in _call_with_frames_removed
  File "/opt/airflow/dags/api_schedule_sync_dag.py", line 6, in <module>
    from pymongo import MongoClient
ModuleNotFoundError: No module named 'pymongo'
[2025-11-09T17:43:54.899+0000] {processor.py:842} WARNING - No viable dags retrieved from /opt/airflow/dags/api_schedule_sync_dag.py
[2025-11-09T17:43:54.922+0000] {processor.py:183} INFO - Processing /opt/airflow/dags/api_schedule_sync_dag.py took 0.045 seconds
[2025-11-09T17:44:25.159+0000] {processor.py:161} INFO - Started process (PID=179) to work on /opt/airflow/dags/api_schedule_sync_dag.py
[2025-11-09T17:44:25.160+0000] {processor.py:830} INFO - Processing file /opt/airflow/dags/api_schedule_sync_dag.py for tasks to queue
[2025-11-09T17:44:25.162+0000] {logging_mixin.py:188} INFO - [2025-11-09T17:44:25.161+0000] {dagbag.py:540} INFO - Filling up the DagBag from /opt/airflow/dags/api_schedule_sync_dag.py
[2025-11-09T17:44:25.172+0000] {logging_mixin.py:188} INFO - [2025-11-09T17:44:25.170+0000] {dagbag.py:350} ERROR - Failed to import: /opt/airflow/dags/api_schedule_sync_dag.py
Traceback (most recent call last):
  File "/home/airflow/.local/lib/python3.12/site-packages/airflow/models/dagbag.py", line 346, in parse
    loader.exec_module(new_module)
  File "<frozen importlib._bootstrap_external>", line 995, in exec_module
  File "<frozen importlib._bootstrap>", line 488, in _call_with_frames_removed
  File "/opt/airflow/dags/api_schedule_sync_dag.py", line 6, in <module>
    from pymongo import MongoClient
ModuleNotFoundError: No module named 'pymongo'
[2025-11-09T17:44:25.173+0000] {processor.py:842} WARNING - No viable dags retrieved from /opt/airflow/dags/api_schedule_sync_dag.py
[2025-11-09T17:44:25.197+0000] {processor.py:183} INFO - Processing /opt/airflow/dags/api_schedule_sync_dag.py took 0.044 seconds
[2025-11-09T17:44:55.480+0000] {processor.py:161} INFO - Started process (PID=182) to work on /opt/airflow/dags/api_schedule_sync_dag.py
[2025-11-09T17:44:55.482+0000] {processor.py:830} INFO - Processing file /opt/airflow/dags/api_schedule_sync_dag.py for tasks to queue
[2025-11-09T17:44:55.485+0000] {logging_mixin.py:188} INFO - [2025-11-09T17:44:55.484+0000] {dagbag.py:540} INFO - Filling up the DagBag from /opt/airflow/dags/api_schedule_sync_dag.py
[2025-11-09T17:44:55.515+0000] {logging_mixin.py:188} INFO - [2025-11-09T17:44:55.510+0000] {dagbag.py:350} ERROR - Failed to import: /opt/airflow/dags/api_schedule_sync_dag.py
Traceback (most recent call last):
  File "/home/airflow/.local/lib/python3.12/site-packages/airflow/models/dagbag.py", line 346, in parse
    loader.exec_module(new_module)
  File "<frozen importlib._bootstrap_external>", line 995, in exec_module
  File "<frozen importlib._bootstrap>", line 488, in _call_with_frames_removed
  File "/opt/airflow/dags/api_schedule_sync_dag.py", line 6, in <module>
    from pymongo import MongoClient
ModuleNotFoundError: No module named 'pymongo'
[2025-11-09T17:44:55.517+0000] {processor.py:842} WARNING - No viable dags retrieved from /opt/airflow/dags/api_schedule_sync_dag.py
[2025-11-09T17:44:55.551+0000] {processor.py:183} INFO - Processing /opt/airflow/dags/api_schedule_sync_dag.py took 0.083 seconds
[2025-11-09T17:45:25.840+0000] {processor.py:161} INFO - Started process (PID=185) to work on /opt/airflow/dags/api_schedule_sync_dag.py
[2025-11-09T17:45:25.842+0000] {processor.py:830} INFO - Processing file /opt/airflow/dags/api_schedule_sync_dag.py for tasks to queue
[2025-11-09T17:45:25.846+0000] {logging_mixin.py:188} INFO - [2025-11-09T17:45:25.845+0000] {dagbag.py:540} INFO - Filling up the DagBag from /opt/airflow/dags/api_schedule_sync_dag.py
[2025-11-09T17:45:25.873+0000] {logging_mixin.py:188} INFO - [2025-11-09T17:45:25.867+0000] {dagbag.py:350} ERROR - Failed to import: /opt/airflow/dags/api_schedule_sync_dag.py
Traceback (most recent call last):
  File "/home/airflow/.local/lib/python3.12/site-packages/airflow/models/dagbag.py", line 346, in parse
    loader.exec_module(new_module)
  File "<frozen importlib._bootstrap_external>", line 995, in exec_module
  File "<frozen importlib._bootstrap>", line 488, in _call_with_frames_removed
  File "/opt/airflow/dags/api_schedule_sync_dag.py", line 6, in <module>
    from pymongo import MongoClient
ModuleNotFoundError: No module named 'pymongo'
[2025-11-09T17:45:25.877+0000] {processor.py:842} WARNING - No viable dags retrieved from /opt/airflow/dags/api_schedule_sync_dag.py
[2025-11-09T17:45:25.939+0000] {processor.py:183} INFO - Processing /opt/airflow/dags/api_schedule_sync_dag.py took 0.108 seconds
[2025-11-09T17:45:56.050+0000] {processor.py:161} INFO - Started process (PID=188) to work on /opt/airflow/dags/api_schedule_sync_dag.py
[2025-11-09T17:45:56.051+0000] {processor.py:830} INFO - Processing file /opt/airflow/dags/api_schedule_sync_dag.py for tasks to queue
[2025-11-09T17:45:56.053+0000] {logging_mixin.py:188} INFO - [2025-11-09T17:45:56.053+0000] {dagbag.py:540} INFO - Filling up the DagBag from /opt/airflow/dags/api_schedule_sync_dag.py
[2025-11-09T17:45:56.065+0000] {logging_mixin.py:188} INFO - [2025-11-09T17:45:56.062+0000] {dagbag.py:350} ERROR - Failed to import: /opt/airflow/dags/api_schedule_sync_dag.py
Traceback (most recent call last):
  File "/home/airflow/.local/lib/python3.12/site-packages/airflow/models/dagbag.py", line 346, in parse
    loader.exec_module(new_module)
  File "<frozen importlib._bootstrap_external>", line 995, in exec_module
  File "<frozen importlib._bootstrap>", line 488, in _call_with_frames_removed
  File "/opt/airflow/dags/api_schedule_sync_dag.py", line 6, in <module>
    from pymongo import MongoClient
ModuleNotFoundError: No module named 'pymongo'
[2025-11-09T17:45:56.066+0000] {processor.py:842} WARNING - No viable dags retrieved from /opt/airflow/dags/api_schedule_sync_dag.py
[2025-11-09T17:45:56.088+0000] {processor.py:183} INFO - Processing /opt/airflow/dags/api_schedule_sync_dag.py took 0.043 seconds
