[2025-11-09T17:20:07.204+0000] {processor.py:161} INFO - Started process (PID=34) to work on /opt/airflow/dags/api_execution_dag.py
[2025-11-09T17:20:07.205+0000] {processor.py:830} INFO - Processing file /opt/airflow/dags/api_execution_dag.py for tasks to queue
[2025-11-09T17:20:07.207+0000] {logging_mixin.py:188} INFO - [2025-11-09T17:20:07.206+0000] {dagbag.py:540} INFO - Filling up the DagBag from /opt/airflow/dags/api_execution_dag.py
[2025-11-09T17:20:07.224+0000] {logging_mixin.py:188} INFO - [2025-11-09T17:20:07.221+0000] {dagbag.py:350} ERROR - Failed to import: /opt/airflow/dags/api_execution_dag.py
Traceback (most recent call last):
  File "/home/airflow/.local/lib/python3.12/site-packages/airflow/models/dagbag.py", line 346, in parse
    loader.exec_module(new_module)
  File "<frozen importlib._bootstrap_external>", line 995, in exec_module
  File "<frozen importlib._bootstrap>", line 488, in _call_with_frames_removed
  File "/opt/airflow/dags/api_execution_dag.py", line 8, in <module>
    from pymongo import MongoClient
ModuleNotFoundError: No module named 'pymongo'
[2025-11-09T17:20:07.226+0000] {processor.py:842} WARNING - No viable dags retrieved from /opt/airflow/dags/api_execution_dag.py
[2025-11-09T17:20:07.249+0000] {processor.py:183} INFO - Processing /opt/airflow/dags/api_execution_dag.py took 0.050 seconds
[2025-11-09T17:20:37.561+0000] {processor.py:161} INFO - Started process (PID=37) to work on /opt/airflow/dags/api_execution_dag.py
[2025-11-09T17:20:37.562+0000] {processor.py:830} INFO - Processing file /opt/airflow/dags/api_execution_dag.py for tasks to queue
[2025-11-09T17:20:37.565+0000] {logging_mixin.py:188} INFO - [2025-11-09T17:20:37.564+0000] {dagbag.py:540} INFO - Filling up the DagBag from /opt/airflow/dags/api_execution_dag.py
[2025-11-09T17:20:37.586+0000] {logging_mixin.py:188} INFO - [2025-11-09T17:20:37.582+0000] {dagbag.py:350} ERROR - Failed to import: /opt/airflow/dags/api_execution_dag.py
Traceback (most recent call last):
  File "/home/airflow/.local/lib/python3.12/site-packages/airflow/models/dagbag.py", line 346, in parse
    loader.exec_module(new_module)
  File "<frozen importlib._bootstrap_external>", line 995, in exec_module
  File "<frozen importlib._bootstrap>", line 488, in _call_with_frames_removed
  File "/opt/airflow/dags/api_execution_dag.py", line 8, in <module>
    from pymongo import MongoClient
ModuleNotFoundError: No module named 'pymongo'
[2025-11-09T17:20:37.588+0000] {processor.py:842} WARNING - No viable dags retrieved from /opt/airflow/dags/api_execution_dag.py
[2025-11-09T17:20:37.621+0000] {processor.py:183} INFO - Processing /opt/airflow/dags/api_execution_dag.py took 0.070 seconds
[2025-11-09T17:21:07.859+0000] {processor.py:161} INFO - Started process (PID=40) to work on /opt/airflow/dags/api_execution_dag.py
[2025-11-09T17:21:07.859+0000] {processor.py:830} INFO - Processing file /opt/airflow/dags/api_execution_dag.py for tasks to queue
[2025-11-09T17:21:07.861+0000] {logging_mixin.py:188} INFO - [2025-11-09T17:21:07.861+0000] {dagbag.py:540} INFO - Filling up the DagBag from /opt/airflow/dags/api_execution_dag.py
[2025-11-09T17:21:07.874+0000] {logging_mixin.py:188} INFO - [2025-11-09T17:21:07.871+0000] {dagbag.py:350} ERROR - Failed to import: /opt/airflow/dags/api_execution_dag.py
Traceback (most recent call last):
  File "/home/airflow/.local/lib/python3.12/site-packages/airflow/models/dagbag.py", line 346, in parse
    loader.exec_module(new_module)
  File "<frozen importlib._bootstrap_external>", line 995, in exec_module
  File "<frozen importlib._bootstrap>", line 488, in _call_with_frames_removed
  File "/opt/airflow/dags/api_execution_dag.py", line 8, in <module>
    from pymongo import MongoClient
ModuleNotFoundError: No module named 'pymongo'
[2025-11-09T17:21:07.875+0000] {processor.py:842} WARNING - No viable dags retrieved from /opt/airflow/dags/api_execution_dag.py
[2025-11-09T17:21:07.901+0000] {processor.py:183} INFO - Processing /opt/airflow/dags/api_execution_dag.py took 0.048 seconds
[2025-11-09T17:21:38.180+0000] {processor.py:161} INFO - Started process (PID=43) to work on /opt/airflow/dags/api_execution_dag.py
[2025-11-09T17:21:38.181+0000] {processor.py:830} INFO - Processing file /opt/airflow/dags/api_execution_dag.py for tasks to queue
[2025-11-09T17:21:38.184+0000] {logging_mixin.py:188} INFO - [2025-11-09T17:21:38.184+0000] {dagbag.py:540} INFO - Filling up the DagBag from /opt/airflow/dags/api_execution_dag.py
[2025-11-09T17:21:38.208+0000] {logging_mixin.py:188} INFO - [2025-11-09T17:21:38.202+0000] {dagbag.py:350} ERROR - Failed to import: /opt/airflow/dags/api_execution_dag.py
Traceback (most recent call last):
  File "/home/airflow/.local/lib/python3.12/site-packages/airflow/models/dagbag.py", line 346, in parse
    loader.exec_module(new_module)
  File "<frozen importlib._bootstrap_external>", line 995, in exec_module
  File "<frozen importlib._bootstrap>", line 488, in _call_with_frames_removed
  File "/opt/airflow/dags/api_execution_dag.py", line 8, in <module>
    from pymongo import MongoClient
ModuleNotFoundError: No module named 'pymongo'
[2025-11-09T17:21:38.210+0000] {processor.py:842} WARNING - No viable dags retrieved from /opt/airflow/dags/api_execution_dag.py
[2025-11-09T17:21:38.255+0000] {processor.py:183} INFO - Processing /opt/airflow/dags/api_execution_dag.py took 0.087 seconds
[2025-11-09T17:22:08.539+0000] {processor.py:161} INFO - Started process (PID=46) to work on /opt/airflow/dags/api_execution_dag.py
[2025-11-09T17:22:08.540+0000] {processor.py:830} INFO - Processing file /opt/airflow/dags/api_execution_dag.py for tasks to queue
[2025-11-09T17:22:08.543+0000] {logging_mixin.py:188} INFO - [2025-11-09T17:22:08.543+0000] {dagbag.py:540} INFO - Filling up the DagBag from /opt/airflow/dags/api_execution_dag.py
[2025-11-09T17:22:08.563+0000] {logging_mixin.py:188} INFO - [2025-11-09T17:22:08.558+0000] {dagbag.py:350} ERROR - Failed to import: /opt/airflow/dags/api_execution_dag.py
Traceback (most recent call last):
  File "/home/airflow/.local/lib/python3.12/site-packages/airflow/models/dagbag.py", line 346, in parse
    loader.exec_module(new_module)
  File "<frozen importlib._bootstrap_external>", line 995, in exec_module
  File "<frozen importlib._bootstrap>", line 488, in _call_with_frames_removed
  File "/opt/airflow/dags/api_execution_dag.py", line 8, in <module>
    from pymongo import MongoClient
ModuleNotFoundError: No module named 'pymongo'
[2025-11-09T17:22:08.565+0000] {processor.py:842} WARNING - No viable dags retrieved from /opt/airflow/dags/api_execution_dag.py
[2025-11-09T17:22:08.599+0000] {processor.py:183} INFO - Processing /opt/airflow/dags/api_execution_dag.py took 0.070 seconds
[2025-11-09T17:22:38.834+0000] {processor.py:161} INFO - Started process (PID=49) to work on /opt/airflow/dags/api_execution_dag.py
[2025-11-09T17:22:38.835+0000] {processor.py:830} INFO - Processing file /opt/airflow/dags/api_execution_dag.py for tasks to queue
[2025-11-09T17:22:38.837+0000] {logging_mixin.py:188} INFO - [2025-11-09T17:22:38.837+0000] {dagbag.py:540} INFO - Filling up the DagBag from /opt/airflow/dags/api_execution_dag.py
[2025-11-09T17:22:38.855+0000] {logging_mixin.py:188} INFO - [2025-11-09T17:22:38.848+0000] {dagbag.py:350} ERROR - Failed to import: /opt/airflow/dags/api_execution_dag.py
Traceback (most recent call last):
  File "/home/airflow/.local/lib/python3.12/site-packages/airflow/models/dagbag.py", line 346, in parse
    loader.exec_module(new_module)
  File "<frozen importlib._bootstrap_external>", line 995, in exec_module
  File "<frozen importlib._bootstrap>", line 488, in _call_with_frames_removed
  File "/opt/airflow/dags/api_execution_dag.py", line 8, in <module>
    from pymongo import MongoClient
ModuleNotFoundError: No module named 'pymongo'
[2025-11-09T17:22:38.856+0000] {processor.py:842} WARNING - No viable dags retrieved from /opt/airflow/dags/api_execution_dag.py
[2025-11-09T17:22:38.887+0000] {processor.py:183} INFO - Processing /opt/airflow/dags/api_execution_dag.py took 0.060 seconds
[2025-11-09T17:23:09.132+0000] {processor.py:161} INFO - Started process (PID=52) to work on /opt/airflow/dags/api_execution_dag.py
[2025-11-09T17:23:09.133+0000] {processor.py:830} INFO - Processing file /opt/airflow/dags/api_execution_dag.py for tasks to queue
[2025-11-09T17:23:09.135+0000] {logging_mixin.py:188} INFO - [2025-11-09T17:23:09.135+0000] {dagbag.py:540} INFO - Filling up the DagBag from /opt/airflow/dags/api_execution_dag.py
[2025-11-09T17:23:09.152+0000] {logging_mixin.py:188} INFO - [2025-11-09T17:23:09.148+0000] {dagbag.py:350} ERROR - Failed to import: /opt/airflow/dags/api_execution_dag.py
Traceback (most recent call last):
  File "/home/airflow/.local/lib/python3.12/site-packages/airflow/models/dagbag.py", line 346, in parse
    loader.exec_module(new_module)
  File "<frozen importlib._bootstrap_external>", line 995, in exec_module
  File "<frozen importlib._bootstrap>", line 488, in _call_with_frames_removed
  File "/opt/airflow/dags/api_execution_dag.py", line 8, in <module>
    from pymongo import MongoClient
ModuleNotFoundError: No module named 'pymongo'
[2025-11-09T17:23:09.154+0000] {processor.py:842} WARNING - No viable dags retrieved from /opt/airflow/dags/api_execution_dag.py
[2025-11-09T17:23:09.184+0000] {processor.py:183} INFO - Processing /opt/airflow/dags/api_execution_dag.py took 0.059 seconds
[2025-11-09T17:23:39.406+0000] {processor.py:161} INFO - Started process (PID=55) to work on /opt/airflow/dags/api_execution_dag.py
[2025-11-09T17:23:39.407+0000] {processor.py:830} INFO - Processing file /opt/airflow/dags/api_execution_dag.py for tasks to queue
[2025-11-09T17:23:39.409+0000] {logging_mixin.py:188} INFO - [2025-11-09T17:23:39.408+0000] {dagbag.py:540} INFO - Filling up the DagBag from /opt/airflow/dags/api_execution_dag.py
[2025-11-09T17:23:39.422+0000] {logging_mixin.py:188} INFO - [2025-11-09T17:23:39.419+0000] {dagbag.py:350} ERROR - Failed to import: /opt/airflow/dags/api_execution_dag.py
Traceback (most recent call last):
  File "/home/airflow/.local/lib/python3.12/site-packages/airflow/models/dagbag.py", line 346, in parse
    loader.exec_module(new_module)
  File "<frozen importlib._bootstrap_external>", line 995, in exec_module
  File "<frozen importlib._bootstrap>", line 488, in _call_with_frames_removed
  File "/opt/airflow/dags/api_execution_dag.py", line 8, in <module>
    from pymongo import MongoClient
ModuleNotFoundError: No module named 'pymongo'
[2025-11-09T17:23:39.423+0000] {processor.py:842} WARNING - No viable dags retrieved from /opt/airflow/dags/api_execution_dag.py
[2025-11-09T17:23:39.450+0000] {processor.py:183} INFO - Processing /opt/airflow/dags/api_execution_dag.py took 0.050 seconds
[2025-11-09T17:24:09.724+0000] {processor.py:161} INFO - Started process (PID=58) to work on /opt/airflow/dags/api_execution_dag.py
[2025-11-09T17:24:09.725+0000] {processor.py:830} INFO - Processing file /opt/airflow/dags/api_execution_dag.py for tasks to queue
[2025-11-09T17:24:09.727+0000] {logging_mixin.py:188} INFO - [2025-11-09T17:24:09.727+0000] {dagbag.py:540} INFO - Filling up the DagBag from /opt/airflow/dags/api_execution_dag.py
[2025-11-09T17:24:09.743+0000] {logging_mixin.py:188} INFO - [2025-11-09T17:24:09.739+0000] {dagbag.py:350} ERROR - Failed to import: /opt/airflow/dags/api_execution_dag.py
Traceback (most recent call last):
  File "/home/airflow/.local/lib/python3.12/site-packages/airflow/models/dagbag.py", line 346, in parse
    loader.exec_module(new_module)
  File "<frozen importlib._bootstrap_external>", line 995, in exec_module
  File "<frozen importlib._bootstrap>", line 488, in _call_with_frames_removed
  File "/opt/airflow/dags/api_execution_dag.py", line 8, in <module>
    from pymongo import MongoClient
ModuleNotFoundError: No module named 'pymongo'
[2025-11-09T17:24:09.745+0000] {processor.py:842} WARNING - No viable dags retrieved from /opt/airflow/dags/api_execution_dag.py
[2025-11-09T17:24:09.778+0000] {processor.py:183} INFO - Processing /opt/airflow/dags/api_execution_dag.py took 0.059 seconds
[2025-11-09T17:24:40.005+0000] {processor.py:161} INFO - Started process (PID=61) to work on /opt/airflow/dags/api_execution_dag.py
[2025-11-09T17:24:40.005+0000] {processor.py:830} INFO - Processing file /opt/airflow/dags/api_execution_dag.py for tasks to queue
[2025-11-09T17:24:40.008+0000] {logging_mixin.py:188} INFO - [2025-11-09T17:24:40.008+0000] {dagbag.py:540} INFO - Filling up the DagBag from /opt/airflow/dags/api_execution_dag.py
[2025-11-09T17:24:40.022+0000] {logging_mixin.py:188} INFO - [2025-11-09T17:24:40.018+0000] {dagbag.py:350} ERROR - Failed to import: /opt/airflow/dags/api_execution_dag.py
Traceback (most recent call last):
  File "/home/airflow/.local/lib/python3.12/site-packages/airflow/models/dagbag.py", line 346, in parse
    loader.exec_module(new_module)
  File "<frozen importlib._bootstrap_external>", line 995, in exec_module
  File "<frozen importlib._bootstrap>", line 488, in _call_with_frames_removed
  File "/opt/airflow/dags/api_execution_dag.py", line 8, in <module>
    from pymongo import MongoClient
ModuleNotFoundError: No module named 'pymongo'
[2025-11-09T17:24:40.023+0000] {processor.py:842} WARNING - No viable dags retrieved from /opt/airflow/dags/api_execution_dag.py
[2025-11-09T17:24:40.051+0000] {processor.py:183} INFO - Processing /opt/airflow/dags/api_execution_dag.py took 0.053 seconds
[2025-11-09T17:25:10.506+0000] {processor.py:161} INFO - Started process (PID=64) to work on /opt/airflow/dags/api_execution_dag.py
[2025-11-09T17:25:10.508+0000] {processor.py:830} INFO - Processing file /opt/airflow/dags/api_execution_dag.py for tasks to queue
[2025-11-09T17:25:10.512+0000] {logging_mixin.py:188} INFO - [2025-11-09T17:25:10.511+0000] {dagbag.py:540} INFO - Filling up the DagBag from /opt/airflow/dags/api_execution_dag.py
[2025-11-09T17:25:10.564+0000] {logging_mixin.py:188} INFO - [2025-11-09T17:25:10.549+0000] {dagbag.py:350} ERROR - Failed to import: /opt/airflow/dags/api_execution_dag.py
Traceback (most recent call last):
  File "/home/airflow/.local/lib/python3.12/site-packages/airflow/models/dagbag.py", line 346, in parse
    loader.exec_module(new_module)
  File "<frozen importlib._bootstrap_external>", line 995, in exec_module
  File "<frozen importlib._bootstrap>", line 488, in _call_with_frames_removed
  File "/opt/airflow/dags/api_execution_dag.py", line 8, in <module>
    from pymongo import MongoClient
ModuleNotFoundError: No module named 'pymongo'
[2025-11-09T17:25:10.571+0000] {processor.py:842} WARNING - No viable dags retrieved from /opt/airflow/dags/api_execution_dag.py
[2025-11-09T17:25:10.626+0000] {processor.py:183} INFO - Processing /opt/airflow/dags/api_execution_dag.py took 0.134 seconds
[2025-11-09T17:25:41.030+0000] {processor.py:161} INFO - Started process (PID=67) to work on /opt/airflow/dags/api_execution_dag.py
[2025-11-09T17:25:41.031+0000] {processor.py:830} INFO - Processing file /opt/airflow/dags/api_execution_dag.py for tasks to queue
[2025-11-09T17:25:41.033+0000] {logging_mixin.py:188} INFO - [2025-11-09T17:25:41.033+0000] {dagbag.py:540} INFO - Filling up the DagBag from /opt/airflow/dags/api_execution_dag.py
[2025-11-09T17:25:41.082+0000] {logging_mixin.py:188} INFO - [2025-11-09T17:25:41.059+0000] {dagbag.py:350} ERROR - Failed to import: /opt/airflow/dags/api_execution_dag.py
Traceback (most recent call last):
  File "/home/airflow/.local/lib/python3.12/site-packages/airflow/models/dagbag.py", line 346, in parse
    loader.exec_module(new_module)
  File "<frozen importlib._bootstrap_external>", line 995, in exec_module
  File "<frozen importlib._bootstrap>", line 488, in _call_with_frames_removed
  File "/opt/airflow/dags/api_execution_dag.py", line 8, in <module>
    from pymongo import MongoClient
ModuleNotFoundError: No module named 'pymongo'
[2025-11-09T17:25:41.086+0000] {processor.py:842} WARNING - No viable dags retrieved from /opt/airflow/dags/api_execution_dag.py
[2025-11-09T17:25:41.139+0000] {processor.py:183} INFO - Processing /opt/airflow/dags/api_execution_dag.py took 0.116 seconds
[2025-11-09T17:26:11.439+0000] {processor.py:161} INFO - Started process (PID=70) to work on /opt/airflow/dags/api_execution_dag.py
[2025-11-09T17:26:11.440+0000] {processor.py:830} INFO - Processing file /opt/airflow/dags/api_execution_dag.py for tasks to queue
[2025-11-09T17:26:11.442+0000] {logging_mixin.py:188} INFO - [2025-11-09T17:26:11.442+0000] {dagbag.py:540} INFO - Filling up the DagBag from /opt/airflow/dags/api_execution_dag.py
[2025-11-09T17:26:11.468+0000] {logging_mixin.py:188} INFO - [2025-11-09T17:26:11.461+0000] {dagbag.py:350} ERROR - Failed to import: /opt/airflow/dags/api_execution_dag.py
Traceback (most recent call last):
  File "/home/airflow/.local/lib/python3.12/site-packages/airflow/models/dagbag.py", line 346, in parse
    loader.exec_module(new_module)
  File "<frozen importlib._bootstrap_external>", line 995, in exec_module
  File "<frozen importlib._bootstrap>", line 488, in _call_with_frames_removed
  File "/opt/airflow/dags/api_execution_dag.py", line 8, in <module>
    from pymongo import MongoClient
ModuleNotFoundError: No module named 'pymongo'
[2025-11-09T17:26:11.474+0000] {processor.py:842} WARNING - No viable dags retrieved from /opt/airflow/dags/api_execution_dag.py
[2025-11-09T17:26:11.508+0000] {processor.py:183} INFO - Processing /opt/airflow/dags/api_execution_dag.py took 0.075 seconds
[2025-11-09T17:26:42.521+0000] {processor.py:161} INFO - Started process (PID=73) to work on /opt/airflow/dags/api_execution_dag.py
[2025-11-09T17:26:42.574+0000] {processor.py:830} INFO - Processing file /opt/airflow/dags/api_execution_dag.py for tasks to queue
[2025-11-09T17:26:42.623+0000] {logging_mixin.py:188} INFO - [2025-11-09T17:26:42.620+0000] {dagbag.py:540} INFO - Filling up the DagBag from /opt/airflow/dags/api_execution_dag.py
[2025-11-09T17:26:42.771+0000] {logging_mixin.py:188} INFO - [2025-11-09T17:26:42.712+0000] {dagbag.py:350} ERROR - Failed to import: /opt/airflow/dags/api_execution_dag.py
Traceback (most recent call last):
  File "/home/airflow/.local/lib/python3.12/site-packages/airflow/models/dagbag.py", line 346, in parse
    loader.exec_module(new_module)
  File "<frozen importlib._bootstrap_external>", line 995, in exec_module
  File "<frozen importlib._bootstrap>", line 488, in _call_with_frames_removed
  File "/opt/airflow/dags/api_execution_dag.py", line 8, in <module>
    from pymongo import MongoClient
ModuleNotFoundError: No module named 'pymongo'
[2025-11-09T17:26:42.820+0000] {processor.py:842} WARNING - No viable dags retrieved from /opt/airflow/dags/api_execution_dag.py
[2025-11-09T17:26:43.134+0000] {processor.py:183} INFO - Processing /opt/airflow/dags/api_execution_dag.py took 0.709 seconds
[2025-11-09T17:27:13.672+0000] {processor.py:161} INFO - Started process (PID=76) to work on /opt/airflow/dags/api_execution_dag.py
[2025-11-09T17:27:13.675+0000] {processor.py:830} INFO - Processing file /opt/airflow/dags/api_execution_dag.py for tasks to queue
[2025-11-09T17:27:13.692+0000] {logging_mixin.py:188} INFO - [2025-11-09T17:27:13.691+0000] {dagbag.py:540} INFO - Filling up the DagBag from /opt/airflow/dags/api_execution_dag.py
[2025-11-09T17:27:13.740+0000] {logging_mixin.py:188} INFO - [2025-11-09T17:27:13.731+0000] {dagbag.py:350} ERROR - Failed to import: /opt/airflow/dags/api_execution_dag.py
Traceback (most recent call last):
  File "/home/airflow/.local/lib/python3.12/site-packages/airflow/models/dagbag.py", line 346, in parse
    loader.exec_module(new_module)
  File "<frozen importlib._bootstrap_external>", line 995, in exec_module
  File "<frozen importlib._bootstrap>", line 488, in _call_with_frames_removed
  File "/opt/airflow/dags/api_execution_dag.py", line 8, in <module>
    from pymongo import MongoClient
ModuleNotFoundError: No module named 'pymongo'
[2025-11-09T17:27:13.753+0000] {processor.py:842} WARNING - No viable dags retrieved from /opt/airflow/dags/api_execution_dag.py
[2025-11-09T17:27:13.840+0000] {processor.py:183} INFO - Processing /opt/airflow/dags/api_execution_dag.py took 0.190 seconds
[2025-11-09T17:27:44.499+0000] {processor.py:161} INFO - Started process (PID=79) to work on /opt/airflow/dags/api_execution_dag.py
[2025-11-09T17:27:44.500+0000] {processor.py:830} INFO - Processing file /opt/airflow/dags/api_execution_dag.py for tasks to queue
[2025-11-09T17:27:44.503+0000] {logging_mixin.py:188} INFO - [2025-11-09T17:27:44.502+0000] {dagbag.py:540} INFO - Filling up the DagBag from /opt/airflow/dags/api_execution_dag.py
[2025-11-09T17:27:44.521+0000] {logging_mixin.py:188} INFO - [2025-11-09T17:27:44.516+0000] {dagbag.py:350} ERROR - Failed to import: /opt/airflow/dags/api_execution_dag.py
Traceback (most recent call last):
  File "/home/airflow/.local/lib/python3.12/site-packages/airflow/models/dagbag.py", line 346, in parse
    loader.exec_module(new_module)
  File "<frozen importlib._bootstrap_external>", line 995, in exec_module
  File "<frozen importlib._bootstrap>", line 488, in _call_with_frames_removed
  File "/opt/airflow/dags/api_execution_dag.py", line 8, in <module>
    from pymongo import MongoClient
ModuleNotFoundError: No module named 'pymongo'
[2025-11-09T17:27:44.523+0000] {processor.py:842} WARNING - No viable dags retrieved from /opt/airflow/dags/api_execution_dag.py
[2025-11-09T17:27:44.580+0000] {processor.py:183} INFO - Processing /opt/airflow/dags/api_execution_dag.py took 0.088 seconds
[2025-11-09T17:28:14.728+0000] {processor.py:161} INFO - Started process (PID=82) to work on /opt/airflow/dags/api_execution_dag.py
[2025-11-09T17:28:14.729+0000] {processor.py:830} INFO - Processing file /opt/airflow/dags/api_execution_dag.py for tasks to queue
[2025-11-09T17:28:14.732+0000] {logging_mixin.py:188} INFO - [2025-11-09T17:28:14.732+0000] {dagbag.py:540} INFO - Filling up the DagBag from /opt/airflow/dags/api_execution_dag.py
[2025-11-09T17:28:14.754+0000] {logging_mixin.py:188} INFO - [2025-11-09T17:28:14.747+0000] {dagbag.py:350} ERROR - Failed to import: /opt/airflow/dags/api_execution_dag.py
Traceback (most recent call last):
  File "/home/airflow/.local/lib/python3.12/site-packages/airflow/models/dagbag.py", line 346, in parse
    loader.exec_module(new_module)
  File "<frozen importlib._bootstrap_external>", line 995, in exec_module
  File "<frozen importlib._bootstrap>", line 488, in _call_with_frames_removed
  File "/opt/airflow/dags/api_execution_dag.py", line 8, in <module>
    from pymongo import MongoClient
ModuleNotFoundError: No module named 'pymongo'
[2025-11-09T17:28:14.756+0000] {processor.py:842} WARNING - No viable dags retrieved from /opt/airflow/dags/api_execution_dag.py
[2025-11-09T17:28:14.790+0000] {processor.py:183} INFO - Processing /opt/airflow/dags/api_execution_dag.py took 0.071 seconds
[2025-11-09T17:28:45.097+0000] {processor.py:161} INFO - Started process (PID=85) to work on /opt/airflow/dags/api_execution_dag.py
[2025-11-09T17:28:45.098+0000] {processor.py:830} INFO - Processing file /opt/airflow/dags/api_execution_dag.py for tasks to queue
[2025-11-09T17:28:45.101+0000] {logging_mixin.py:188} INFO - [2025-11-09T17:28:45.101+0000] {dagbag.py:540} INFO - Filling up the DagBag from /opt/airflow/dags/api_execution_dag.py
[2025-11-09T17:28:45.121+0000] {logging_mixin.py:188} INFO - [2025-11-09T17:28:45.115+0000] {dagbag.py:350} ERROR - Failed to import: /opt/airflow/dags/api_execution_dag.py
Traceback (most recent call last):
  File "/home/airflow/.local/lib/python3.12/site-packages/airflow/models/dagbag.py", line 346, in parse
    loader.exec_module(new_module)
  File "<frozen importlib._bootstrap_external>", line 995, in exec_module
  File "<frozen importlib._bootstrap>", line 488, in _call_with_frames_removed
  File "/opt/airflow/dags/api_execution_dag.py", line 8, in <module>
    from pymongo import MongoClient
ModuleNotFoundError: No module named 'pymongo'
[2025-11-09T17:28:45.123+0000] {processor.py:842} WARNING - No viable dags retrieved from /opt/airflow/dags/api_execution_dag.py
[2025-11-09T17:28:45.165+0000] {processor.py:183} INFO - Processing /opt/airflow/dags/api_execution_dag.py took 0.077 seconds
[2025-11-09T17:29:15.419+0000] {processor.py:161} INFO - Started process (PID=88) to work on /opt/airflow/dags/api_execution_dag.py
[2025-11-09T17:29:15.420+0000] {processor.py:830} INFO - Processing file /opt/airflow/dags/api_execution_dag.py for tasks to queue
[2025-11-09T17:29:15.423+0000] {logging_mixin.py:188} INFO - [2025-11-09T17:29:15.422+0000] {dagbag.py:540} INFO - Filling up the DagBag from /opt/airflow/dags/api_execution_dag.py
[2025-11-09T17:29:15.437+0000] {logging_mixin.py:188} INFO - [2025-11-09T17:29:15.433+0000] {dagbag.py:350} ERROR - Failed to import: /opt/airflow/dags/api_execution_dag.py
Traceback (most recent call last):
  File "/home/airflow/.local/lib/python3.12/site-packages/airflow/models/dagbag.py", line 346, in parse
    loader.exec_module(new_module)
  File "<frozen importlib._bootstrap_external>", line 995, in exec_module
  File "<frozen importlib._bootstrap>", line 488, in _call_with_frames_removed
  File "/opt/airflow/dags/api_execution_dag.py", line 8, in <module>
    from pymongo import MongoClient
ModuleNotFoundError: No module named 'pymongo'
[2025-11-09T17:29:15.441+0000] {processor.py:842} WARNING - No viable dags retrieved from /opt/airflow/dags/api_execution_dag.py
[2025-11-09T17:29:15.470+0000] {processor.py:183} INFO - Processing /opt/airflow/dags/api_execution_dag.py took 0.058 seconds
[2025-11-09T17:29:45.703+0000] {processor.py:161} INFO - Started process (PID=91) to work on /opt/airflow/dags/api_execution_dag.py
[2025-11-09T17:29:45.704+0000] {processor.py:830} INFO - Processing file /opt/airflow/dags/api_execution_dag.py for tasks to queue
[2025-11-09T17:29:45.706+0000] {logging_mixin.py:188} INFO - [2025-11-09T17:29:45.706+0000] {dagbag.py:540} INFO - Filling up the DagBag from /opt/airflow/dags/api_execution_dag.py
[2025-11-09T17:29:45.718+0000] {logging_mixin.py:188} INFO - [2025-11-09T17:29:45.715+0000] {dagbag.py:350} ERROR - Failed to import: /opt/airflow/dags/api_execution_dag.py
Traceback (most recent call last):
  File "/home/airflow/.local/lib/python3.12/site-packages/airflow/models/dagbag.py", line 346, in parse
    loader.exec_module(new_module)
  File "<frozen importlib._bootstrap_external>", line 995, in exec_module
  File "<frozen importlib._bootstrap>", line 488, in _call_with_frames_removed
  File "/opt/airflow/dags/api_execution_dag.py", line 8, in <module>
    from pymongo import MongoClient
ModuleNotFoundError: No module named 'pymongo'
[2025-11-09T17:29:45.719+0000] {processor.py:842} WARNING - No viable dags retrieved from /opt/airflow/dags/api_execution_dag.py
[2025-11-09T17:29:45.745+0000] {processor.py:183} INFO - Processing /opt/airflow/dags/api_execution_dag.py took 0.048 seconds
[2025-11-09T17:30:16.004+0000] {processor.py:161} INFO - Started process (PID=94) to work on /opt/airflow/dags/api_execution_dag.py
[2025-11-09T17:30:16.005+0000] {processor.py:830} INFO - Processing file /opt/airflow/dags/api_execution_dag.py for tasks to queue
[2025-11-09T17:30:16.007+0000] {logging_mixin.py:188} INFO - [2025-11-09T17:30:16.006+0000] {dagbag.py:540} INFO - Filling up the DagBag from /opt/airflow/dags/api_execution_dag.py
[2025-11-09T17:30:16.018+0000] {logging_mixin.py:188} INFO - [2025-11-09T17:30:16.015+0000] {dagbag.py:350} ERROR - Failed to import: /opt/airflow/dags/api_execution_dag.py
Traceback (most recent call last):
  File "/home/airflow/.local/lib/python3.12/site-packages/airflow/models/dagbag.py", line 346, in parse
    loader.exec_module(new_module)
  File "<frozen importlib._bootstrap_external>", line 995, in exec_module
  File "<frozen importlib._bootstrap>", line 488, in _call_with_frames_removed
  File "/opt/airflow/dags/api_execution_dag.py", line 8, in <module>
    from pymongo import MongoClient
ModuleNotFoundError: No module named 'pymongo'
[2025-11-09T17:30:16.019+0000] {processor.py:842} WARNING - No viable dags retrieved from /opt/airflow/dags/api_execution_dag.py
[2025-11-09T17:30:16.042+0000] {processor.py:183} INFO - Processing /opt/airflow/dags/api_execution_dag.py took 0.043 seconds
[2025-11-09T17:30:46.272+0000] {processor.py:161} INFO - Started process (PID=97) to work on /opt/airflow/dags/api_execution_dag.py
[2025-11-09T17:30:46.274+0000] {processor.py:830} INFO - Processing file /opt/airflow/dags/api_execution_dag.py for tasks to queue
[2025-11-09T17:30:46.276+0000] {logging_mixin.py:188} INFO - [2025-11-09T17:30:46.276+0000] {dagbag.py:540} INFO - Filling up the DagBag from /opt/airflow/dags/api_execution_dag.py
[2025-11-09T17:30:46.291+0000] {logging_mixin.py:188} INFO - [2025-11-09T17:30:46.288+0000] {dagbag.py:350} ERROR - Failed to import: /opt/airflow/dags/api_execution_dag.py
Traceback (most recent call last):
  File "/home/airflow/.local/lib/python3.12/site-packages/airflow/models/dagbag.py", line 346, in parse
    loader.exec_module(new_module)
  File "<frozen importlib._bootstrap_external>", line 995, in exec_module
  File "<frozen importlib._bootstrap>", line 488, in _call_with_frames_removed
  File "/opt/airflow/dags/api_execution_dag.py", line 8, in <module>
    from pymongo import MongoClient
ModuleNotFoundError: No module named 'pymongo'
[2025-11-09T17:30:46.293+0000] {processor.py:842} WARNING - No viable dags retrieved from /opt/airflow/dags/api_execution_dag.py
[2025-11-09T17:30:46.324+0000] {processor.py:183} INFO - Processing /opt/airflow/dags/api_execution_dag.py took 0.060 seconds
[2025-11-09T17:31:16.559+0000] {processor.py:161} INFO - Started process (PID=100) to work on /opt/airflow/dags/api_execution_dag.py
[2025-11-09T17:31:16.560+0000] {processor.py:830} INFO - Processing file /opt/airflow/dags/api_execution_dag.py for tasks to queue
[2025-11-09T17:31:16.562+0000] {logging_mixin.py:188} INFO - [2025-11-09T17:31:16.561+0000] {dagbag.py:540} INFO - Filling up the DagBag from /opt/airflow/dags/api_execution_dag.py
[2025-11-09T17:31:16.573+0000] {logging_mixin.py:188} INFO - [2025-11-09T17:31:16.570+0000] {dagbag.py:350} ERROR - Failed to import: /opt/airflow/dags/api_execution_dag.py
Traceback (most recent call last):
  File "/home/airflow/.local/lib/python3.12/site-packages/airflow/models/dagbag.py", line 346, in parse
    loader.exec_module(new_module)
  File "<frozen importlib._bootstrap_external>", line 995, in exec_module
  File "<frozen importlib._bootstrap>", line 488, in _call_with_frames_removed
  File "/opt/airflow/dags/api_execution_dag.py", line 8, in <module>
    from pymongo import MongoClient
ModuleNotFoundError: No module named 'pymongo'
[2025-11-09T17:31:16.574+0000] {processor.py:842} WARNING - No viable dags retrieved from /opt/airflow/dags/api_execution_dag.py
[2025-11-09T17:31:16.597+0000] {processor.py:183} INFO - Processing /opt/airflow/dags/api_execution_dag.py took 0.042 seconds
[2025-11-09T17:31:46.817+0000] {processor.py:161} INFO - Started process (PID=103) to work on /opt/airflow/dags/api_execution_dag.py
[2025-11-09T17:31:46.817+0000] {processor.py:830} INFO - Processing file /opt/airflow/dags/api_execution_dag.py for tasks to queue
[2025-11-09T17:31:46.819+0000] {logging_mixin.py:188} INFO - [2025-11-09T17:31:46.819+0000] {dagbag.py:540} INFO - Filling up the DagBag from /opt/airflow/dags/api_execution_dag.py
[2025-11-09T17:31:46.833+0000] {logging_mixin.py:188} INFO - [2025-11-09T17:31:46.828+0000] {dagbag.py:350} ERROR - Failed to import: /opt/airflow/dags/api_execution_dag.py
Traceback (most recent call last):
  File "/home/airflow/.local/lib/python3.12/site-packages/airflow/models/dagbag.py", line 346, in parse
    loader.exec_module(new_module)
  File "<frozen importlib._bootstrap_external>", line 995, in exec_module
  File "<frozen importlib._bootstrap>", line 488, in _call_with_frames_removed
  File "/opt/airflow/dags/api_execution_dag.py", line 8, in <module>
    from pymongo import MongoClient
ModuleNotFoundError: No module named 'pymongo'
[2025-11-09T17:31:46.836+0000] {processor.py:842} WARNING - No viable dags retrieved from /opt/airflow/dags/api_execution_dag.py
[2025-11-09T17:31:46.859+0000] {processor.py:183} INFO - Processing /opt/airflow/dags/api_execution_dag.py took 0.047 seconds
[2025-11-09T17:32:17.086+0000] {processor.py:161} INFO - Started process (PID=106) to work on /opt/airflow/dags/api_execution_dag.py
[2025-11-09T17:32:17.087+0000] {processor.py:830} INFO - Processing file /opt/airflow/dags/api_execution_dag.py for tasks to queue
[2025-11-09T17:32:17.089+0000] {logging_mixin.py:188} INFO - [2025-11-09T17:32:17.089+0000] {dagbag.py:540} INFO - Filling up the DagBag from /opt/airflow/dags/api_execution_dag.py
[2025-11-09T17:32:17.102+0000] {logging_mixin.py:188} INFO - [2025-11-09T17:32:17.098+0000] {dagbag.py:350} ERROR - Failed to import: /opt/airflow/dags/api_execution_dag.py
Traceback (most recent call last):
  File "/home/airflow/.local/lib/python3.12/site-packages/airflow/models/dagbag.py", line 346, in parse
    loader.exec_module(new_module)
  File "<frozen importlib._bootstrap_external>", line 995, in exec_module
  File "<frozen importlib._bootstrap>", line 488, in _call_with_frames_removed
  File "/opt/airflow/dags/api_execution_dag.py", line 8, in <module>
    from pymongo import MongoClient
ModuleNotFoundError: No module named 'pymongo'
[2025-11-09T17:32:17.105+0000] {processor.py:842} WARNING - No viable dags retrieved from /opt/airflow/dags/api_execution_dag.py
[2025-11-09T17:32:17.130+0000] {processor.py:183} INFO - Processing /opt/airflow/dags/api_execution_dag.py took 0.049 seconds
[2025-11-09T17:32:47.372+0000] {processor.py:161} INFO - Started process (PID=109) to work on /opt/airflow/dags/api_execution_dag.py
[2025-11-09T17:32:47.373+0000] {processor.py:830} INFO - Processing file /opt/airflow/dags/api_execution_dag.py for tasks to queue
[2025-11-09T17:32:47.375+0000] {logging_mixin.py:188} INFO - [2025-11-09T17:32:47.374+0000] {dagbag.py:540} INFO - Filling up the DagBag from /opt/airflow/dags/api_execution_dag.py
[2025-11-09T17:32:47.387+0000] {logging_mixin.py:188} INFO - [2025-11-09T17:32:47.384+0000] {dagbag.py:350} ERROR - Failed to import: /opt/airflow/dags/api_execution_dag.py
Traceback (most recent call last):
  File "/home/airflow/.local/lib/python3.12/site-packages/airflow/models/dagbag.py", line 346, in parse
    loader.exec_module(new_module)
  File "<frozen importlib._bootstrap_external>", line 995, in exec_module
  File "<frozen importlib._bootstrap>", line 488, in _call_with_frames_removed
  File "/opt/airflow/dags/api_execution_dag.py", line 8, in <module>
    from pymongo import MongoClient
ModuleNotFoundError: No module named 'pymongo'
[2025-11-09T17:32:47.389+0000] {processor.py:842} WARNING - No viable dags retrieved from /opt/airflow/dags/api_execution_dag.py
[2025-11-09T17:32:47.425+0000] {processor.py:183} INFO - Processing /opt/airflow/dags/api_execution_dag.py took 0.059 seconds
[2025-11-09T17:33:17.653+0000] {processor.py:161} INFO - Started process (PID=112) to work on /opt/airflow/dags/api_execution_dag.py
[2025-11-09T17:33:17.654+0000] {processor.py:830} INFO - Processing file /opt/airflow/dags/api_execution_dag.py for tasks to queue
[2025-11-09T17:33:17.656+0000] {logging_mixin.py:188} INFO - [2025-11-09T17:33:17.656+0000] {dagbag.py:540} INFO - Filling up the DagBag from /opt/airflow/dags/api_execution_dag.py
[2025-11-09T17:33:17.668+0000] {logging_mixin.py:188} INFO - [2025-11-09T17:33:17.665+0000] {dagbag.py:350} ERROR - Failed to import: /opt/airflow/dags/api_execution_dag.py
Traceback (most recent call last):
  File "/home/airflow/.local/lib/python3.12/site-packages/airflow/models/dagbag.py", line 346, in parse
    loader.exec_module(new_module)
  File "<frozen importlib._bootstrap_external>", line 995, in exec_module
  File "<frozen importlib._bootstrap>", line 488, in _call_with_frames_removed
  File "/opt/airflow/dags/api_execution_dag.py", line 8, in <module>
    from pymongo import MongoClient
ModuleNotFoundError: No module named 'pymongo'
[2025-11-09T17:33:17.670+0000] {processor.py:842} WARNING - No viable dags retrieved from /opt/airflow/dags/api_execution_dag.py
[2025-11-09T17:33:17.693+0000] {processor.py:183} INFO - Processing /opt/airflow/dags/api_execution_dag.py took 0.045 seconds
[2025-11-09T17:33:47.917+0000] {processor.py:161} INFO - Started process (PID=115) to work on /opt/airflow/dags/api_execution_dag.py
[2025-11-09T17:33:47.918+0000] {processor.py:830} INFO - Processing file /opt/airflow/dags/api_execution_dag.py for tasks to queue
[2025-11-09T17:33:47.920+0000] {logging_mixin.py:188} INFO - [2025-11-09T17:33:47.919+0000] {dagbag.py:540} INFO - Filling up the DagBag from /opt/airflow/dags/api_execution_dag.py
[2025-11-09T17:33:47.931+0000] {logging_mixin.py:188} INFO - [2025-11-09T17:33:47.928+0000] {dagbag.py:350} ERROR - Failed to import: /opt/airflow/dags/api_execution_dag.py
Traceback (most recent call last):
  File "/home/airflow/.local/lib/python3.12/site-packages/airflow/models/dagbag.py", line 346, in parse
    loader.exec_module(new_module)
  File "<frozen importlib._bootstrap_external>", line 995, in exec_module
  File "<frozen importlib._bootstrap>", line 488, in _call_with_frames_removed
  File "/opt/airflow/dags/api_execution_dag.py", line 8, in <module>
    from pymongo import MongoClient
ModuleNotFoundError: No module named 'pymongo'
[2025-11-09T17:33:47.932+0000] {processor.py:842} WARNING - No viable dags retrieved from /opt/airflow/dags/api_execution_dag.py
[2025-11-09T17:33:47.960+0000] {processor.py:183} INFO - Processing /opt/airflow/dags/api_execution_dag.py took 0.049 seconds
[2025-11-09T17:34:18.203+0000] {processor.py:161} INFO - Started process (PID=118) to work on /opt/airflow/dags/api_execution_dag.py
[2025-11-09T17:34:18.204+0000] {processor.py:830} INFO - Processing file /opt/airflow/dags/api_execution_dag.py for tasks to queue
[2025-11-09T17:34:18.206+0000] {logging_mixin.py:188} INFO - [2025-11-09T17:34:18.206+0000] {dagbag.py:540} INFO - Filling up the DagBag from /opt/airflow/dags/api_execution_dag.py
[2025-11-09T17:34:18.220+0000] {logging_mixin.py:188} INFO - [2025-11-09T17:34:18.216+0000] {dagbag.py:350} ERROR - Failed to import: /opt/airflow/dags/api_execution_dag.py
Traceback (most recent call last):
  File "/home/airflow/.local/lib/python3.12/site-packages/airflow/models/dagbag.py", line 346, in parse
    loader.exec_module(new_module)
  File "<frozen importlib._bootstrap_external>", line 995, in exec_module
  File "<frozen importlib._bootstrap>", line 488, in _call_with_frames_removed
  File "/opt/airflow/dags/api_execution_dag.py", line 8, in <module>
    from pymongo import MongoClient
ModuleNotFoundError: No module named 'pymongo'
[2025-11-09T17:34:18.221+0000] {processor.py:842} WARNING - No viable dags retrieved from /opt/airflow/dags/api_execution_dag.py
[2025-11-09T17:34:18.246+0000] {processor.py:183} INFO - Processing /opt/airflow/dags/api_execution_dag.py took 0.048 seconds
[2025-11-09T17:34:48.476+0000] {processor.py:161} INFO - Started process (PID=121) to work on /opt/airflow/dags/api_execution_dag.py
[2025-11-09T17:34:48.477+0000] {processor.py:830} INFO - Processing file /opt/airflow/dags/api_execution_dag.py for tasks to queue
[2025-11-09T17:34:48.479+0000] {logging_mixin.py:188} INFO - [2025-11-09T17:34:48.478+0000] {dagbag.py:540} INFO - Filling up the DagBag from /opt/airflow/dags/api_execution_dag.py
[2025-11-09T17:34:48.491+0000] {logging_mixin.py:188} INFO - [2025-11-09T17:34:48.488+0000] {dagbag.py:350} ERROR - Failed to import: /opt/airflow/dags/api_execution_dag.py
Traceback (most recent call last):
  File "/home/airflow/.local/lib/python3.12/site-packages/airflow/models/dagbag.py", line 346, in parse
    loader.exec_module(new_module)
  File "<frozen importlib._bootstrap_external>", line 995, in exec_module
  File "<frozen importlib._bootstrap>", line 488, in _call_with_frames_removed
  File "/opt/airflow/dags/api_execution_dag.py", line 8, in <module>
    from pymongo import MongoClient
ModuleNotFoundError: No module named 'pymongo'
[2025-11-09T17:34:48.493+0000] {processor.py:842} WARNING - No viable dags retrieved from /opt/airflow/dags/api_execution_dag.py
[2025-11-09T17:34:48.517+0000] {processor.py:183} INFO - Processing /opt/airflow/dags/api_execution_dag.py took 0.046 seconds
[2025-11-09T17:35:18.768+0000] {processor.py:161} INFO - Started process (PID=124) to work on /opt/airflow/dags/api_execution_dag.py
[2025-11-09T17:35:18.769+0000] {processor.py:830} INFO - Processing file /opt/airflow/dags/api_execution_dag.py for tasks to queue
[2025-11-09T17:35:18.771+0000] {logging_mixin.py:188} INFO - [2025-11-09T17:35:18.771+0000] {dagbag.py:540} INFO - Filling up the DagBag from /opt/airflow/dags/api_execution_dag.py
[2025-11-09T17:35:18.783+0000] {logging_mixin.py:188} INFO - [2025-11-09T17:35:18.780+0000] {dagbag.py:350} ERROR - Failed to import: /opt/airflow/dags/api_execution_dag.py
Traceback (most recent call last):
  File "/home/airflow/.local/lib/python3.12/site-packages/airflow/models/dagbag.py", line 346, in parse
    loader.exec_module(new_module)
  File "<frozen importlib._bootstrap_external>", line 995, in exec_module
  File "<frozen importlib._bootstrap>", line 488, in _call_with_frames_removed
  File "/opt/airflow/dags/api_execution_dag.py", line 8, in <module>
    from pymongo import MongoClient
ModuleNotFoundError: No module named 'pymongo'
[2025-11-09T17:35:18.784+0000] {processor.py:842} WARNING - No viable dags retrieved from /opt/airflow/dags/api_execution_dag.py
[2025-11-09T17:35:18.809+0000] {processor.py:183} INFO - Processing /opt/airflow/dags/api_execution_dag.py took 0.045 seconds
[2025-11-09T17:35:49.034+0000] {processor.py:161} INFO - Started process (PID=127) to work on /opt/airflow/dags/api_execution_dag.py
[2025-11-09T17:35:49.035+0000] {processor.py:830} INFO - Processing file /opt/airflow/dags/api_execution_dag.py for tasks to queue
[2025-11-09T17:35:49.037+0000] {logging_mixin.py:188} INFO - [2025-11-09T17:35:49.037+0000] {dagbag.py:540} INFO - Filling up the DagBag from /opt/airflow/dags/api_execution_dag.py
[2025-11-09T17:35:49.049+0000] {logging_mixin.py:188} INFO - [2025-11-09T17:35:49.046+0000] {dagbag.py:350} ERROR - Failed to import: /opt/airflow/dags/api_execution_dag.py
Traceback (most recent call last):
  File "/home/airflow/.local/lib/python3.12/site-packages/airflow/models/dagbag.py", line 346, in parse
    loader.exec_module(new_module)
  File "<frozen importlib._bootstrap_external>", line 995, in exec_module
  File "<frozen importlib._bootstrap>", line 488, in _call_with_frames_removed
  File "/opt/airflow/dags/api_execution_dag.py", line 8, in <module>
    from pymongo import MongoClient
ModuleNotFoundError: No module named 'pymongo'
[2025-11-09T17:35:49.050+0000] {processor.py:842} WARNING - No viable dags retrieved from /opt/airflow/dags/api_execution_dag.py
[2025-11-09T17:35:49.072+0000] {processor.py:183} INFO - Processing /opt/airflow/dags/api_execution_dag.py took 0.043 seconds
[2025-11-09T17:36:19.305+0000] {processor.py:161} INFO - Started process (PID=130) to work on /opt/airflow/dags/api_execution_dag.py
[2025-11-09T17:36:19.306+0000] {processor.py:830} INFO - Processing file /opt/airflow/dags/api_execution_dag.py for tasks to queue
[2025-11-09T17:36:19.308+0000] {logging_mixin.py:188} INFO - [2025-11-09T17:36:19.308+0000] {dagbag.py:540} INFO - Filling up the DagBag from /opt/airflow/dags/api_execution_dag.py
[2025-11-09T17:36:19.321+0000] {logging_mixin.py:188} INFO - [2025-11-09T17:36:19.318+0000] {dagbag.py:350} ERROR - Failed to import: /opt/airflow/dags/api_execution_dag.py
Traceback (most recent call last):
  File "/home/airflow/.local/lib/python3.12/site-packages/airflow/models/dagbag.py", line 346, in parse
    loader.exec_module(new_module)
  File "<frozen importlib._bootstrap_external>", line 995, in exec_module
  File "<frozen importlib._bootstrap>", line 488, in _call_with_frames_removed
  File "/opt/airflow/dags/api_execution_dag.py", line 8, in <module>
    from pymongo import MongoClient
ModuleNotFoundError: No module named 'pymongo'
[2025-11-09T17:36:19.322+0000] {processor.py:842} WARNING - No viable dags retrieved from /opt/airflow/dags/api_execution_dag.py
[2025-11-09T17:36:19.346+0000] {processor.py:183} INFO - Processing /opt/airflow/dags/api_execution_dag.py took 0.047 seconds
[2025-11-09T17:36:49.583+0000] {processor.py:161} INFO - Started process (PID=133) to work on /opt/airflow/dags/api_execution_dag.py
[2025-11-09T17:36:49.584+0000] {processor.py:830} INFO - Processing file /opt/airflow/dags/api_execution_dag.py for tasks to queue
[2025-11-09T17:36:49.586+0000] {logging_mixin.py:188} INFO - [2025-11-09T17:36:49.586+0000] {dagbag.py:540} INFO - Filling up the DagBag from /opt/airflow/dags/api_execution_dag.py
[2025-11-09T17:36:49.600+0000] {logging_mixin.py:188} INFO - [2025-11-09T17:36:49.597+0000] {dagbag.py:350} ERROR - Failed to import: /opt/airflow/dags/api_execution_dag.py
Traceback (most recent call last):
  File "/home/airflow/.local/lib/python3.12/site-packages/airflow/models/dagbag.py", line 346, in parse
    loader.exec_module(new_module)
  File "<frozen importlib._bootstrap_external>", line 995, in exec_module
  File "<frozen importlib._bootstrap>", line 488, in _call_with_frames_removed
  File "/opt/airflow/dags/api_execution_dag.py", line 8, in <module>
    from pymongo import MongoClient
ModuleNotFoundError: No module named 'pymongo'
[2025-11-09T17:36:49.601+0000] {processor.py:842} WARNING - No viable dags retrieved from /opt/airflow/dags/api_execution_dag.py
[2025-11-09T17:36:49.625+0000] {processor.py:183} INFO - Processing /opt/airflow/dags/api_execution_dag.py took 0.047 seconds
[2025-11-09T17:37:19.871+0000] {processor.py:161} INFO - Started process (PID=136) to work on /opt/airflow/dags/api_execution_dag.py
[2025-11-09T17:37:19.873+0000] {processor.py:830} INFO - Processing file /opt/airflow/dags/api_execution_dag.py for tasks to queue
[2025-11-09T17:37:19.875+0000] {logging_mixin.py:188} INFO - [2025-11-09T17:37:19.875+0000] {dagbag.py:540} INFO - Filling up the DagBag from /opt/airflow/dags/api_execution_dag.py
[2025-11-09T17:37:19.892+0000] {logging_mixin.py:188} INFO - [2025-11-09T17:37:19.887+0000] {dagbag.py:350} ERROR - Failed to import: /opt/airflow/dags/api_execution_dag.py
Traceback (most recent call last):
  File "/home/airflow/.local/lib/python3.12/site-packages/airflow/models/dagbag.py", line 346, in parse
    loader.exec_module(new_module)
  File "<frozen importlib._bootstrap_external>", line 995, in exec_module
  File "<frozen importlib._bootstrap>", line 488, in _call_with_frames_removed
  File "/opt/airflow/dags/api_execution_dag.py", line 8, in <module>
    from pymongo import MongoClient
ModuleNotFoundError: No module named 'pymongo'
[2025-11-09T17:37:19.894+0000] {processor.py:842} WARNING - No viable dags retrieved from /opt/airflow/dags/api_execution_dag.py
[2025-11-09T17:37:19.929+0000] {processor.py:183} INFO - Processing /opt/airflow/dags/api_execution_dag.py took 0.067 seconds
[2025-11-09T17:37:50.166+0000] {processor.py:161} INFO - Started process (PID=139) to work on /opt/airflow/dags/api_execution_dag.py
[2025-11-09T17:37:50.167+0000] {processor.py:830} INFO - Processing file /opt/airflow/dags/api_execution_dag.py for tasks to queue
[2025-11-09T17:37:50.169+0000] {logging_mixin.py:188} INFO - [2025-11-09T17:37:50.169+0000] {dagbag.py:540} INFO - Filling up the DagBag from /opt/airflow/dags/api_execution_dag.py
[2025-11-09T17:37:50.187+0000] {logging_mixin.py:188} INFO - [2025-11-09T17:37:50.181+0000] {dagbag.py:350} ERROR - Failed to import: /opt/airflow/dags/api_execution_dag.py
Traceback (most recent call last):
  File "/home/airflow/.local/lib/python3.12/site-packages/airflow/models/dagbag.py", line 346, in parse
    loader.exec_module(new_module)
  File "<frozen importlib._bootstrap_external>", line 995, in exec_module
  File "<frozen importlib._bootstrap>", line 488, in _call_with_frames_removed
  File "/opt/airflow/dags/api_execution_dag.py", line 8, in <module>
    from pymongo import MongoClient
ModuleNotFoundError: No module named 'pymongo'
[2025-11-09T17:37:50.188+0000] {processor.py:842} WARNING - No viable dags retrieved from /opt/airflow/dags/api_execution_dag.py
[2025-11-09T17:37:50.214+0000] {processor.py:183} INFO - Processing /opt/airflow/dags/api_execution_dag.py took 0.054 seconds
[2025-11-09T17:38:20.456+0000] {processor.py:161} INFO - Started process (PID=142) to work on /opt/airflow/dags/api_execution_dag.py
[2025-11-09T17:38:20.458+0000] {processor.py:830} INFO - Processing file /opt/airflow/dags/api_execution_dag.py for tasks to queue
[2025-11-09T17:38:20.461+0000] {logging_mixin.py:188} INFO - [2025-11-09T17:38:20.461+0000] {dagbag.py:540} INFO - Filling up the DagBag from /opt/airflow/dags/api_execution_dag.py
[2025-11-09T17:38:20.479+0000] {logging_mixin.py:188} INFO - [2025-11-09T17:38:20.476+0000] {dagbag.py:350} ERROR - Failed to import: /opt/airflow/dags/api_execution_dag.py
Traceback (most recent call last):
  File "/home/airflow/.local/lib/python3.12/site-packages/airflow/models/dagbag.py", line 346, in parse
    loader.exec_module(new_module)
  File "<frozen importlib._bootstrap_external>", line 995, in exec_module
  File "<frozen importlib._bootstrap>", line 488, in _call_with_frames_removed
  File "/opt/airflow/dags/api_execution_dag.py", line 8, in <module>
    from pymongo import MongoClient
ModuleNotFoundError: No module named 'pymongo'
[2025-11-09T17:38:20.481+0000] {processor.py:842} WARNING - No viable dags retrieved from /opt/airflow/dags/api_execution_dag.py
[2025-11-09T17:38:20.512+0000] {processor.py:183} INFO - Processing /opt/airflow/dags/api_execution_dag.py took 0.062 seconds
[2025-11-09T17:38:50.749+0000] {processor.py:161} INFO - Started process (PID=145) to work on /opt/airflow/dags/api_execution_dag.py
[2025-11-09T17:38:50.750+0000] {processor.py:830} INFO - Processing file /opt/airflow/dags/api_execution_dag.py for tasks to queue
[2025-11-09T17:38:50.752+0000] {logging_mixin.py:188} INFO - [2025-11-09T17:38:50.752+0000] {dagbag.py:540} INFO - Filling up the DagBag from /opt/airflow/dags/api_execution_dag.py
[2025-11-09T17:38:50.769+0000] {logging_mixin.py:188} INFO - [2025-11-09T17:38:50.762+0000] {dagbag.py:350} ERROR - Failed to import: /opt/airflow/dags/api_execution_dag.py
Traceback (most recent call last):
  File "/home/airflow/.local/lib/python3.12/site-packages/airflow/models/dagbag.py", line 346, in parse
    loader.exec_module(new_module)
  File "<frozen importlib._bootstrap_external>", line 995, in exec_module
  File "<frozen importlib._bootstrap>", line 488, in _call_with_frames_removed
  File "/opt/airflow/dags/api_execution_dag.py", line 8, in <module>
    from pymongo import MongoClient
ModuleNotFoundError: No module named 'pymongo'
[2025-11-09T17:38:50.770+0000] {processor.py:842} WARNING - No viable dags retrieved from /opt/airflow/dags/api_execution_dag.py
[2025-11-09T17:38:50.796+0000] {processor.py:183} INFO - Processing /opt/airflow/dags/api_execution_dag.py took 0.053 seconds
[2025-11-09T17:39:21.026+0000] {processor.py:161} INFO - Started process (PID=148) to work on /opt/airflow/dags/api_execution_dag.py
[2025-11-09T17:39:21.027+0000] {processor.py:830} INFO - Processing file /opt/airflow/dags/api_execution_dag.py for tasks to queue
[2025-11-09T17:39:21.028+0000] {logging_mixin.py:188} INFO - [2025-11-09T17:39:21.028+0000] {dagbag.py:540} INFO - Filling up the DagBag from /opt/airflow/dags/api_execution_dag.py
[2025-11-09T17:39:21.042+0000] {logging_mixin.py:188} INFO - [2025-11-09T17:39:21.038+0000] {dagbag.py:350} ERROR - Failed to import: /opt/airflow/dags/api_execution_dag.py
Traceback (most recent call last):
  File "/home/airflow/.local/lib/python3.12/site-packages/airflow/models/dagbag.py", line 346, in parse
    loader.exec_module(new_module)
  File "<frozen importlib._bootstrap_external>", line 995, in exec_module
  File "<frozen importlib._bootstrap>", line 488, in _call_with_frames_removed
  File "/opt/airflow/dags/api_execution_dag.py", line 8, in <module>
    from pymongo import MongoClient
ModuleNotFoundError: No module named 'pymongo'
[2025-11-09T17:39:21.043+0000] {processor.py:842} WARNING - No viable dags retrieved from /opt/airflow/dags/api_execution_dag.py
[2025-11-09T17:39:21.072+0000] {processor.py:183} INFO - Processing /opt/airflow/dags/api_execution_dag.py took 0.051 seconds
[2025-11-09T17:39:51.301+0000] {processor.py:161} INFO - Started process (PID=151) to work on /opt/airflow/dags/api_execution_dag.py
[2025-11-09T17:39:51.302+0000] {processor.py:830} INFO - Processing file /opt/airflow/dags/api_execution_dag.py for tasks to queue
[2025-11-09T17:39:51.304+0000] {logging_mixin.py:188} INFO - [2025-11-09T17:39:51.303+0000] {dagbag.py:540} INFO - Filling up the DagBag from /opt/airflow/dags/api_execution_dag.py
[2025-11-09T17:39:51.320+0000] {logging_mixin.py:188} INFO - [2025-11-09T17:39:51.313+0000] {dagbag.py:350} ERROR - Failed to import: /opt/airflow/dags/api_execution_dag.py
Traceback (most recent call last):
  File "/home/airflow/.local/lib/python3.12/site-packages/airflow/models/dagbag.py", line 346, in parse
    loader.exec_module(new_module)
  File "<frozen importlib._bootstrap_external>", line 995, in exec_module
  File "<frozen importlib._bootstrap>", line 488, in _call_with_frames_removed
  File "/opt/airflow/dags/api_execution_dag.py", line 8, in <module>
    from pymongo import MongoClient
ModuleNotFoundError: No module named 'pymongo'
[2025-11-09T17:39:51.321+0000] {processor.py:842} WARNING - No viable dags retrieved from /opt/airflow/dags/api_execution_dag.py
[2025-11-09T17:39:51.345+0000] {processor.py:183} INFO - Processing /opt/airflow/dags/api_execution_dag.py took 0.050 seconds
[2025-11-09T17:40:21.649+0000] {processor.py:161} INFO - Started process (PID=154) to work on /opt/airflow/dags/api_execution_dag.py
[2025-11-09T17:40:21.650+0000] {processor.py:830} INFO - Processing file /opt/airflow/dags/api_execution_dag.py for tasks to queue
[2025-11-09T17:40:21.652+0000] {logging_mixin.py:188} INFO - [2025-11-09T17:40:21.652+0000] {dagbag.py:540} INFO - Filling up the DagBag from /opt/airflow/dags/api_execution_dag.py
[2025-11-09T17:40:21.666+0000] {logging_mixin.py:188} INFO - [2025-11-09T17:40:21.662+0000] {dagbag.py:350} ERROR - Failed to import: /opt/airflow/dags/api_execution_dag.py
Traceback (most recent call last):
  File "/home/airflow/.local/lib/python3.12/site-packages/airflow/models/dagbag.py", line 346, in parse
    loader.exec_module(new_module)
  File "<frozen importlib._bootstrap_external>", line 995, in exec_module
  File "<frozen importlib._bootstrap>", line 488, in _call_with_frames_removed
  File "/opt/airflow/dags/api_execution_dag.py", line 8, in <module>
    from pymongo import MongoClient
ModuleNotFoundError: No module named 'pymongo'
[2025-11-09T17:40:21.668+0000] {processor.py:842} WARNING - No viable dags retrieved from /opt/airflow/dags/api_execution_dag.py
[2025-11-09T17:40:21.699+0000] {processor.py:183} INFO - Processing /opt/airflow/dags/api_execution_dag.py took 0.055 seconds
[2025-11-09T17:40:51.954+0000] {processor.py:161} INFO - Started process (PID=157) to work on /opt/airflow/dags/api_execution_dag.py
[2025-11-09T17:40:51.955+0000] {processor.py:830} INFO - Processing file /opt/airflow/dags/api_execution_dag.py for tasks to queue
[2025-11-09T17:40:51.958+0000] {logging_mixin.py:188} INFO - [2025-11-09T17:40:51.957+0000] {dagbag.py:540} INFO - Filling up the DagBag from /opt/airflow/dags/api_execution_dag.py
[2025-11-09T17:40:51.976+0000] {logging_mixin.py:188} INFO - [2025-11-09T17:40:51.971+0000] {dagbag.py:350} ERROR - Failed to import: /opt/airflow/dags/api_execution_dag.py
Traceback (most recent call last):
  File "/home/airflow/.local/lib/python3.12/site-packages/airflow/models/dagbag.py", line 346, in parse
    loader.exec_module(new_module)
  File "<frozen importlib._bootstrap_external>", line 995, in exec_module
  File "<frozen importlib._bootstrap>", line 488, in _call_with_frames_removed
  File "/opt/airflow/dags/api_execution_dag.py", line 8, in <module>
    from pymongo import MongoClient
ModuleNotFoundError: No module named 'pymongo'
[2025-11-09T17:40:51.977+0000] {processor.py:842} WARNING - No viable dags retrieved from /opt/airflow/dags/api_execution_dag.py
[2025-11-09T17:40:52.012+0000] {processor.py:183} INFO - Processing /opt/airflow/dags/api_execution_dag.py took 0.066 seconds
[2025-11-09T17:41:22.263+0000] {processor.py:161} INFO - Started process (PID=160) to work on /opt/airflow/dags/api_execution_dag.py
[2025-11-09T17:41:22.264+0000] {processor.py:830} INFO - Processing file /opt/airflow/dags/api_execution_dag.py for tasks to queue
[2025-11-09T17:41:22.266+0000] {logging_mixin.py:188} INFO - [2025-11-09T17:41:22.265+0000] {dagbag.py:540} INFO - Filling up the DagBag from /opt/airflow/dags/api_execution_dag.py
[2025-11-09T17:41:22.281+0000] {logging_mixin.py:188} INFO - [2025-11-09T17:41:22.276+0000] {dagbag.py:350} ERROR - Failed to import: /opt/airflow/dags/api_execution_dag.py
Traceback (most recent call last):
  File "/home/airflow/.local/lib/python3.12/site-packages/airflow/models/dagbag.py", line 346, in parse
    loader.exec_module(new_module)
  File "<frozen importlib._bootstrap_external>", line 995, in exec_module
  File "<frozen importlib._bootstrap>", line 488, in _call_with_frames_removed
  File "/opt/airflow/dags/api_execution_dag.py", line 8, in <module>
    from pymongo import MongoClient
ModuleNotFoundError: No module named 'pymongo'
[2025-11-09T17:41:22.282+0000] {processor.py:842} WARNING - No viable dags retrieved from /opt/airflow/dags/api_execution_dag.py
[2025-11-09T17:41:22.312+0000] {processor.py:183} INFO - Processing /opt/airflow/dags/api_execution_dag.py took 0.054 seconds
[2025-11-09T17:41:52.560+0000] {processor.py:161} INFO - Started process (PID=163) to work on /opt/airflow/dags/api_execution_dag.py
[2025-11-09T17:41:52.561+0000] {processor.py:830} INFO - Processing file /opt/airflow/dags/api_execution_dag.py for tasks to queue
[2025-11-09T17:41:52.564+0000] {logging_mixin.py:188} INFO - [2025-11-09T17:41:52.563+0000] {dagbag.py:540} INFO - Filling up the DagBag from /opt/airflow/dags/api_execution_dag.py
[2025-11-09T17:41:52.599+0000] {logging_mixin.py:188} INFO - [2025-11-09T17:41:52.588+0000] {dagbag.py:350} ERROR - Failed to import: /opt/airflow/dags/api_execution_dag.py
Traceback (most recent call last):
  File "/home/airflow/.local/lib/python3.12/site-packages/airflow/models/dagbag.py", line 346, in parse
    loader.exec_module(new_module)
  File "<frozen importlib._bootstrap_external>", line 995, in exec_module
  File "<frozen importlib._bootstrap>", line 488, in _call_with_frames_removed
  File "/opt/airflow/dags/api_execution_dag.py", line 8, in <module>
    from pymongo import MongoClient
ModuleNotFoundError: No module named 'pymongo'
[2025-11-09T17:41:52.602+0000] {processor.py:842} WARNING - No viable dags retrieved from /opt/airflow/dags/api_execution_dag.py
[2025-11-09T17:41:52.659+0000] {processor.py:183} INFO - Processing /opt/airflow/dags/api_execution_dag.py took 0.105 seconds
[2025-11-09T17:42:22.934+0000] {processor.py:161} INFO - Started process (PID=166) to work on /opt/airflow/dags/api_execution_dag.py
[2025-11-09T17:42:22.935+0000] {processor.py:830} INFO - Processing file /opt/airflow/dags/api_execution_dag.py for tasks to queue
[2025-11-09T17:42:22.937+0000] {logging_mixin.py:188} INFO - [2025-11-09T17:42:22.937+0000] {dagbag.py:540} INFO - Filling up the DagBag from /opt/airflow/dags/api_execution_dag.py
[2025-11-09T17:42:22.951+0000] {logging_mixin.py:188} INFO - [2025-11-09T17:42:22.947+0000] {dagbag.py:350} ERROR - Failed to import: /opt/airflow/dags/api_execution_dag.py
Traceback (most recent call last):
  File "/home/airflow/.local/lib/python3.12/site-packages/airflow/models/dagbag.py", line 346, in parse
    loader.exec_module(new_module)
  File "<frozen importlib._bootstrap_external>", line 995, in exec_module
  File "<frozen importlib._bootstrap>", line 488, in _call_with_frames_removed
  File "/opt/airflow/dags/api_execution_dag.py", line 8, in <module>
    from pymongo import MongoClient
ModuleNotFoundError: No module named 'pymongo'
[2025-11-09T17:42:22.952+0000] {processor.py:842} WARNING - No viable dags retrieved from /opt/airflow/dags/api_execution_dag.py
[2025-11-09T17:42:22.980+0000] {processor.py:183} INFO - Processing /opt/airflow/dags/api_execution_dag.py took 0.051 seconds
[2025-11-09T17:42:53.229+0000] {processor.py:161} INFO - Started process (PID=169) to work on /opt/airflow/dags/api_execution_dag.py
[2025-11-09T17:42:53.230+0000] {processor.py:830} INFO - Processing file /opt/airflow/dags/api_execution_dag.py for tasks to queue
[2025-11-09T17:42:53.233+0000] {logging_mixin.py:188} INFO - [2025-11-09T17:42:53.233+0000] {dagbag.py:540} INFO - Filling up the DagBag from /opt/airflow/dags/api_execution_dag.py
[2025-11-09T17:42:53.255+0000] {logging_mixin.py:188} INFO - [2025-11-09T17:42:53.250+0000] {dagbag.py:350} ERROR - Failed to import: /opt/airflow/dags/api_execution_dag.py
Traceback (most recent call last):
  File "/home/airflow/.local/lib/python3.12/site-packages/airflow/models/dagbag.py", line 346, in parse
    loader.exec_module(new_module)
  File "<frozen importlib._bootstrap_external>", line 995, in exec_module
  File "<frozen importlib._bootstrap>", line 488, in _call_with_frames_removed
  File "/opt/airflow/dags/api_execution_dag.py", line 8, in <module>
    from pymongo import MongoClient
ModuleNotFoundError: No module named 'pymongo'
[2025-11-09T17:42:53.257+0000] {processor.py:842} WARNING - No viable dags retrieved from /opt/airflow/dags/api_execution_dag.py
[2025-11-09T17:42:53.286+0000] {processor.py:183} INFO - Processing /opt/airflow/dags/api_execution_dag.py took 0.064 seconds
[2025-11-09T17:43:23.538+0000] {processor.py:161} INFO - Started process (PID=172) to work on /opt/airflow/dags/api_execution_dag.py
[2025-11-09T17:43:23.539+0000] {processor.py:830} INFO - Processing file /opt/airflow/dags/api_execution_dag.py for tasks to queue
[2025-11-09T17:43:23.541+0000] {logging_mixin.py:188} INFO - [2025-11-09T17:43:23.540+0000] {dagbag.py:540} INFO - Filling up the DagBag from /opt/airflow/dags/api_execution_dag.py
[2025-11-09T17:43:23.554+0000] {logging_mixin.py:188} INFO - [2025-11-09T17:43:23.551+0000] {dagbag.py:350} ERROR - Failed to import: /opt/airflow/dags/api_execution_dag.py
Traceback (most recent call last):
  File "/home/airflow/.local/lib/python3.12/site-packages/airflow/models/dagbag.py", line 346, in parse
    loader.exec_module(new_module)
  File "<frozen importlib._bootstrap_external>", line 995, in exec_module
  File "<frozen importlib._bootstrap>", line 488, in _call_with_frames_removed
  File "/opt/airflow/dags/api_execution_dag.py", line 8, in <module>
    from pymongo import MongoClient
ModuleNotFoundError: No module named 'pymongo'
[2025-11-09T17:43:23.555+0000] {processor.py:842} WARNING - No viable dags retrieved from /opt/airflow/dags/api_execution_dag.py
[2025-11-09T17:43:23.580+0000] {processor.py:183} INFO - Processing /opt/airflow/dags/api_execution_dag.py took 0.047 seconds
[2025-11-09T17:43:53.812+0000] {processor.py:161} INFO - Started process (PID=175) to work on /opt/airflow/dags/api_execution_dag.py
[2025-11-09T17:43:53.813+0000] {processor.py:830} INFO - Processing file /opt/airflow/dags/api_execution_dag.py for tasks to queue
[2025-11-09T17:43:53.815+0000] {logging_mixin.py:188} INFO - [2025-11-09T17:43:53.815+0000] {dagbag.py:540} INFO - Filling up the DagBag from /opt/airflow/dags/api_execution_dag.py
[2025-11-09T17:43:53.827+0000] {logging_mixin.py:188} INFO - [2025-11-09T17:43:53.824+0000] {dagbag.py:350} ERROR - Failed to import: /opt/airflow/dags/api_execution_dag.py
Traceback (most recent call last):
  File "/home/airflow/.local/lib/python3.12/site-packages/airflow/models/dagbag.py", line 346, in parse
    loader.exec_module(new_module)
  File "<frozen importlib._bootstrap_external>", line 995, in exec_module
  File "<frozen importlib._bootstrap>", line 488, in _call_with_frames_removed
  File "/opt/airflow/dags/api_execution_dag.py", line 8, in <module>
    from pymongo import MongoClient
ModuleNotFoundError: No module named 'pymongo'
[2025-11-09T17:43:53.828+0000] {processor.py:842} WARNING - No viable dags retrieved from /opt/airflow/dags/api_execution_dag.py
[2025-11-09T17:43:53.850+0000] {processor.py:183} INFO - Processing /opt/airflow/dags/api_execution_dag.py took 0.044 seconds
[2025-11-09T17:44:24.082+0000] {processor.py:161} INFO - Started process (PID=178) to work on /opt/airflow/dags/api_execution_dag.py
[2025-11-09T17:44:24.083+0000] {processor.py:830} INFO - Processing file /opt/airflow/dags/api_execution_dag.py for tasks to queue
[2025-11-09T17:44:24.085+0000] {logging_mixin.py:188} INFO - [2025-11-09T17:44:24.085+0000] {dagbag.py:540} INFO - Filling up the DagBag from /opt/airflow/dags/api_execution_dag.py
[2025-11-09T17:44:24.100+0000] {logging_mixin.py:188} INFO - [2025-11-09T17:44:24.096+0000] {dagbag.py:350} ERROR - Failed to import: /opt/airflow/dags/api_execution_dag.py
Traceback (most recent call last):
  File "/home/airflow/.local/lib/python3.12/site-packages/airflow/models/dagbag.py", line 346, in parse
    loader.exec_module(new_module)
  File "<frozen importlib._bootstrap_external>", line 995, in exec_module
  File "<frozen importlib._bootstrap>", line 488, in _call_with_frames_removed
  File "/opt/airflow/dags/api_execution_dag.py", line 8, in <module>
    from pymongo import MongoClient
ModuleNotFoundError: No module named 'pymongo'
[2025-11-09T17:44:24.101+0000] {processor.py:842} WARNING - No viable dags retrieved from /opt/airflow/dags/api_execution_dag.py
[2025-11-09T17:44:24.126+0000] {processor.py:183} INFO - Processing /opt/airflow/dags/api_execution_dag.py took 0.051 seconds
[2025-11-09T17:44:54.368+0000] {processor.py:161} INFO - Started process (PID=181) to work on /opt/airflow/dags/api_execution_dag.py
[2025-11-09T17:44:54.369+0000] {processor.py:830} INFO - Processing file /opt/airflow/dags/api_execution_dag.py for tasks to queue
[2025-11-09T17:44:54.371+0000] {logging_mixin.py:188} INFO - [2025-11-09T17:44:54.371+0000] {dagbag.py:540} INFO - Filling up the DagBag from /opt/airflow/dags/api_execution_dag.py
[2025-11-09T17:44:54.386+0000] {logging_mixin.py:188} INFO - [2025-11-09T17:44:54.381+0000] {dagbag.py:350} ERROR - Failed to import: /opt/airflow/dags/api_execution_dag.py
Traceback (most recent call last):
  File "/home/airflow/.local/lib/python3.12/site-packages/airflow/models/dagbag.py", line 346, in parse
    loader.exec_module(new_module)
  File "<frozen importlib._bootstrap_external>", line 995, in exec_module
  File "<frozen importlib._bootstrap>", line 488, in _call_with_frames_removed
  File "/opt/airflow/dags/api_execution_dag.py", line 8, in <module>
    from pymongo import MongoClient
ModuleNotFoundError: No module named 'pymongo'
[2025-11-09T17:44:54.389+0000] {processor.py:842} WARNING - No viable dags retrieved from /opt/airflow/dags/api_execution_dag.py
[2025-11-09T17:44:54.416+0000] {processor.py:183} INFO - Processing /opt/airflow/dags/api_execution_dag.py took 0.053 seconds
[2025-11-09T17:45:24.742+0000] {processor.py:161} INFO - Started process (PID=184) to work on /opt/airflow/dags/api_execution_dag.py
[2025-11-09T17:45:24.744+0000] {processor.py:830} INFO - Processing file /opt/airflow/dags/api_execution_dag.py for tasks to queue
[2025-11-09T17:45:24.746+0000] {logging_mixin.py:188} INFO - [2025-11-09T17:45:24.746+0000] {dagbag.py:540} INFO - Filling up the DagBag from /opt/airflow/dags/api_execution_dag.py
[2025-11-09T17:45:24.764+0000] {logging_mixin.py:188} INFO - [2025-11-09T17:45:24.760+0000] {dagbag.py:350} ERROR - Failed to import: /opt/airflow/dags/api_execution_dag.py
Traceback (most recent call last):
  File "/home/airflow/.local/lib/python3.12/site-packages/airflow/models/dagbag.py", line 346, in parse
    loader.exec_module(new_module)
  File "<frozen importlib._bootstrap_external>", line 995, in exec_module
  File "<frozen importlib._bootstrap>", line 488, in _call_with_frames_removed
  File "/opt/airflow/dags/api_execution_dag.py", line 8, in <module>
    from pymongo import MongoClient
ModuleNotFoundError: No module named 'pymongo'
[2025-11-09T17:45:24.766+0000] {processor.py:842} WARNING - No viable dags retrieved from /opt/airflow/dags/api_execution_dag.py
[2025-11-09T17:45:24.796+0000] {processor.py:183} INFO - Processing /opt/airflow/dags/api_execution_dag.py took 0.063 seconds
[2025-11-09T17:45:55.035+0000] {processor.py:161} INFO - Started process (PID=187) to work on /opt/airflow/dags/api_execution_dag.py
[2025-11-09T17:45:55.036+0000] {processor.py:830} INFO - Processing file /opt/airflow/dags/api_execution_dag.py for tasks to queue
[2025-11-09T17:45:55.037+0000] {logging_mixin.py:188} INFO - [2025-11-09T17:45:55.037+0000] {dagbag.py:540} INFO - Filling up the DagBag from /opt/airflow/dags/api_execution_dag.py
[2025-11-09T17:45:55.050+0000] {logging_mixin.py:188} INFO - [2025-11-09T17:45:55.047+0000] {dagbag.py:350} ERROR - Failed to import: /opt/airflow/dags/api_execution_dag.py
Traceback (most recent call last):
  File "/home/airflow/.local/lib/python3.12/site-packages/airflow/models/dagbag.py", line 346, in parse
    loader.exec_module(new_module)
  File "<frozen importlib._bootstrap_external>", line 995, in exec_module
  File "<frozen importlib._bootstrap>", line 488, in _call_with_frames_removed
  File "/opt/airflow/dags/api_execution_dag.py", line 8, in <module>
    from pymongo import MongoClient
ModuleNotFoundError: No module named 'pymongo'
[2025-11-09T17:45:55.051+0000] {processor.py:842} WARNING - No viable dags retrieved from /opt/airflow/dags/api_execution_dag.py
[2025-11-09T17:45:55.073+0000] {processor.py:183} INFO - Processing /opt/airflow/dags/api_execution_dag.py took 0.044 seconds
