[2025-11-09T17:20:07.200+0000] {processor.py:161} INFO - Started process (PID=33) to work on /opt/airflow/dags/schedule_dag_generator.py
[2025-11-09T17:20:07.201+0000] {processor.py:830} INFO - Processing file /opt/airflow/dags/schedule_dag_generator.py for tasks to queue
[2025-11-09T17:20:07.203+0000] {logging_mixin.py:188} INFO - [2025-11-09T17:20:07.203+0000] {dagbag.py:540} INFO - Filling up the DagBag from /opt/airflow/dags/schedule_dag_generator.py
[2025-11-09T17:20:07.225+0000] {logging_mixin.py:188} INFO - [2025-11-09T17:20:07.222+0000] {dagbag.py:350} ERROR - Failed to import: /opt/airflow/dags/schedule_dag_generator.py
Traceback (most recent call last):
  File "/home/airflow/.local/lib/python3.12/site-packages/airflow/models/dagbag.py", line 346, in parse
    loader.exec_module(new_module)
  File "<frozen importlib._bootstrap_external>", line 995, in exec_module
  File "<frozen importlib._bootstrap>", line 488, in _call_with_frames_removed
  File "/opt/airflow/dags/schedule_dag_generator.py", line 12, in <module>
    from pymongo import MongoClient
ModuleNotFoundError: No module named 'pymongo'
[2025-11-09T17:20:07.226+0000] {processor.py:842} WARNING - No viable dags retrieved from /opt/airflow/dags/schedule_dag_generator.py
[2025-11-09T17:20:07.248+0000] {processor.py:183} INFO - Processing /opt/airflow/dags/schedule_dag_generator.py took 0.053 seconds
[2025-11-09T17:20:37.554+0000] {processor.py:161} INFO - Started process (PID=36) to work on /opt/airflow/dags/schedule_dag_generator.py
[2025-11-09T17:20:37.556+0000] {processor.py:830} INFO - Processing file /opt/airflow/dags/schedule_dag_generator.py for tasks to queue
[2025-11-09T17:20:37.561+0000] {logging_mixin.py:188} INFO - [2025-11-09T17:20:37.560+0000] {dagbag.py:540} INFO - Filling up the DagBag from /opt/airflow/dags/schedule_dag_generator.py
[2025-11-09T17:20:37.584+0000] {logging_mixin.py:188} INFO - [2025-11-09T17:20:37.579+0000] {dagbag.py:350} ERROR - Failed to import: /opt/airflow/dags/schedule_dag_generator.py
Traceback (most recent call last):
  File "/home/airflow/.local/lib/python3.12/site-packages/airflow/models/dagbag.py", line 346, in parse
    loader.exec_module(new_module)
  File "<frozen importlib._bootstrap_external>", line 995, in exec_module
  File "<frozen importlib._bootstrap>", line 488, in _call_with_frames_removed
  File "/opt/airflow/dags/schedule_dag_generator.py", line 12, in <module>
    from pymongo import MongoClient
ModuleNotFoundError: No module named 'pymongo'
[2025-11-09T17:20:37.586+0000] {processor.py:842} WARNING - No viable dags retrieved from /opt/airflow/dags/schedule_dag_generator.py
[2025-11-09T17:20:37.621+0000] {processor.py:183} INFO - Processing /opt/airflow/dags/schedule_dag_generator.py took 0.080 seconds
[2025-11-09T17:21:07.853+0000] {processor.py:161} INFO - Started process (PID=39) to work on /opt/airflow/dags/schedule_dag_generator.py
[2025-11-09T17:21:07.854+0000] {processor.py:830} INFO - Processing file /opt/airflow/dags/schedule_dag_generator.py for tasks to queue
[2025-11-09T17:21:07.856+0000] {logging_mixin.py:188} INFO - [2025-11-09T17:21:07.855+0000] {dagbag.py:540} INFO - Filling up the DagBag from /opt/airflow/dags/schedule_dag_generator.py
[2025-11-09T17:21:07.868+0000] {logging_mixin.py:188} INFO - [2025-11-09T17:21:07.865+0000] {dagbag.py:350} ERROR - Failed to import: /opt/airflow/dags/schedule_dag_generator.py
Traceback (most recent call last):
  File "/home/airflow/.local/lib/python3.12/site-packages/airflow/models/dagbag.py", line 346, in parse
    loader.exec_module(new_module)
  File "<frozen importlib._bootstrap_external>", line 995, in exec_module
  File "<frozen importlib._bootstrap>", line 488, in _call_with_frames_removed
  File "/opt/airflow/dags/schedule_dag_generator.py", line 12, in <module>
    from pymongo import MongoClient
ModuleNotFoundError: No module named 'pymongo'
[2025-11-09T17:21:07.869+0000] {processor.py:842} WARNING - No viable dags retrieved from /opt/airflow/dags/schedule_dag_generator.py
[2025-11-09T17:21:07.894+0000] {processor.py:183} INFO - Processing /opt/airflow/dags/schedule_dag_generator.py took 0.050 seconds
[2025-11-09T17:21:38.168+0000] {processor.py:161} INFO - Started process (PID=42) to work on /opt/airflow/dags/schedule_dag_generator.py
[2025-11-09T17:21:38.170+0000] {processor.py:830} INFO - Processing file /opt/airflow/dags/schedule_dag_generator.py for tasks to queue
[2025-11-09T17:21:38.175+0000] {logging_mixin.py:188} INFO - [2025-11-09T17:21:38.174+0000] {dagbag.py:540} INFO - Filling up the DagBag from /opt/airflow/dags/schedule_dag_generator.py
[2025-11-09T17:21:38.198+0000] {logging_mixin.py:188} INFO - [2025-11-09T17:21:38.193+0000] {dagbag.py:350} ERROR - Failed to import: /opt/airflow/dags/schedule_dag_generator.py
Traceback (most recent call last):
  File "/home/airflow/.local/lib/python3.12/site-packages/airflow/models/dagbag.py", line 346, in parse
    loader.exec_module(new_module)
  File "<frozen importlib._bootstrap_external>", line 995, in exec_module
  File "<frozen importlib._bootstrap>", line 488, in _call_with_frames_removed
  File "/opt/airflow/dags/schedule_dag_generator.py", line 12, in <module>
    from pymongo import MongoClient
ModuleNotFoundError: No module named 'pymongo'
[2025-11-09T17:21:38.201+0000] {processor.py:842} WARNING - No viable dags retrieved from /opt/airflow/dags/schedule_dag_generator.py
[2025-11-09T17:21:38.249+0000] {processor.py:183} INFO - Processing /opt/airflow/dags/schedule_dag_generator.py took 0.097 seconds
[2025-11-09T17:22:08.528+0000] {processor.py:161} INFO - Started process (PID=45) to work on /opt/airflow/dags/schedule_dag_generator.py
[2025-11-09T17:22:08.530+0000] {processor.py:830} INFO - Processing file /opt/airflow/dags/schedule_dag_generator.py for tasks to queue
[2025-11-09T17:22:08.534+0000] {logging_mixin.py:188} INFO - [2025-11-09T17:22:08.534+0000] {dagbag.py:540} INFO - Filling up the DagBag from /opt/airflow/dags/schedule_dag_generator.py
[2025-11-09T17:22:08.555+0000] {logging_mixin.py:188} INFO - [2025-11-09T17:22:08.551+0000] {dagbag.py:350} ERROR - Failed to import: /opt/airflow/dags/schedule_dag_generator.py
Traceback (most recent call last):
  File "/home/airflow/.local/lib/python3.12/site-packages/airflow/models/dagbag.py", line 346, in parse
    loader.exec_module(new_module)
  File "<frozen importlib._bootstrap_external>", line 995, in exec_module
  File "<frozen importlib._bootstrap>", line 488, in _call_with_frames_removed
  File "/opt/airflow/dags/schedule_dag_generator.py", line 12, in <module>
    from pymongo import MongoClient
ModuleNotFoundError: No module named 'pymongo'
[2025-11-09T17:22:08.556+0000] {processor.py:842} WARNING - No viable dags retrieved from /opt/airflow/dags/schedule_dag_generator.py
[2025-11-09T17:22:08.591+0000] {processor.py:183} INFO - Processing /opt/airflow/dags/schedule_dag_generator.py took 0.072 seconds
[2025-11-09T17:22:38.827+0000] {processor.py:161} INFO - Started process (PID=48) to work on /opt/airflow/dags/schedule_dag_generator.py
[2025-11-09T17:22:38.828+0000] {processor.py:830} INFO - Processing file /opt/airflow/dags/schedule_dag_generator.py for tasks to queue
[2025-11-09T17:22:38.830+0000] {logging_mixin.py:188} INFO - [2025-11-09T17:22:38.829+0000] {dagbag.py:540} INFO - Filling up the DagBag from /opt/airflow/dags/schedule_dag_generator.py
[2025-11-09T17:22:38.844+0000] {logging_mixin.py:188} INFO - [2025-11-09T17:22:38.840+0000] {dagbag.py:350} ERROR - Failed to import: /opt/airflow/dags/schedule_dag_generator.py
Traceback (most recent call last):
  File "/home/airflow/.local/lib/python3.12/site-packages/airflow/models/dagbag.py", line 346, in parse
    loader.exec_module(new_module)
  File "<frozen importlib._bootstrap_external>", line 995, in exec_module
  File "<frozen importlib._bootstrap>", line 488, in _call_with_frames_removed
  File "/opt/airflow/dags/schedule_dag_generator.py", line 12, in <module>
    from pymongo import MongoClient
ModuleNotFoundError: No module named 'pymongo'
[2025-11-09T17:22:38.845+0000] {processor.py:842} WARNING - No viable dags retrieved from /opt/airflow/dags/schedule_dag_generator.py
[2025-11-09T17:22:38.878+0000] {processor.py:183} INFO - Processing /opt/airflow/dags/schedule_dag_generator.py took 0.059 seconds
[2025-11-09T17:23:09.123+0000] {processor.py:161} INFO - Started process (PID=51) to work on /opt/airflow/dags/schedule_dag_generator.py
[2025-11-09T17:23:09.124+0000] {processor.py:830} INFO - Processing file /opt/airflow/dags/schedule_dag_generator.py for tasks to queue
[2025-11-09T17:23:09.126+0000] {logging_mixin.py:188} INFO - [2025-11-09T17:23:09.126+0000] {dagbag.py:540} INFO - Filling up the DagBag from /opt/airflow/dags/schedule_dag_generator.py
[2025-11-09T17:23:09.142+0000] {logging_mixin.py:188} INFO - [2025-11-09T17:23:09.138+0000] {dagbag.py:350} ERROR - Failed to import: /opt/airflow/dags/schedule_dag_generator.py
Traceback (most recent call last):
  File "/home/airflow/.local/lib/python3.12/site-packages/airflow/models/dagbag.py", line 346, in parse
    loader.exec_module(new_module)
  File "<frozen importlib._bootstrap_external>", line 995, in exec_module
  File "<frozen importlib._bootstrap>", line 488, in _call_with_frames_removed
  File "/opt/airflow/dags/schedule_dag_generator.py", line 12, in <module>
    from pymongo import MongoClient
ModuleNotFoundError: No module named 'pymongo'
[2025-11-09T17:23:09.144+0000] {processor.py:842} WARNING - No viable dags retrieved from /opt/airflow/dags/schedule_dag_generator.py
[2025-11-09T17:23:09.175+0000] {processor.py:183} INFO - Processing /opt/airflow/dags/schedule_dag_generator.py took 0.059 seconds
[2025-11-09T17:23:39.399+0000] {processor.py:161} INFO - Started process (PID=54) to work on /opt/airflow/dags/schedule_dag_generator.py
[2025-11-09T17:23:39.400+0000] {processor.py:830} INFO - Processing file /opt/airflow/dags/schedule_dag_generator.py for tasks to queue
[2025-11-09T17:23:39.402+0000] {logging_mixin.py:188} INFO - [2025-11-09T17:23:39.401+0000] {dagbag.py:540} INFO - Filling up the DagBag from /opt/airflow/dags/schedule_dag_generator.py
[2025-11-09T17:23:39.414+0000] {logging_mixin.py:188} INFO - [2025-11-09T17:23:39.411+0000] {dagbag.py:350} ERROR - Failed to import: /opt/airflow/dags/schedule_dag_generator.py
Traceback (most recent call last):
  File "/home/airflow/.local/lib/python3.12/site-packages/airflow/models/dagbag.py", line 346, in parse
    loader.exec_module(new_module)
  File "<frozen importlib._bootstrap_external>", line 995, in exec_module
  File "<frozen importlib._bootstrap>", line 488, in _call_with_frames_removed
  File "/opt/airflow/dags/schedule_dag_generator.py", line 12, in <module>
    from pymongo import MongoClient
ModuleNotFoundError: No module named 'pymongo'
[2025-11-09T17:23:39.415+0000] {processor.py:842} WARNING - No viable dags retrieved from /opt/airflow/dags/schedule_dag_generator.py
[2025-11-09T17:23:39.442+0000] {processor.py:183} INFO - Processing /opt/airflow/dags/schedule_dag_generator.py took 0.049 seconds
[2025-11-09T17:24:09.717+0000] {processor.py:161} INFO - Started process (PID=57) to work on /opt/airflow/dags/schedule_dag_generator.py
[2025-11-09T17:24:09.718+0000] {processor.py:830} INFO - Processing file /opt/airflow/dags/schedule_dag_generator.py for tasks to queue
[2025-11-09T17:24:09.720+0000] {logging_mixin.py:188} INFO - [2025-11-09T17:24:09.720+0000] {dagbag.py:540} INFO - Filling up the DagBag from /opt/airflow/dags/schedule_dag_generator.py
[2025-11-09T17:24:09.736+0000] {logging_mixin.py:188} INFO - [2025-11-09T17:24:09.732+0000] {dagbag.py:350} ERROR - Failed to import: /opt/airflow/dags/schedule_dag_generator.py
Traceback (most recent call last):
  File "/home/airflow/.local/lib/python3.12/site-packages/airflow/models/dagbag.py", line 346, in parse
    loader.exec_module(new_module)
  File "<frozen importlib._bootstrap_external>", line 995, in exec_module
  File "<frozen importlib._bootstrap>", line 488, in _call_with_frames_removed
  File "/opt/airflow/dags/schedule_dag_generator.py", line 12, in <module>
    from pymongo import MongoClient
ModuleNotFoundError: No module named 'pymongo'
[2025-11-09T17:24:09.737+0000] {processor.py:842} WARNING - No viable dags retrieved from /opt/airflow/dags/schedule_dag_generator.py
[2025-11-09T17:24:09.770+0000] {processor.py:183} INFO - Processing /opt/airflow/dags/schedule_dag_generator.py took 0.059 seconds
[2025-11-09T17:24:39.996+0000] {processor.py:161} INFO - Started process (PID=60) to work on /opt/airflow/dags/schedule_dag_generator.py
[2025-11-09T17:24:39.997+0000] {processor.py:830} INFO - Processing file /opt/airflow/dags/schedule_dag_generator.py for tasks to queue
[2025-11-09T17:24:40.000+0000] {logging_mixin.py:188} INFO - [2025-11-09T17:24:39.999+0000] {dagbag.py:540} INFO - Filling up the DagBag from /opt/airflow/dags/schedule_dag_generator.py
[2025-11-09T17:24:40.013+0000] {logging_mixin.py:188} INFO - [2025-11-09T17:24:40.010+0000] {dagbag.py:350} ERROR - Failed to import: /opt/airflow/dags/schedule_dag_generator.py
Traceback (most recent call last):
  File "/home/airflow/.local/lib/python3.12/site-packages/airflow/models/dagbag.py", line 346, in parse
    loader.exec_module(new_module)
  File "<frozen importlib._bootstrap_external>", line 995, in exec_module
  File "<frozen importlib._bootstrap>", line 488, in _call_with_frames_removed
  File "/opt/airflow/dags/schedule_dag_generator.py", line 12, in <module>
    from pymongo import MongoClient
ModuleNotFoundError: No module named 'pymongo'
[2025-11-09T17:24:40.015+0000] {processor.py:842} WARNING - No viable dags retrieved from /opt/airflow/dags/schedule_dag_generator.py
[2025-11-09T17:24:40.044+0000] {processor.py:183} INFO - Processing /opt/airflow/dags/schedule_dag_generator.py took 0.055 seconds
[2025-11-09T17:25:10.470+0000] {processor.py:161} INFO - Started process (PID=63) to work on /opt/airflow/dags/schedule_dag_generator.py
[2025-11-09T17:25:10.472+0000] {processor.py:830} INFO - Processing file /opt/airflow/dags/schedule_dag_generator.py for tasks to queue
[2025-11-09T17:25:10.478+0000] {logging_mixin.py:188} INFO - [2025-11-09T17:25:10.476+0000] {dagbag.py:540} INFO - Filling up the DagBag from /opt/airflow/dags/schedule_dag_generator.py
[2025-11-09T17:25:10.521+0000] {logging_mixin.py:188} INFO - [2025-11-09T17:25:10.515+0000] {dagbag.py:350} ERROR - Failed to import: /opt/airflow/dags/schedule_dag_generator.py
Traceback (most recent call last):
  File "/home/airflow/.local/lib/python3.12/site-packages/airflow/models/dagbag.py", line 346, in parse
    loader.exec_module(new_module)
  File "<frozen importlib._bootstrap_external>", line 995, in exec_module
  File "<frozen importlib._bootstrap>", line 488, in _call_with_frames_removed
  File "/opt/airflow/dags/schedule_dag_generator.py", line 12, in <module>
    from pymongo import MongoClient
ModuleNotFoundError: No module named 'pymongo'
[2025-11-09T17:25:10.524+0000] {processor.py:842} WARNING - No viable dags retrieved from /opt/airflow/dags/schedule_dag_generator.py
[2025-11-09T17:25:10.609+0000] {processor.py:183} INFO - Processing /opt/airflow/dags/schedule_dag_generator.py took 0.157 seconds
[2025-11-09T17:25:41.026+0000] {processor.py:161} INFO - Started process (PID=66) to work on /opt/airflow/dags/schedule_dag_generator.py
[2025-11-09T17:25:41.028+0000] {processor.py:830} INFO - Processing file /opt/airflow/dags/schedule_dag_generator.py for tasks to queue
[2025-11-09T17:25:41.031+0000] {logging_mixin.py:188} INFO - [2025-11-09T17:25:41.031+0000] {dagbag.py:540} INFO - Filling up the DagBag from /opt/airflow/dags/schedule_dag_generator.py
[2025-11-09T17:25:41.068+0000] {logging_mixin.py:188} INFO - [2025-11-09T17:25:41.048+0000] {dagbag.py:350} ERROR - Failed to import: /opt/airflow/dags/schedule_dag_generator.py
Traceback (most recent call last):
  File "/home/airflow/.local/lib/python3.12/site-packages/airflow/models/dagbag.py", line 346, in parse
    loader.exec_module(new_module)
  File "<frozen importlib._bootstrap_external>", line 995, in exec_module
  File "<frozen importlib._bootstrap>", line 488, in _call_with_frames_removed
  File "/opt/airflow/dags/schedule_dag_generator.py", line 12, in <module>
    from pymongo import MongoClient
ModuleNotFoundError: No module named 'pymongo'
[2025-11-09T17:25:41.073+0000] {processor.py:842} WARNING - No viable dags retrieved from /opt/airflow/dags/schedule_dag_generator.py
[2025-11-09T17:25:41.135+0000] {processor.py:183} INFO - Processing /opt/airflow/dags/schedule_dag_generator.py took 0.118 seconds
[2025-11-09T17:26:11.432+0000] {processor.py:161} INFO - Started process (PID=69) to work on /opt/airflow/dags/schedule_dag_generator.py
[2025-11-09T17:26:11.433+0000] {processor.py:830} INFO - Processing file /opt/airflow/dags/schedule_dag_generator.py for tasks to queue
[2025-11-09T17:26:11.435+0000] {logging_mixin.py:188} INFO - [2025-11-09T17:26:11.435+0000] {dagbag.py:540} INFO - Filling up the DagBag from /opt/airflow/dags/schedule_dag_generator.py
[2025-11-09T17:26:11.458+0000] {logging_mixin.py:188} INFO - [2025-11-09T17:26:11.451+0000] {dagbag.py:350} ERROR - Failed to import: /opt/airflow/dags/schedule_dag_generator.py
Traceback (most recent call last):
  File "/home/airflow/.local/lib/python3.12/site-packages/airflow/models/dagbag.py", line 346, in parse
    loader.exec_module(new_module)
  File "<frozen importlib._bootstrap_external>", line 995, in exec_module
  File "<frozen importlib._bootstrap>", line 488, in _call_with_frames_removed
  File "/opt/airflow/dags/schedule_dag_generator.py", line 12, in <module>
    from pymongo import MongoClient
ModuleNotFoundError: No module named 'pymongo'
[2025-11-09T17:26:11.460+0000] {processor.py:842} WARNING - No viable dags retrieved from /opt/airflow/dags/schedule_dag_generator.py
[2025-11-09T17:26:11.502+0000] {processor.py:183} INFO - Processing /opt/airflow/dags/schedule_dag_generator.py took 0.075 seconds
[2025-11-09T17:26:42.427+0000] {processor.py:161} INFO - Started process (PID=72) to work on /opt/airflow/dags/schedule_dag_generator.py
[2025-11-09T17:26:42.465+0000] {processor.py:830} INFO - Processing file /opt/airflow/dags/schedule_dag_generator.py for tasks to queue
[2025-11-09T17:26:42.586+0000] {logging_mixin.py:188} INFO - [2025-11-09T17:26:42.555+0000] {dagbag.py:540} INFO - Filling up the DagBag from /opt/airflow/dags/schedule_dag_generator.py
[2025-11-09T17:26:42.799+0000] {logging_mixin.py:188} INFO - [2025-11-09T17:26:42.727+0000] {dagbag.py:350} ERROR - Failed to import: /opt/airflow/dags/schedule_dag_generator.py
Traceback (most recent call last):
  File "/home/airflow/.local/lib/python3.12/site-packages/airflow/models/dagbag.py", line 346, in parse
    loader.exec_module(new_module)
  File "<frozen importlib._bootstrap_external>", line 995, in exec_module
  File "<frozen importlib._bootstrap>", line 488, in _call_with_frames_removed
  File "/opt/airflow/dags/schedule_dag_generator.py", line 12, in <module>
    from pymongo import MongoClient
ModuleNotFoundError: No module named 'pymongo'
[2025-11-09T17:26:42.820+0000] {processor.py:842} WARNING - No viable dags retrieved from /opt/airflow/dags/schedule_dag_generator.py
[2025-11-09T17:26:43.016+0000] {processor.py:183} INFO - Processing /opt/airflow/dags/schedule_dag_generator.py took 0.703 seconds
[2025-11-09T17:27:13.645+0000] {processor.py:161} INFO - Started process (PID=75) to work on /opt/airflow/dags/schedule_dag_generator.py
[2025-11-09T17:27:13.659+0000] {processor.py:830} INFO - Processing file /opt/airflow/dags/schedule_dag_generator.py for tasks to queue
[2025-11-09T17:27:13.680+0000] {logging_mixin.py:188} INFO - [2025-11-09T17:27:13.679+0000] {dagbag.py:540} INFO - Filling up the DagBag from /opt/airflow/dags/schedule_dag_generator.py
[2025-11-09T17:27:13.771+0000] {logging_mixin.py:188} INFO - [2025-11-09T17:27:13.746+0000] {dagbag.py:350} ERROR - Failed to import: /opt/airflow/dags/schedule_dag_generator.py
Traceback (most recent call last):
  File "/home/airflow/.local/lib/python3.12/site-packages/airflow/models/dagbag.py", line 346, in parse
    loader.exec_module(new_module)
  File "<frozen importlib._bootstrap_external>", line 995, in exec_module
  File "<frozen importlib._bootstrap>", line 488, in _call_with_frames_removed
  File "/opt/airflow/dags/schedule_dag_generator.py", line 12, in <module>
    from pymongo import MongoClient
ModuleNotFoundError: No module named 'pymongo'
[2025-11-09T17:27:13.777+0000] {processor.py:842} WARNING - No viable dags retrieved from /opt/airflow/dags/schedule_dag_generator.py
[2025-11-09T17:27:13.848+0000] {processor.py:183} INFO - Processing /opt/airflow/dags/schedule_dag_generator.py took 0.235 seconds
[2025-11-09T17:27:44.489+0000] {processor.py:161} INFO - Started process (PID=78) to work on /opt/airflow/dags/schedule_dag_generator.py
[2025-11-09T17:27:44.490+0000] {processor.py:830} INFO - Processing file /opt/airflow/dags/schedule_dag_generator.py for tasks to queue
[2025-11-09T17:27:44.492+0000] {logging_mixin.py:188} INFO - [2025-11-09T17:27:44.492+0000] {dagbag.py:540} INFO - Filling up the DagBag from /opt/airflow/dags/schedule_dag_generator.py
[2025-11-09T17:27:44.510+0000] {logging_mixin.py:188} INFO - [2025-11-09T17:27:44.505+0000] {dagbag.py:350} ERROR - Failed to import: /opt/airflow/dags/schedule_dag_generator.py
Traceback (most recent call last):
  File "/home/airflow/.local/lib/python3.12/site-packages/airflow/models/dagbag.py", line 346, in parse
    loader.exec_module(new_module)
  File "<frozen importlib._bootstrap_external>", line 995, in exec_module
  File "<frozen importlib._bootstrap>", line 488, in _call_with_frames_removed
  File "/opt/airflow/dags/schedule_dag_generator.py", line 12, in <module>
    from pymongo import MongoClient
ModuleNotFoundError: No module named 'pymongo'
[2025-11-09T17:27:44.511+0000] {processor.py:842} WARNING - No viable dags retrieved from /opt/airflow/dags/schedule_dag_generator.py
[2025-11-09T17:27:44.575+0000] {processor.py:183} INFO - Processing /opt/airflow/dags/schedule_dag_generator.py took 0.093 seconds
[2025-11-09T17:28:14.718+0000] {processor.py:161} INFO - Started process (PID=81) to work on /opt/airflow/dags/schedule_dag_generator.py
[2025-11-09T17:28:14.720+0000] {processor.py:830} INFO - Processing file /opt/airflow/dags/schedule_dag_generator.py for tasks to queue
[2025-11-09T17:28:14.723+0000] {logging_mixin.py:188} INFO - [2025-11-09T17:28:14.722+0000] {dagbag.py:540} INFO - Filling up the DagBag from /opt/airflow/dags/schedule_dag_generator.py
[2025-11-09T17:28:14.744+0000] {logging_mixin.py:188} INFO - [2025-11-09T17:28:14.739+0000] {dagbag.py:350} ERROR - Failed to import: /opt/airflow/dags/schedule_dag_generator.py
Traceback (most recent call last):
  File "/home/airflow/.local/lib/python3.12/site-packages/airflow/models/dagbag.py", line 346, in parse
    loader.exec_module(new_module)
  File "<frozen importlib._bootstrap_external>", line 995, in exec_module
  File "<frozen importlib._bootstrap>", line 488, in _call_with_frames_removed
  File "/opt/airflow/dags/schedule_dag_generator.py", line 12, in <module>
    from pymongo import MongoClient
ModuleNotFoundError: No module named 'pymongo'
[2025-11-09T17:28:14.746+0000] {processor.py:842} WARNING - No viable dags retrieved from /opt/airflow/dags/schedule_dag_generator.py
[2025-11-09T17:28:14.783+0000] {processor.py:183} INFO - Processing /opt/airflow/dags/schedule_dag_generator.py took 0.075 seconds
[2025-11-09T17:28:45.087+0000] {processor.py:161} INFO - Started process (PID=84) to work on /opt/airflow/dags/schedule_dag_generator.py
[2025-11-09T17:28:45.089+0000] {processor.py:830} INFO - Processing file /opt/airflow/dags/schedule_dag_generator.py for tasks to queue
[2025-11-09T17:28:45.091+0000] {logging_mixin.py:188} INFO - [2025-11-09T17:28:45.091+0000] {dagbag.py:540} INFO - Filling up the DagBag from /opt/airflow/dags/schedule_dag_generator.py
[2025-11-09T17:28:45.109+0000] {logging_mixin.py:188} INFO - [2025-11-09T17:28:45.105+0000] {dagbag.py:350} ERROR - Failed to import: /opt/airflow/dags/schedule_dag_generator.py
Traceback (most recent call last):
  File "/home/airflow/.local/lib/python3.12/site-packages/airflow/models/dagbag.py", line 346, in parse
    loader.exec_module(new_module)
  File "<frozen importlib._bootstrap_external>", line 995, in exec_module
  File "<frozen importlib._bootstrap>", line 488, in _call_with_frames_removed
  File "/opt/airflow/dags/schedule_dag_generator.py", line 12, in <module>
    from pymongo import MongoClient
ModuleNotFoundError: No module named 'pymongo'
[2025-11-09T17:28:45.111+0000] {processor.py:842} WARNING - No viable dags retrieved from /opt/airflow/dags/schedule_dag_generator.py
[2025-11-09T17:28:45.151+0000] {processor.py:183} INFO - Processing /opt/airflow/dags/schedule_dag_generator.py took 0.074 seconds
[2025-11-09T17:29:15.411+0000] {processor.py:161} INFO - Started process (PID=87) to work on /opt/airflow/dags/schedule_dag_generator.py
[2025-11-09T17:29:15.412+0000] {processor.py:830} INFO - Processing file /opt/airflow/dags/schedule_dag_generator.py for tasks to queue
[2025-11-09T17:29:15.415+0000] {logging_mixin.py:188} INFO - [2025-11-09T17:29:15.415+0000] {dagbag.py:540} INFO - Filling up the DagBag from /opt/airflow/dags/schedule_dag_generator.py
[2025-11-09T17:29:15.429+0000] {logging_mixin.py:188} INFO - [2025-11-09T17:29:15.426+0000] {dagbag.py:350} ERROR - Failed to import: /opt/airflow/dags/schedule_dag_generator.py
Traceback (most recent call last):
  File "/home/airflow/.local/lib/python3.12/site-packages/airflow/models/dagbag.py", line 346, in parse
    loader.exec_module(new_module)
  File "<frozen importlib._bootstrap_external>", line 995, in exec_module
  File "<frozen importlib._bootstrap>", line 488, in _call_with_frames_removed
  File "/opt/airflow/dags/schedule_dag_generator.py", line 12, in <module>
    from pymongo import MongoClient
ModuleNotFoundError: No module named 'pymongo'
[2025-11-09T17:29:15.431+0000] {processor.py:842} WARNING - No viable dags retrieved from /opt/airflow/dags/schedule_dag_generator.py
[2025-11-09T17:29:15.461+0000] {processor.py:183} INFO - Processing /opt/airflow/dags/schedule_dag_generator.py took 0.059 seconds
[2025-11-09T17:29:45.695+0000] {processor.py:161} INFO - Started process (PID=90) to work on /opt/airflow/dags/schedule_dag_generator.py
[2025-11-09T17:29:45.696+0000] {processor.py:830} INFO - Processing file /opt/airflow/dags/schedule_dag_generator.py for tasks to queue
[2025-11-09T17:29:45.699+0000] {logging_mixin.py:188} INFO - [2025-11-09T17:29:45.698+0000] {dagbag.py:540} INFO - Filling up the DagBag from /opt/airflow/dags/schedule_dag_generator.py
[2025-11-09T17:29:45.712+0000] {logging_mixin.py:188} INFO - [2025-11-09T17:29:45.708+0000] {dagbag.py:350} ERROR - Failed to import: /opt/airflow/dags/schedule_dag_generator.py
Traceback (most recent call last):
  File "/home/airflow/.local/lib/python3.12/site-packages/airflow/models/dagbag.py", line 346, in parse
    loader.exec_module(new_module)
  File "<frozen importlib._bootstrap_external>", line 995, in exec_module
  File "<frozen importlib._bootstrap>", line 488, in _call_with_frames_removed
  File "/opt/airflow/dags/schedule_dag_generator.py", line 12, in <module>
    from pymongo import MongoClient
ModuleNotFoundError: No module named 'pymongo'
[2025-11-09T17:29:45.713+0000] {processor.py:842} WARNING - No viable dags retrieved from /opt/airflow/dags/schedule_dag_generator.py
[2025-11-09T17:29:45.740+0000] {processor.py:183} INFO - Processing /opt/airflow/dags/schedule_dag_generator.py took 0.052 seconds
[2025-11-09T17:30:15.996+0000] {processor.py:161} INFO - Started process (PID=93) to work on /opt/airflow/dags/schedule_dag_generator.py
[2025-11-09T17:30:15.997+0000] {processor.py:830} INFO - Processing file /opt/airflow/dags/schedule_dag_generator.py for tasks to queue
[2025-11-09T17:30:15.999+0000] {logging_mixin.py:188} INFO - [2025-11-09T17:30:15.999+0000] {dagbag.py:540} INFO - Filling up the DagBag from /opt/airflow/dags/schedule_dag_generator.py
[2025-11-09T17:30:16.012+0000] {logging_mixin.py:188} INFO - [2025-11-09T17:30:16.009+0000] {dagbag.py:350} ERROR - Failed to import: /opt/airflow/dags/schedule_dag_generator.py
Traceback (most recent call last):
  File "/home/airflow/.local/lib/python3.12/site-packages/airflow/models/dagbag.py", line 346, in parse
    loader.exec_module(new_module)
  File "<frozen importlib._bootstrap_external>", line 995, in exec_module
  File "<frozen importlib._bootstrap>", line 488, in _call_with_frames_removed
  File "/opt/airflow/dags/schedule_dag_generator.py", line 12, in <module>
    from pymongo import MongoClient
ModuleNotFoundError: No module named 'pymongo'
[2025-11-09T17:30:16.013+0000] {processor.py:842} WARNING - No viable dags retrieved from /opt/airflow/dags/schedule_dag_generator.py
[2025-11-09T17:30:16.036+0000] {processor.py:183} INFO - Processing /opt/airflow/dags/schedule_dag_generator.py took 0.045 seconds
[2025-11-09T17:30:46.263+0000] {processor.py:161} INFO - Started process (PID=96) to work on /opt/airflow/dags/schedule_dag_generator.py
[2025-11-09T17:30:46.265+0000] {processor.py:830} INFO - Processing file /opt/airflow/dags/schedule_dag_generator.py for tasks to queue
[2025-11-09T17:30:46.267+0000] {logging_mixin.py:188} INFO - [2025-11-09T17:30:46.267+0000] {dagbag.py:540} INFO - Filling up the DagBag from /opt/airflow/dags/schedule_dag_generator.py
[2025-11-09T17:30:46.284+0000] {logging_mixin.py:188} INFO - [2025-11-09T17:30:46.280+0000] {dagbag.py:350} ERROR - Failed to import: /opt/airflow/dags/schedule_dag_generator.py
Traceback (most recent call last):
  File "/home/airflow/.local/lib/python3.12/site-packages/airflow/models/dagbag.py", line 346, in parse
    loader.exec_module(new_module)
  File "<frozen importlib._bootstrap_external>", line 995, in exec_module
  File "<frozen importlib._bootstrap>", line 488, in _call_with_frames_removed
  File "/opt/airflow/dags/schedule_dag_generator.py", line 12, in <module>
    from pymongo import MongoClient
ModuleNotFoundError: No module named 'pymongo'
[2025-11-09T17:30:46.285+0000] {processor.py:842} WARNING - No viable dags retrieved from /opt/airflow/dags/schedule_dag_generator.py
[2025-11-09T17:30:46.320+0000] {processor.py:183} INFO - Processing /opt/airflow/dags/schedule_dag_generator.py took 0.065 seconds
[2025-11-09T17:31:16.552+0000] {processor.py:161} INFO - Started process (PID=99) to work on /opt/airflow/dags/schedule_dag_generator.py
[2025-11-09T17:31:16.552+0000] {processor.py:830} INFO - Processing file /opt/airflow/dags/schedule_dag_generator.py for tasks to queue
[2025-11-09T17:31:16.554+0000] {logging_mixin.py:188} INFO - [2025-11-09T17:31:16.554+0000] {dagbag.py:540} INFO - Filling up the DagBag from /opt/airflow/dags/schedule_dag_generator.py
[2025-11-09T17:31:16.566+0000] {logging_mixin.py:188} INFO - [2025-11-09T17:31:16.563+0000] {dagbag.py:350} ERROR - Failed to import: /opt/airflow/dags/schedule_dag_generator.py
Traceback (most recent call last):
  File "/home/airflow/.local/lib/python3.12/site-packages/airflow/models/dagbag.py", line 346, in parse
    loader.exec_module(new_module)
  File "<frozen importlib._bootstrap_external>", line 995, in exec_module
  File "<frozen importlib._bootstrap>", line 488, in _call_with_frames_removed
  File "/opt/airflow/dags/schedule_dag_generator.py", line 12, in <module>
    from pymongo import MongoClient
ModuleNotFoundError: No module named 'pymongo'
[2025-11-09T17:31:16.567+0000] {processor.py:842} WARNING - No viable dags retrieved from /opt/airflow/dags/schedule_dag_generator.py
[2025-11-09T17:31:16.591+0000] {processor.py:183} INFO - Processing /opt/airflow/dags/schedule_dag_generator.py took 0.045 seconds
[2025-11-09T17:31:46.810+0000] {processor.py:161} INFO - Started process (PID=102) to work on /opt/airflow/dags/schedule_dag_generator.py
[2025-11-09T17:31:46.811+0000] {processor.py:830} INFO - Processing file /opt/airflow/dags/schedule_dag_generator.py for tasks to queue
[2025-11-09T17:31:46.813+0000] {logging_mixin.py:188} INFO - [2025-11-09T17:31:46.813+0000] {dagbag.py:540} INFO - Filling up the DagBag from /opt/airflow/dags/schedule_dag_generator.py
[2025-11-09T17:31:46.825+0000] {logging_mixin.py:188} INFO - [2025-11-09T17:31:46.822+0000] {dagbag.py:350} ERROR - Failed to import: /opt/airflow/dags/schedule_dag_generator.py
Traceback (most recent call last):
  File "/home/airflow/.local/lib/python3.12/site-packages/airflow/models/dagbag.py", line 346, in parse
    loader.exec_module(new_module)
  File "<frozen importlib._bootstrap_external>", line 995, in exec_module
  File "<frozen importlib._bootstrap>", line 488, in _call_with_frames_removed
  File "/opt/airflow/dags/schedule_dag_generator.py", line 12, in <module>
    from pymongo import MongoClient
ModuleNotFoundError: No module named 'pymongo'
[2025-11-09T17:31:46.826+0000] {processor.py:842} WARNING - No viable dags retrieved from /opt/airflow/dags/schedule_dag_generator.py
[2025-11-09T17:31:46.849+0000] {processor.py:183} INFO - Processing /opt/airflow/dags/schedule_dag_generator.py took 0.044 seconds
[2025-11-09T17:32:17.079+0000] {processor.py:161} INFO - Started process (PID=105) to work on /opt/airflow/dags/schedule_dag_generator.py
[2025-11-09T17:32:17.080+0000] {processor.py:830} INFO - Processing file /opt/airflow/dags/schedule_dag_generator.py for tasks to queue
[2025-11-09T17:32:17.082+0000] {logging_mixin.py:188} INFO - [2025-11-09T17:32:17.082+0000] {dagbag.py:540} INFO - Filling up the DagBag from /opt/airflow/dags/schedule_dag_generator.py
[2025-11-09T17:32:17.094+0000] {logging_mixin.py:188} INFO - [2025-11-09T17:32:17.091+0000] {dagbag.py:350} ERROR - Failed to import: /opt/airflow/dags/schedule_dag_generator.py
Traceback (most recent call last):
  File "/home/airflow/.local/lib/python3.12/site-packages/airflow/models/dagbag.py", line 346, in parse
    loader.exec_module(new_module)
  File "<frozen importlib._bootstrap_external>", line 995, in exec_module
  File "<frozen importlib._bootstrap>", line 488, in _call_with_frames_removed
  File "/opt/airflow/dags/schedule_dag_generator.py", line 12, in <module>
    from pymongo import MongoClient
ModuleNotFoundError: No module named 'pymongo'
[2025-11-09T17:32:17.095+0000] {processor.py:842} WARNING - No viable dags retrieved from /opt/airflow/dags/schedule_dag_generator.py
[2025-11-09T17:32:17.120+0000] {processor.py:183} INFO - Processing /opt/airflow/dags/schedule_dag_generator.py took 0.046 seconds
[2025-11-09T17:32:47.363+0000] {processor.py:161} INFO - Started process (PID=108) to work on /opt/airflow/dags/schedule_dag_generator.py
[2025-11-09T17:32:47.364+0000] {processor.py:830} INFO - Processing file /opt/airflow/dags/schedule_dag_generator.py for tasks to queue
[2025-11-09T17:32:47.366+0000] {logging_mixin.py:188} INFO - [2025-11-09T17:32:47.366+0000] {dagbag.py:540} INFO - Filling up the DagBag from /opt/airflow/dags/schedule_dag_generator.py
[2025-11-09T17:32:47.383+0000] {logging_mixin.py:188} INFO - [2025-11-09T17:32:47.379+0000] {dagbag.py:350} ERROR - Failed to import: /opt/airflow/dags/schedule_dag_generator.py
Traceback (most recent call last):
  File "/home/airflow/.local/lib/python3.12/site-packages/airflow/models/dagbag.py", line 346, in parse
    loader.exec_module(new_module)
  File "<frozen importlib._bootstrap_external>", line 995, in exec_module
  File "<frozen importlib._bootstrap>", line 488, in _call_with_frames_removed
  File "/opt/airflow/dags/schedule_dag_generator.py", line 12, in <module>
    from pymongo import MongoClient
ModuleNotFoundError: No module named 'pymongo'
[2025-11-09T17:32:47.384+0000] {processor.py:842} WARNING - No viable dags retrieved from /opt/airflow/dags/schedule_dag_generator.py
[2025-11-09T17:32:47.421+0000] {processor.py:183} INFO - Processing /opt/airflow/dags/schedule_dag_generator.py took 0.065 seconds
[2025-11-09T17:33:17.648+0000] {processor.py:161} INFO - Started process (PID=111) to work on /opt/airflow/dags/schedule_dag_generator.py
[2025-11-09T17:33:17.648+0000] {processor.py:830} INFO - Processing file /opt/airflow/dags/schedule_dag_generator.py for tasks to queue
[2025-11-09T17:33:17.650+0000] {logging_mixin.py:188} INFO - [2025-11-09T17:33:17.650+0000] {dagbag.py:540} INFO - Filling up the DagBag from /opt/airflow/dags/schedule_dag_generator.py
[2025-11-09T17:33:17.662+0000] {logging_mixin.py:188} INFO - [2025-11-09T17:33:17.659+0000] {dagbag.py:350} ERROR - Failed to import: /opt/airflow/dags/schedule_dag_generator.py
Traceback (most recent call last):
  File "/home/airflow/.local/lib/python3.12/site-packages/airflow/models/dagbag.py", line 346, in parse
    loader.exec_module(new_module)
  File "<frozen importlib._bootstrap_external>", line 995, in exec_module
  File "<frozen importlib._bootstrap>", line 488, in _call_with_frames_removed
  File "/opt/airflow/dags/schedule_dag_generator.py", line 12, in <module>
    from pymongo import MongoClient
ModuleNotFoundError: No module named 'pymongo'
[2025-11-09T17:33:17.664+0000] {processor.py:842} WARNING - No viable dags retrieved from /opt/airflow/dags/schedule_dag_generator.py
[2025-11-09T17:33:17.688+0000] {processor.py:183} INFO - Processing /opt/airflow/dags/schedule_dag_generator.py took 0.047 seconds
[2025-11-09T17:33:47.910+0000] {processor.py:161} INFO - Started process (PID=114) to work on /opt/airflow/dags/schedule_dag_generator.py
[2025-11-09T17:33:47.911+0000] {processor.py:830} INFO - Processing file /opt/airflow/dags/schedule_dag_generator.py for tasks to queue
[2025-11-09T17:33:47.913+0000] {logging_mixin.py:188} INFO - [2025-11-09T17:33:47.913+0000] {dagbag.py:540} INFO - Filling up the DagBag from /opt/airflow/dags/schedule_dag_generator.py
[2025-11-09T17:33:47.925+0000] {logging_mixin.py:188} INFO - [2025-11-09T17:33:47.922+0000] {dagbag.py:350} ERROR - Failed to import: /opt/airflow/dags/schedule_dag_generator.py
Traceback (most recent call last):
  File "/home/airflow/.local/lib/python3.12/site-packages/airflow/models/dagbag.py", line 346, in parse
    loader.exec_module(new_module)
  File "<frozen importlib._bootstrap_external>", line 995, in exec_module
  File "<frozen importlib._bootstrap>", line 488, in _call_with_frames_removed
  File "/opt/airflow/dags/schedule_dag_generator.py", line 12, in <module>
    from pymongo import MongoClient
ModuleNotFoundError: No module named 'pymongo'
[2025-11-09T17:33:47.926+0000] {processor.py:842} WARNING - No viable dags retrieved from /opt/airflow/dags/schedule_dag_generator.py
[2025-11-09T17:33:47.954+0000] {processor.py:183} INFO - Processing /opt/airflow/dags/schedule_dag_generator.py took 0.049 seconds
[2025-11-09T17:34:18.194+0000] {processor.py:161} INFO - Started process (PID=117) to work on /opt/airflow/dags/schedule_dag_generator.py
[2025-11-09T17:34:18.194+0000] {processor.py:830} INFO - Processing file /opt/airflow/dags/schedule_dag_generator.py for tasks to queue
[2025-11-09T17:34:18.197+0000] {logging_mixin.py:188} INFO - [2025-11-09T17:34:18.197+0000] {dagbag.py:540} INFO - Filling up the DagBag from /opt/airflow/dags/schedule_dag_generator.py
[2025-11-09T17:34:18.210+0000] {logging_mixin.py:188} INFO - [2025-11-09T17:34:18.207+0000] {dagbag.py:350} ERROR - Failed to import: /opt/airflow/dags/schedule_dag_generator.py
Traceback (most recent call last):
  File "/home/airflow/.local/lib/python3.12/site-packages/airflow/models/dagbag.py", line 346, in parse
    loader.exec_module(new_module)
  File "<frozen importlib._bootstrap_external>", line 995, in exec_module
  File "<frozen importlib._bootstrap>", line 488, in _call_with_frames_removed
  File "/opt/airflow/dags/schedule_dag_generator.py", line 12, in <module>
    from pymongo import MongoClient
ModuleNotFoundError: No module named 'pymongo'
[2025-11-09T17:34:18.211+0000] {processor.py:842} WARNING - No viable dags retrieved from /opt/airflow/dags/schedule_dag_generator.py
[2025-11-09T17:34:18.237+0000] {processor.py:183} INFO - Processing /opt/airflow/dags/schedule_dag_generator.py took 0.049 seconds
[2025-11-09T17:34:48.468+0000] {processor.py:161} INFO - Started process (PID=120) to work on /opt/airflow/dags/schedule_dag_generator.py
[2025-11-09T17:34:48.469+0000] {processor.py:830} INFO - Processing file /opt/airflow/dags/schedule_dag_generator.py for tasks to queue
[2025-11-09T17:34:48.471+0000] {logging_mixin.py:188} INFO - [2025-11-09T17:34:48.471+0000] {dagbag.py:540} INFO - Filling up the DagBag from /opt/airflow/dags/schedule_dag_generator.py
[2025-11-09T17:34:48.484+0000] {logging_mixin.py:188} INFO - [2025-11-09T17:34:48.481+0000] {dagbag.py:350} ERROR - Failed to import: /opt/airflow/dags/schedule_dag_generator.py
Traceback (most recent call last):
  File "/home/airflow/.local/lib/python3.12/site-packages/airflow/models/dagbag.py", line 346, in parse
    loader.exec_module(new_module)
  File "<frozen importlib._bootstrap_external>", line 995, in exec_module
  File "<frozen importlib._bootstrap>", line 488, in _call_with_frames_removed
  File "/opt/airflow/dags/schedule_dag_generator.py", line 12, in <module>
    from pymongo import MongoClient
ModuleNotFoundError: No module named 'pymongo'
[2025-11-09T17:34:48.486+0000] {processor.py:842} WARNING - No viable dags retrieved from /opt/airflow/dags/schedule_dag_generator.py
[2025-11-09T17:34:48.511+0000] {processor.py:183} INFO - Processing /opt/airflow/dags/schedule_dag_generator.py took 0.049 seconds
[2025-11-09T17:35:18.761+0000] {processor.py:161} INFO - Started process (PID=123) to work on /opt/airflow/dags/schedule_dag_generator.py
[2025-11-09T17:35:18.762+0000] {processor.py:830} INFO - Processing file /opt/airflow/dags/schedule_dag_generator.py for tasks to queue
[2025-11-09T17:35:18.764+0000] {logging_mixin.py:188} INFO - [2025-11-09T17:35:18.764+0000] {dagbag.py:540} INFO - Filling up the DagBag from /opt/airflow/dags/schedule_dag_generator.py
[2025-11-09T17:35:18.776+0000] {logging_mixin.py:188} INFO - [2025-11-09T17:35:18.774+0000] {dagbag.py:350} ERROR - Failed to import: /opt/airflow/dags/schedule_dag_generator.py
Traceback (most recent call last):
  File "/home/airflow/.local/lib/python3.12/site-packages/airflow/models/dagbag.py", line 346, in parse
    loader.exec_module(new_module)
  File "<frozen importlib._bootstrap_external>", line 995, in exec_module
  File "<frozen importlib._bootstrap>", line 488, in _call_with_frames_removed
  File "/opt/airflow/dags/schedule_dag_generator.py", line 12, in <module>
    from pymongo import MongoClient
ModuleNotFoundError: No module named 'pymongo'
[2025-11-09T17:35:18.778+0000] {processor.py:842} WARNING - No viable dags retrieved from /opt/airflow/dags/schedule_dag_generator.py
[2025-11-09T17:35:18.801+0000] {processor.py:183} INFO - Processing /opt/airflow/dags/schedule_dag_generator.py took 0.047 seconds
[2025-11-09T17:35:49.028+0000] {processor.py:161} INFO - Started process (PID=126) to work on /opt/airflow/dags/schedule_dag_generator.py
[2025-11-09T17:35:49.029+0000] {processor.py:830} INFO - Processing file /opt/airflow/dags/schedule_dag_generator.py for tasks to queue
[2025-11-09T17:35:49.031+0000] {logging_mixin.py:188} INFO - [2025-11-09T17:35:49.030+0000] {dagbag.py:540} INFO - Filling up the DagBag from /opt/airflow/dags/schedule_dag_generator.py
[2025-11-09T17:35:49.043+0000] {logging_mixin.py:188} INFO - [2025-11-09T17:35:49.040+0000] {dagbag.py:350} ERROR - Failed to import: /opt/airflow/dags/schedule_dag_generator.py
Traceback (most recent call last):
  File "/home/airflow/.local/lib/python3.12/site-packages/airflow/models/dagbag.py", line 346, in parse
    loader.exec_module(new_module)
  File "<frozen importlib._bootstrap_external>", line 995, in exec_module
  File "<frozen importlib._bootstrap>", line 488, in _call_with_frames_removed
  File "/opt/airflow/dags/schedule_dag_generator.py", line 12, in <module>
    from pymongo import MongoClient
ModuleNotFoundError: No module named 'pymongo'
[2025-11-09T17:35:49.044+0000] {processor.py:842} WARNING - No viable dags retrieved from /opt/airflow/dags/schedule_dag_generator.py
[2025-11-09T17:35:49.067+0000] {processor.py:183} INFO - Processing /opt/airflow/dags/schedule_dag_generator.py took 0.045 seconds
[2025-11-09T17:36:19.298+0000] {processor.py:161} INFO - Started process (PID=129) to work on /opt/airflow/dags/schedule_dag_generator.py
[2025-11-09T17:36:19.299+0000] {processor.py:830} INFO - Processing file /opt/airflow/dags/schedule_dag_generator.py for tasks to queue
[2025-11-09T17:36:19.301+0000] {logging_mixin.py:188} INFO - [2025-11-09T17:36:19.300+0000] {dagbag.py:540} INFO - Filling up the DagBag from /opt/airflow/dags/schedule_dag_generator.py
[2025-11-09T17:36:19.314+0000] {logging_mixin.py:188} INFO - [2025-11-09T17:36:19.310+0000] {dagbag.py:350} ERROR - Failed to import: /opt/airflow/dags/schedule_dag_generator.py
Traceback (most recent call last):
  File "/home/airflow/.local/lib/python3.12/site-packages/airflow/models/dagbag.py", line 346, in parse
    loader.exec_module(new_module)
  File "<frozen importlib._bootstrap_external>", line 995, in exec_module
  File "<frozen importlib._bootstrap>", line 488, in _call_with_frames_removed
  File "/opt/airflow/dags/schedule_dag_generator.py", line 12, in <module>
    from pymongo import MongoClient
ModuleNotFoundError: No module named 'pymongo'
[2025-11-09T17:36:19.315+0000] {processor.py:842} WARNING - No viable dags retrieved from /opt/airflow/dags/schedule_dag_generator.py
[2025-11-09T17:36:19.341+0000] {processor.py:183} INFO - Processing /opt/airflow/dags/schedule_dag_generator.py took 0.050 seconds
[2025-11-09T17:36:49.576+0000] {processor.py:161} INFO - Started process (PID=132) to work on /opt/airflow/dags/schedule_dag_generator.py
[2025-11-09T17:36:49.577+0000] {processor.py:830} INFO - Processing file /opt/airflow/dags/schedule_dag_generator.py for tasks to queue
[2025-11-09T17:36:49.578+0000] {logging_mixin.py:188} INFO - [2025-11-09T17:36:49.578+0000] {dagbag.py:540} INFO - Filling up the DagBag from /opt/airflow/dags/schedule_dag_generator.py
[2025-11-09T17:36:49.590+0000] {logging_mixin.py:188} INFO - [2025-11-09T17:36:49.588+0000] {dagbag.py:350} ERROR - Failed to import: /opt/airflow/dags/schedule_dag_generator.py
Traceback (most recent call last):
  File "/home/airflow/.local/lib/python3.12/site-packages/airflow/models/dagbag.py", line 346, in parse
    loader.exec_module(new_module)
  File "<frozen importlib._bootstrap_external>", line 995, in exec_module
  File "<frozen importlib._bootstrap>", line 488, in _call_with_frames_removed
  File "/opt/airflow/dags/schedule_dag_generator.py", line 12, in <module>
    from pymongo import MongoClient
ModuleNotFoundError: No module named 'pymongo'
[2025-11-09T17:36:49.592+0000] {processor.py:842} WARNING - No viable dags retrieved from /opt/airflow/dags/schedule_dag_generator.py
[2025-11-09T17:36:49.617+0000] {processor.py:183} INFO - Processing /opt/airflow/dags/schedule_dag_generator.py took 0.046 seconds
[2025-11-09T17:37:19.859+0000] {processor.py:161} INFO - Started process (PID=135) to work on /opt/airflow/dags/schedule_dag_generator.py
[2025-11-09T17:37:19.860+0000] {processor.py:830} INFO - Processing file /opt/airflow/dags/schedule_dag_generator.py for tasks to queue
[2025-11-09T17:37:19.863+0000] {logging_mixin.py:188} INFO - [2025-11-09T17:37:19.862+0000] {dagbag.py:540} INFO - Filling up the DagBag from /opt/airflow/dags/schedule_dag_generator.py
[2025-11-09T17:37:19.880+0000] {logging_mixin.py:188} INFO - [2025-11-09T17:37:19.876+0000] {dagbag.py:350} ERROR - Failed to import: /opt/airflow/dags/schedule_dag_generator.py
Traceback (most recent call last):
  File "/home/airflow/.local/lib/python3.12/site-packages/airflow/models/dagbag.py", line 346, in parse
    loader.exec_module(new_module)
  File "<frozen importlib._bootstrap_external>", line 995, in exec_module
  File "<frozen importlib._bootstrap>", line 488, in _call_with_frames_removed
  File "/opt/airflow/dags/schedule_dag_generator.py", line 12, in <module>
    from pymongo import MongoClient
ModuleNotFoundError: No module named 'pymongo'
[2025-11-09T17:37:19.881+0000] {processor.py:842} WARNING - No viable dags retrieved from /opt/airflow/dags/schedule_dag_generator.py
[2025-11-09T17:37:19.919+0000] {processor.py:183} INFO - Processing /opt/airflow/dags/schedule_dag_generator.py took 0.067 seconds
[2025-11-09T17:37:50.157+0000] {processor.py:161} INFO - Started process (PID=138) to work on /opt/airflow/dags/schedule_dag_generator.py
[2025-11-09T17:37:50.158+0000] {processor.py:830} INFO - Processing file /opt/airflow/dags/schedule_dag_generator.py for tasks to queue
[2025-11-09T17:37:50.160+0000] {logging_mixin.py:188} INFO - [2025-11-09T17:37:50.160+0000] {dagbag.py:540} INFO - Filling up the DagBag from /opt/airflow/dags/schedule_dag_generator.py
[2025-11-09T17:37:50.175+0000] {logging_mixin.py:188} INFO - [2025-11-09T17:37:50.172+0000] {dagbag.py:350} ERROR - Failed to import: /opt/airflow/dags/schedule_dag_generator.py
Traceback (most recent call last):
  File "/home/airflow/.local/lib/python3.12/site-packages/airflow/models/dagbag.py", line 346, in parse
    loader.exec_module(new_module)
  File "<frozen importlib._bootstrap_external>", line 995, in exec_module
  File "<frozen importlib._bootstrap>", line 488, in _call_with_frames_removed
  File "/opt/airflow/dags/schedule_dag_generator.py", line 12, in <module>
    from pymongo import MongoClient
ModuleNotFoundError: No module named 'pymongo'
[2025-11-09T17:37:50.176+0000] {processor.py:842} WARNING - No viable dags retrieved from /opt/airflow/dags/schedule_dag_generator.py
[2025-11-09T17:37:50.204+0000] {processor.py:183} INFO - Processing /opt/airflow/dags/schedule_dag_generator.py took 0.054 seconds
[2025-11-09T17:38:20.444+0000] {processor.py:161} INFO - Started process (PID=141) to work on /opt/airflow/dags/schedule_dag_generator.py
[2025-11-09T17:38:20.445+0000] {processor.py:830} INFO - Processing file /opt/airflow/dags/schedule_dag_generator.py for tasks to queue
[2025-11-09T17:38:20.447+0000] {logging_mixin.py:188} INFO - [2025-11-09T17:38:20.447+0000] {dagbag.py:540} INFO - Filling up the DagBag from /opt/airflow/dags/schedule_dag_generator.py
[2025-11-09T17:38:20.462+0000] {logging_mixin.py:188} INFO - [2025-11-09T17:38:20.456+0000] {dagbag.py:350} ERROR - Failed to import: /opt/airflow/dags/schedule_dag_generator.py
Traceback (most recent call last):
  File "/home/airflow/.local/lib/python3.12/site-packages/airflow/models/dagbag.py", line 346, in parse
    loader.exec_module(new_module)
  File "<frozen importlib._bootstrap_external>", line 995, in exec_module
  File "<frozen importlib._bootstrap>", line 488, in _call_with_frames_removed
  File "/opt/airflow/dags/schedule_dag_generator.py", line 12, in <module>
    from pymongo import MongoClient
ModuleNotFoundError: No module named 'pymongo'
[2025-11-09T17:38:20.463+0000] {processor.py:842} WARNING - No viable dags retrieved from /opt/airflow/dags/schedule_dag_generator.py
[2025-11-09T17:38:20.497+0000] {processor.py:183} INFO - Processing /opt/airflow/dags/schedule_dag_generator.py took 0.058 seconds
[2025-11-09T17:38:50.741+0000] {processor.py:161} INFO - Started process (PID=144) to work on /opt/airflow/dags/schedule_dag_generator.py
[2025-11-09T17:38:50.742+0000] {processor.py:830} INFO - Processing file /opt/airflow/dags/schedule_dag_generator.py for tasks to queue
[2025-11-09T17:38:50.744+0000] {logging_mixin.py:188} INFO - [2025-11-09T17:38:50.743+0000] {dagbag.py:540} INFO - Filling up the DagBag from /opt/airflow/dags/schedule_dag_generator.py
[2025-11-09T17:38:50.756+0000] {logging_mixin.py:188} INFO - [2025-11-09T17:38:50.753+0000] {dagbag.py:350} ERROR - Failed to import: /opt/airflow/dags/schedule_dag_generator.py
Traceback (most recent call last):
  File "/home/airflow/.local/lib/python3.12/site-packages/airflow/models/dagbag.py", line 346, in parse
    loader.exec_module(new_module)
  File "<frozen importlib._bootstrap_external>", line 995, in exec_module
  File "<frozen importlib._bootstrap>", line 488, in _call_with_frames_removed
  File "/opt/airflow/dags/schedule_dag_generator.py", line 12, in <module>
    from pymongo import MongoClient
ModuleNotFoundError: No module named 'pymongo'
[2025-11-09T17:38:50.757+0000] {processor.py:842} WARNING - No viable dags retrieved from /opt/airflow/dags/schedule_dag_generator.py
[2025-11-09T17:38:50.785+0000] {processor.py:183} INFO - Processing /opt/airflow/dags/schedule_dag_generator.py took 0.050 seconds
[2025-11-09T17:39:21.019+0000] {processor.py:161} INFO - Started process (PID=147) to work on /opt/airflow/dags/schedule_dag_generator.py
[2025-11-09T17:39:21.020+0000] {processor.py:830} INFO - Processing file /opt/airflow/dags/schedule_dag_generator.py for tasks to queue
[2025-11-09T17:39:21.021+0000] {logging_mixin.py:188} INFO - [2025-11-09T17:39:21.021+0000] {dagbag.py:540} INFO - Filling up the DagBag from /opt/airflow/dags/schedule_dag_generator.py
[2025-11-09T17:39:21.034+0000] {logging_mixin.py:188} INFO - [2025-11-09T17:39:21.030+0000] {dagbag.py:350} ERROR - Failed to import: /opt/airflow/dags/schedule_dag_generator.py
Traceback (most recent call last):
  File "/home/airflow/.local/lib/python3.12/site-packages/airflow/models/dagbag.py", line 346, in parse
    loader.exec_module(new_module)
  File "<frozen importlib._bootstrap_external>", line 995, in exec_module
  File "<frozen importlib._bootstrap>", line 488, in _call_with_frames_removed
  File "/opt/airflow/dags/schedule_dag_generator.py", line 12, in <module>
    from pymongo import MongoClient
ModuleNotFoundError: No module named 'pymongo'
[2025-11-09T17:39:21.035+0000] {processor.py:842} WARNING - No viable dags retrieved from /opt/airflow/dags/schedule_dag_generator.py
[2025-11-09T17:39:21.065+0000] {processor.py:183} INFO - Processing /opt/airflow/dags/schedule_dag_generator.py took 0.051 seconds
[2025-11-09T17:39:51.292+0000] {processor.py:161} INFO - Started process (PID=150) to work on /opt/airflow/dags/schedule_dag_generator.py
[2025-11-09T17:39:51.293+0000] {processor.py:830} INFO - Processing file /opt/airflow/dags/schedule_dag_generator.py for tasks to queue
[2025-11-09T17:39:51.295+0000] {logging_mixin.py:188} INFO - [2025-11-09T17:39:51.295+0000] {dagbag.py:540} INFO - Filling up the DagBag from /opt/airflow/dags/schedule_dag_generator.py
[2025-11-09T17:39:51.307+0000] {logging_mixin.py:188} INFO - [2025-11-09T17:39:51.304+0000] {dagbag.py:350} ERROR - Failed to import: /opt/airflow/dags/schedule_dag_generator.py
Traceback (most recent call last):
  File "/home/airflow/.local/lib/python3.12/site-packages/airflow/models/dagbag.py", line 346, in parse
    loader.exec_module(new_module)
  File "<frozen importlib._bootstrap_external>", line 995, in exec_module
  File "<frozen importlib._bootstrap>", line 488, in _call_with_frames_removed
  File "/opt/airflow/dags/schedule_dag_generator.py", line 12, in <module>
    from pymongo import MongoClient
ModuleNotFoundError: No module named 'pymongo'
[2025-11-09T17:39:51.308+0000] {processor.py:842} WARNING - No viable dags retrieved from /opt/airflow/dags/schedule_dag_generator.py
[2025-11-09T17:39:51.334+0000] {processor.py:183} INFO - Processing /opt/airflow/dags/schedule_dag_generator.py took 0.047 seconds
[2025-11-09T17:40:21.641+0000] {processor.py:161} INFO - Started process (PID=153) to work on /opt/airflow/dags/schedule_dag_generator.py
[2025-11-09T17:40:21.642+0000] {processor.py:830} INFO - Processing file /opt/airflow/dags/schedule_dag_generator.py for tasks to queue
[2025-11-09T17:40:21.644+0000] {logging_mixin.py:188} INFO - [2025-11-09T17:40:21.644+0000] {dagbag.py:540} INFO - Filling up the DagBag from /opt/airflow/dags/schedule_dag_generator.py
[2025-11-09T17:40:21.657+0000] {logging_mixin.py:188} INFO - [2025-11-09T17:40:21.654+0000] {dagbag.py:350} ERROR - Failed to import: /opt/airflow/dags/schedule_dag_generator.py
Traceback (most recent call last):
  File "/home/airflow/.local/lib/python3.12/site-packages/airflow/models/dagbag.py", line 346, in parse
    loader.exec_module(new_module)
  File "<frozen importlib._bootstrap_external>", line 995, in exec_module
  File "<frozen importlib._bootstrap>", line 488, in _call_with_frames_removed
  File "/opt/airflow/dags/schedule_dag_generator.py", line 12, in <module>
    from pymongo import MongoClient
ModuleNotFoundError: No module named 'pymongo'
[2025-11-09T17:40:21.658+0000] {processor.py:842} WARNING - No viable dags retrieved from /opt/airflow/dags/schedule_dag_generator.py
[2025-11-09T17:40:21.689+0000] {processor.py:183} INFO - Processing /opt/airflow/dags/schedule_dag_generator.py took 0.054 seconds
[2025-11-09T17:40:51.942+0000] {processor.py:161} INFO - Started process (PID=156) to work on /opt/airflow/dags/schedule_dag_generator.py
[2025-11-09T17:40:51.944+0000] {processor.py:830} INFO - Processing file /opt/airflow/dags/schedule_dag_generator.py for tasks to queue
[2025-11-09T17:40:51.946+0000] {logging_mixin.py:188} INFO - [2025-11-09T17:40:51.946+0000] {dagbag.py:540} INFO - Filling up the DagBag from /opt/airflow/dags/schedule_dag_generator.py
[2025-11-09T17:40:51.967+0000] {logging_mixin.py:188} INFO - [2025-11-09T17:40:51.962+0000] {dagbag.py:350} ERROR - Failed to import: /opt/airflow/dags/schedule_dag_generator.py
Traceback (most recent call last):
  File "/home/airflow/.local/lib/python3.12/site-packages/airflow/models/dagbag.py", line 346, in parse
    loader.exec_module(new_module)
  File "<frozen importlib._bootstrap_external>", line 995, in exec_module
  File "<frozen importlib._bootstrap>", line 488, in _call_with_frames_removed
  File "/opt/airflow/dags/schedule_dag_generator.py", line 12, in <module>
    from pymongo import MongoClient
ModuleNotFoundError: No module named 'pymongo'
[2025-11-09T17:40:51.969+0000] {processor.py:842} WARNING - No viable dags retrieved from /opt/airflow/dags/schedule_dag_generator.py
[2025-11-09T17:40:52.003+0000] {processor.py:183} INFO - Processing /opt/airflow/dags/schedule_dag_generator.py took 0.067 seconds
[2025-11-09T17:41:22.254+0000] {processor.py:161} INFO - Started process (PID=159) to work on /opt/airflow/dags/schedule_dag_generator.py
[2025-11-09T17:41:22.255+0000] {processor.py:830} INFO - Processing file /opt/airflow/dags/schedule_dag_generator.py for tasks to queue
[2025-11-09T17:41:22.258+0000] {logging_mixin.py:188} INFO - [2025-11-09T17:41:22.257+0000] {dagbag.py:540} INFO - Filling up the DagBag from /opt/airflow/dags/schedule_dag_generator.py
[2025-11-09T17:41:22.273+0000] {logging_mixin.py:188} INFO - [2025-11-09T17:41:22.268+0000] {dagbag.py:350} ERROR - Failed to import: /opt/airflow/dags/schedule_dag_generator.py
Traceback (most recent call last):
  File "/home/airflow/.local/lib/python3.12/site-packages/airflow/models/dagbag.py", line 346, in parse
    loader.exec_module(new_module)
  File "<frozen importlib._bootstrap_external>", line 995, in exec_module
  File "<frozen importlib._bootstrap>", line 488, in _call_with_frames_removed
  File "/opt/airflow/dags/schedule_dag_generator.py", line 12, in <module>
    from pymongo import MongoClient
ModuleNotFoundError: No module named 'pymongo'
[2025-11-09T17:41:22.274+0000] {processor.py:842} WARNING - No viable dags retrieved from /opt/airflow/dags/schedule_dag_generator.py
[2025-11-09T17:41:22.303+0000] {processor.py:183} INFO - Processing /opt/airflow/dags/schedule_dag_generator.py took 0.056 seconds
[2025-11-09T17:41:52.551+0000] {processor.py:161} INFO - Started process (PID=162) to work on /opt/airflow/dags/schedule_dag_generator.py
[2025-11-09T17:41:52.553+0000] {processor.py:830} INFO - Processing file /opt/airflow/dags/schedule_dag_generator.py for tasks to queue
[2025-11-09T17:41:52.555+0000] {logging_mixin.py:188} INFO - [2025-11-09T17:41:52.555+0000] {dagbag.py:540} INFO - Filling up the DagBag from /opt/airflow/dags/schedule_dag_generator.py
[2025-11-09T17:41:52.579+0000] {logging_mixin.py:188} INFO - [2025-11-09T17:41:52.567+0000] {dagbag.py:350} ERROR - Failed to import: /opt/airflow/dags/schedule_dag_generator.py
Traceback (most recent call last):
  File "/home/airflow/.local/lib/python3.12/site-packages/airflow/models/dagbag.py", line 346, in parse
    loader.exec_module(new_module)
  File "<frozen importlib._bootstrap_external>", line 995, in exec_module
  File "<frozen importlib._bootstrap>", line 488, in _call_with_frames_removed
  File "/opt/airflow/dags/schedule_dag_generator.py", line 12, in <module>
    from pymongo import MongoClient
ModuleNotFoundError: No module named 'pymongo'
[2025-11-09T17:41:52.582+0000] {processor.py:842} WARNING - No viable dags retrieved from /opt/airflow/dags/schedule_dag_generator.py
[2025-11-09T17:41:52.644+0000] {processor.py:183} INFO - Processing /opt/airflow/dags/schedule_dag_generator.py took 0.100 seconds
[2025-11-09T17:42:22.927+0000] {processor.py:161} INFO - Started process (PID=165) to work on /opt/airflow/dags/schedule_dag_generator.py
[2025-11-09T17:42:22.928+0000] {processor.py:830} INFO - Processing file /opt/airflow/dags/schedule_dag_generator.py for tasks to queue
[2025-11-09T17:42:22.930+0000] {logging_mixin.py:188} INFO - [2025-11-09T17:42:22.930+0000] {dagbag.py:540} INFO - Filling up the DagBag from /opt/airflow/dags/schedule_dag_generator.py
[2025-11-09T17:42:22.943+0000] {logging_mixin.py:188} INFO - [2025-11-09T17:42:22.940+0000] {dagbag.py:350} ERROR - Failed to import: /opt/airflow/dags/schedule_dag_generator.py
Traceback (most recent call last):
  File "/home/airflow/.local/lib/python3.12/site-packages/airflow/models/dagbag.py", line 346, in parse
    loader.exec_module(new_module)
  File "<frozen importlib._bootstrap_external>", line 995, in exec_module
  File "<frozen importlib._bootstrap>", line 488, in _call_with_frames_removed
  File "/opt/airflow/dags/schedule_dag_generator.py", line 12, in <module>
    from pymongo import MongoClient
ModuleNotFoundError: No module named 'pymongo'
[2025-11-09T17:42:22.944+0000] {processor.py:842} WARNING - No viable dags retrieved from /opt/airflow/dags/schedule_dag_generator.py
[2025-11-09T17:42:22.972+0000] {processor.py:183} INFO - Processing /opt/airflow/dags/schedule_dag_generator.py took 0.050 seconds
[2025-11-09T17:42:53.219+0000] {processor.py:161} INFO - Started process (PID=168) to work on /opt/airflow/dags/schedule_dag_generator.py
[2025-11-09T17:42:53.220+0000] {processor.py:830} INFO - Processing file /opt/airflow/dags/schedule_dag_generator.py for tasks to queue
[2025-11-09T17:42:53.222+0000] {logging_mixin.py:188} INFO - [2025-11-09T17:42:53.222+0000] {dagbag.py:540} INFO - Filling up the DagBag from /opt/airflow/dags/schedule_dag_generator.py
[2025-11-09T17:42:53.240+0000] {logging_mixin.py:188} INFO - [2025-11-09T17:42:53.235+0000] {dagbag.py:350} ERROR - Failed to import: /opt/airflow/dags/schedule_dag_generator.py
Traceback (most recent call last):
  File "/home/airflow/.local/lib/python3.12/site-packages/airflow/models/dagbag.py", line 346, in parse
    loader.exec_module(new_module)
  File "<frozen importlib._bootstrap_external>", line 995, in exec_module
  File "<frozen importlib._bootstrap>", line 488, in _call_with_frames_removed
  File "/opt/airflow/dags/schedule_dag_generator.py", line 12, in <module>
    from pymongo import MongoClient
ModuleNotFoundError: No module named 'pymongo'
[2025-11-09T17:42:53.242+0000] {processor.py:842} WARNING - No viable dags retrieved from /opt/airflow/dags/schedule_dag_generator.py
[2025-11-09T17:42:53.278+0000] {processor.py:183} INFO - Processing /opt/airflow/dags/schedule_dag_generator.py took 0.067 seconds
[2025-11-09T17:43:23.529+0000] {processor.py:161} INFO - Started process (PID=171) to work on /opt/airflow/dags/schedule_dag_generator.py
[2025-11-09T17:43:23.531+0000] {processor.py:830} INFO - Processing file /opt/airflow/dags/schedule_dag_generator.py for tasks to queue
[2025-11-09T17:43:23.533+0000] {logging_mixin.py:188} INFO - [2025-11-09T17:43:23.533+0000] {dagbag.py:540} INFO - Filling up the DagBag from /opt/airflow/dags/schedule_dag_generator.py
[2025-11-09T17:43:23.546+0000] {logging_mixin.py:188} INFO - [2025-11-09T17:43:23.543+0000] {dagbag.py:350} ERROR - Failed to import: /opt/airflow/dags/schedule_dag_generator.py
Traceback (most recent call last):
  File "/home/airflow/.local/lib/python3.12/site-packages/airflow/models/dagbag.py", line 346, in parse
    loader.exec_module(new_module)
  File "<frozen importlib._bootstrap_external>", line 995, in exec_module
  File "<frozen importlib._bootstrap>", line 488, in _call_with_frames_removed
  File "/opt/airflow/dags/schedule_dag_generator.py", line 12, in <module>
    from pymongo import MongoClient
ModuleNotFoundError: No module named 'pymongo'
[2025-11-09T17:43:23.547+0000] {processor.py:842} WARNING - No viable dags retrieved from /opt/airflow/dags/schedule_dag_generator.py
[2025-11-09T17:43:23.572+0000] {processor.py:183} INFO - Processing /opt/airflow/dags/schedule_dag_generator.py took 0.048 seconds
[2025-11-09T17:43:53.805+0000] {processor.py:161} INFO - Started process (PID=174) to work on /opt/airflow/dags/schedule_dag_generator.py
[2025-11-09T17:43:53.806+0000] {processor.py:830} INFO - Processing file /opt/airflow/dags/schedule_dag_generator.py for tasks to queue
[2025-11-09T17:43:53.808+0000] {logging_mixin.py:188} INFO - [2025-11-09T17:43:53.808+0000] {dagbag.py:540} INFO - Filling up the DagBag from /opt/airflow/dags/schedule_dag_generator.py
[2025-11-09T17:43:53.819+0000] {logging_mixin.py:188} INFO - [2025-11-09T17:43:53.817+0000] {dagbag.py:350} ERROR - Failed to import: /opt/airflow/dags/schedule_dag_generator.py
Traceback (most recent call last):
  File "/home/airflow/.local/lib/python3.12/site-packages/airflow/models/dagbag.py", line 346, in parse
    loader.exec_module(new_module)
  File "<frozen importlib._bootstrap_external>", line 995, in exec_module
  File "<frozen importlib._bootstrap>", line 488, in _call_with_frames_removed
  File "/opt/airflow/dags/schedule_dag_generator.py", line 12, in <module>
    from pymongo import MongoClient
ModuleNotFoundError: No module named 'pymongo'
[2025-11-09T17:43:53.820+0000] {processor.py:842} WARNING - No viable dags retrieved from /opt/airflow/dags/schedule_dag_generator.py
[2025-11-09T17:43:53.844+0000] {processor.py:183} INFO - Processing /opt/airflow/dags/schedule_dag_generator.py took 0.045 seconds
[2025-11-09T17:44:24.073+0000] {processor.py:161} INFO - Started process (PID=177) to work on /opt/airflow/dags/schedule_dag_generator.py
[2025-11-09T17:44:24.074+0000] {processor.py:830} INFO - Processing file /opt/airflow/dags/schedule_dag_generator.py for tasks to queue
[2025-11-09T17:44:24.077+0000] {logging_mixin.py:188} INFO - [2025-11-09T17:44:24.076+0000] {dagbag.py:540} INFO - Filling up the DagBag from /opt/airflow/dags/schedule_dag_generator.py
[2025-11-09T17:44:24.094+0000] {logging_mixin.py:188} INFO - [2025-11-09T17:44:24.090+0000] {dagbag.py:350} ERROR - Failed to import: /opt/airflow/dags/schedule_dag_generator.py
Traceback (most recent call last):
  File "/home/airflow/.local/lib/python3.12/site-packages/airflow/models/dagbag.py", line 346, in parse
    loader.exec_module(new_module)
  File "<frozen importlib._bootstrap_external>", line 995, in exec_module
  File "<frozen importlib._bootstrap>", line 488, in _call_with_frames_removed
  File "/opt/airflow/dags/schedule_dag_generator.py", line 12, in <module>
    from pymongo import MongoClient
ModuleNotFoundError: No module named 'pymongo'
[2025-11-09T17:44:24.095+0000] {processor.py:842} WARNING - No viable dags retrieved from /opt/airflow/dags/schedule_dag_generator.py
[2025-11-09T17:44:24.121+0000] {processor.py:183} INFO - Processing /opt/airflow/dags/schedule_dag_generator.py took 0.054 seconds
[2025-11-09T17:44:54.359+0000] {processor.py:161} INFO - Started process (PID=180) to work on /opt/airflow/dags/schedule_dag_generator.py
[2025-11-09T17:44:54.360+0000] {processor.py:830} INFO - Processing file /opt/airflow/dags/schedule_dag_generator.py for tasks to queue
[2025-11-09T17:44:54.363+0000] {logging_mixin.py:188} INFO - [2025-11-09T17:44:54.362+0000] {dagbag.py:540} INFO - Filling up the DagBag from /opt/airflow/dags/schedule_dag_generator.py
[2025-11-09T17:44:54.377+0000] {logging_mixin.py:188} INFO - [2025-11-09T17:44:54.373+0000] {dagbag.py:350} ERROR - Failed to import: /opt/airflow/dags/schedule_dag_generator.py
Traceback (most recent call last):
  File "/home/airflow/.local/lib/python3.12/site-packages/airflow/models/dagbag.py", line 346, in parse
    loader.exec_module(new_module)
  File "<frozen importlib._bootstrap_external>", line 995, in exec_module
  File "<frozen importlib._bootstrap>", line 488, in _call_with_frames_removed
  File "/opt/airflow/dags/schedule_dag_generator.py", line 12, in <module>
    from pymongo import MongoClient
ModuleNotFoundError: No module named 'pymongo'
[2025-11-09T17:44:54.378+0000] {processor.py:842} WARNING - No viable dags retrieved from /opt/airflow/dags/schedule_dag_generator.py
[2025-11-09T17:44:54.404+0000] {processor.py:183} INFO - Processing /opt/airflow/dags/schedule_dag_generator.py took 0.051 seconds
[2025-11-09T17:45:24.732+0000] {processor.py:161} INFO - Started process (PID=183) to work on /opt/airflow/dags/schedule_dag_generator.py
[2025-11-09T17:45:24.733+0000] {processor.py:830} INFO - Processing file /opt/airflow/dags/schedule_dag_generator.py for tasks to queue
[2025-11-09T17:45:24.737+0000] {logging_mixin.py:188} INFO - [2025-11-09T17:45:24.736+0000] {dagbag.py:540} INFO - Filling up the DagBag from /opt/airflow/dags/schedule_dag_generator.py
[2025-11-09T17:45:24.756+0000] {logging_mixin.py:188} INFO - [2025-11-09T17:45:24.752+0000] {dagbag.py:350} ERROR - Failed to import: /opt/airflow/dags/schedule_dag_generator.py
Traceback (most recent call last):
  File "/home/airflow/.local/lib/python3.12/site-packages/airflow/models/dagbag.py", line 346, in parse
    loader.exec_module(new_module)
  File "<frozen importlib._bootstrap_external>", line 995, in exec_module
  File "<frozen importlib._bootstrap>", line 488, in _call_with_frames_removed
  File "/opt/airflow/dags/schedule_dag_generator.py", line 12, in <module>
    from pymongo import MongoClient
ModuleNotFoundError: No module named 'pymongo'
[2025-11-09T17:45:24.757+0000] {processor.py:842} WARNING - No viable dags retrieved from /opt/airflow/dags/schedule_dag_generator.py
[2025-11-09T17:45:24.791+0000] {processor.py:183} INFO - Processing /opt/airflow/dags/schedule_dag_generator.py took 0.067 seconds
[2025-11-09T17:45:55.028+0000] {processor.py:161} INFO - Started process (PID=186) to work on /opt/airflow/dags/schedule_dag_generator.py
[2025-11-09T17:45:55.029+0000] {processor.py:830} INFO - Processing file /opt/airflow/dags/schedule_dag_generator.py for tasks to queue
[2025-11-09T17:45:55.031+0000] {logging_mixin.py:188} INFO - [2025-11-09T17:45:55.031+0000] {dagbag.py:540} INFO - Filling up the DagBag from /opt/airflow/dags/schedule_dag_generator.py
[2025-11-09T17:45:55.044+0000] {logging_mixin.py:188} INFO - [2025-11-09T17:45:55.041+0000] {dagbag.py:350} ERROR - Failed to import: /opt/airflow/dags/schedule_dag_generator.py
Traceback (most recent call last):
  File "/home/airflow/.local/lib/python3.12/site-packages/airflow/models/dagbag.py", line 346, in parse
    loader.exec_module(new_module)
  File "<frozen importlib._bootstrap_external>", line 995, in exec_module
  File "<frozen importlib._bootstrap>", line 488, in _call_with_frames_removed
  File "/opt/airflow/dags/schedule_dag_generator.py", line 12, in <module>
    from pymongo import MongoClient
ModuleNotFoundError: No module named 'pymongo'
[2025-11-09T17:45:55.045+0000] {processor.py:842} WARNING - No viable dags retrieved from /opt/airflow/dags/schedule_dag_generator.py
[2025-11-09T17:45:55.068+0000] {processor.py:183} INFO - Processing /opt/airflow/dags/schedule_dag_generator.py took 0.046 seconds
