{"timestamp":"2025-10-25T08:00:02.030684Z","level":"info","event":"DAG bundles loaded: dags-folder, example_dags","logger":"airflow.dag_processing.bundles.manager.DagBundlesManager","filename":"manager.py","lineno":179}
{"timestamp":"2025-10-25T08:00:02.032621Z","level":"info","event":"Filling up the DagBag from /opt/airflow/dags/schedule_dag_generator.py","logger":"airflow.models.dagbag.DagBag","filename":"dagbag.py","lineno":593}
{"timestamp":"2025-10-25T08:00:05.033996Z","level":"info","event":"[DAG Generator] Invalid connection ID format: conn_1760900635551_e1ik9kycx, skipping schedule","logger":"task.stdout"}
{"timestamp":"2025-10-25T08:00:05.312682Z","level":"info","event":"[DAG Generator] Connection not found: 68fb174656bf68b61b0d9dd5","logger":"task.stdout"}
{"timestamp":"2025-10-25T08:00:05.527356Z","level":"info","event":"[DAG Generator] Connection not found: 68fb174756bf68b61b0d9dd7","logger":"task.stdout"}
{"timestamp":"2025-10-25T08:00:05.743254Z","level":"info","event":"[DAG Generator] Connection not found: 68fb9ad19a9d989e1f04ff52","logger":"task.stdout"}
{"timestamp":"2025-10-25T08:00:05.743932Z","level":"info","event":"[DAG Generator] Invalid connection ID format: test_conn_aot, skipping schedule","logger":"task.stdout"}
{"timestamp":"2025-10-25T08:00:05.745067Z","level":"info","event":"[DAG Generator] Invalid connection ID format: test_conn_aot, skipping schedule","logger":"task.stdout"}
{"timestamp":"2025-10-25T08:00:06.013352Z","level":"info","event":"[DAG Generator] Connection not found: 68fbb5b6450c034aa80fb351","logger":"task.stdout"}
{"timestamp":"2025-10-25T08:00:06.376969Z","level":"info","event":"[DAG Generator] Connection not found: 68fbcf36de0fbd950f021ee3","logger":"task.stdout"}
{"timestamp":"2025-10-25T08:00:07.621302Z","level":"info","event":"[DAG Generator] Generated 3 DAGs from schedules","logger":"task.stdout"}
{"timestamp":"2025-10-25T08:00:07.840824Z","level":"warning","event":"The `airflow.operators.python.PythonOperator` attribute is deprecated. Please use `'airflow.providers.standard.operators.python.PythonOperator'`.","category":"DeprecatedImportWarning","filename":"/opt/airflow/dags/schedule_dag_generator.py","lineno":7,"logger":"py.warnings"}
{"timestamp":"2025-10-25T08:00:07.924077Z","level":"info","event":"Task instance is in running state","logger":"task.stdout"}
{"timestamp":"2025-10-25T08:00:07.925003Z","level":"info","event":" Previous state of the Task instance: TaskInstanceState.QUEUED","logger":"task.stdout"}
{"timestamp":"2025-10-25T08:00:07.925729Z","level":"info","event":"Current task name:execute_api","logger":"task.stdout"}
{"timestamp":"2025-10-25T08:00:07.926398Z","level":"info","event":"Dag name:api_schedule_68fc4c824a46b382e1020b43","logger":"task.stdout"}
{"timestamp":"2025-10-25T08:00:07.927200Z","level":"info","event":"[Airflow] Executing API call for schedule: 68fc4c824a46b382e1020b43","logger":"task.stdout"}
{"timestamp":"2025-10-25T08:00:12.855677Z","level":"info","event":"[Airflow] API call completed: success","logger":"task.stdout"}
{"timestamp":"2025-10-25T08:00:13.133925Z","level":"info","event":"Done. Returned value was: {'scheduleId': '68fc4c824a46b382e1020b43', 'connectionId': '68fc4c734a46b382e1020b42', 'status': 'success', 'statusCode': 200, 'duration': 0, 'recordsProcessed': 0, 'executedAt': '2025-10-25T08:00:10.355806', 'triggeredBy': 'airflow_scheduler', 'responseSize': 505360, '_id': '68fc838a3cc0aa52113e63ff'}","logger":"airflow.task.operators.airflow.providers.standard.operators.python.PythonOperator","filename":"python.py","lineno":218}
{"timestamp":"2025-10-25T08:00:13.134949Z","level":"info","event":"Pushing xcom","ti":"RuntimeTaskInstance(id=UUID('019a1a61-ada3-7022-8226-4fa6035f6436'), task_id='execute_api', dag_id='api_schedule_68fc4c824a46b382e1020b43', run_id='scheduled__2025-10-25T08:00:00+00:00', try_number=1, dag_version_id=UUID('019a199c-5276-7c81-89a0-934f92dc7863'), map_index=-1, hostname='b22b62853d56', context_carrier={}, task=<Task(PythonOperator): execute_api>, bundle_instance=LocalDagBundle(name=dags-folder), max_tries=3, start_date=datetime.datetime(2025, 10, 25, 8, 0, 0, 835100, tzinfo=datetime.timezone.utc), end_date=None, state=<TaskInstanceState.RUNNING: 'running'>, is_mapped=False, rendered_map_index=None)","logger":"task","filename":"task_runner.py","lineno":1352}
{"timestamp":"2025-10-25T08:00:13.212465Z","level":"info","event":"Task instance in success state","logger":"task.stdout"}
{"timestamp":"2025-10-25T08:00:13.213310Z","level":"info","event":" Previous state of the Task instance: TaskInstanceState.RUNNING","logger":"task.stdout"}
{"timestamp":"2025-10-25T08:00:13.214196Z","level":"info","event":"Task operator:<Task(PythonOperator): execute_api>","logger":"task.stdout"}
