[2025-11-09T17:20:07.075+0000] {manager.py:470} INFO - Processing files using up to 2 processes at a time 
[2025-11-09T17:20:07.076+0000] {manager.py:471} INFO - Process each file at most once every 30 seconds
[2025-11-09T17:20:07.077+0000] {manager.py:472} INFO - Checking for new files in /opt/airflow/dags every 300 seconds
[2025-11-09T17:20:07.078+0000] {manager.py:737} INFO - Searching for files in /opt/airflow/dags
[2025-11-09T17:20:07.110+0000] {manager.py:740} INFO - There are 3 files in /opt/airflow/dags
[2025-11-09T17:20:07.206+0000] {manager.py:878} INFO - 
================================================================================
DAG File Processing Stats

File Path                                      PID  Runtime      # DAGs    # Errors  Last Runtime    Last Run
-------------------------------------------  -----  ---------  --------  ----------  --------------  ----------
/opt/airflow/dags/api_execution_dag.py          34  0.01s             0           0
/opt/airflow/dags/api_schedule_sync_dag.py                            0           0
/opt/airflow/dags/schedule_dag_generator.py     33  0.02s             0           0
================================================================================
[2025-11-09T17:20:37.542+0000] {manager.py:878} INFO - 
================================================================================
DAG File Processing Stats

File Path                                      PID  Runtime      # DAGs    # Errors  Last Runtime    Last Run
-------------------------------------------  -----  ---------  --------  ----------  --------------  -------------------
/opt/airflow/dags/schedule_dag_generator.py     36  0.04s             0           1  0.07s           2025-11-09T17:20:07
/opt/airflow/dags/api_schedule_sync_dag.py                            0           1  0.07s           2025-11-09T17:20:07
/opt/airflow/dags/api_execution_dag.py          37  0.00s             0           1  0.07s           2025-11-09T17:20:07
================================================================================
[2025-11-09T17:21:07.848+0000] {manager.py:878} INFO - 
================================================================================
DAG File Processing Stats

File Path                                      PID  Runtime      # DAGs    # Errors  Last Runtime    Last Run
-------------------------------------------  -----  ---------  --------  ----------  --------------  -------------------
/opt/airflow/dags/schedule_dag_generator.py     39  0.01s             0           1  0.12s           2025-11-09T17:20:37
/opt/airflow/dags/api_execution_dag.py          40  0.00s             0           1  0.09s           2025-11-09T17:20:37
/opt/airflow/dags/api_schedule_sync_dag.py                            0           1  0.07s           2025-11-09T17:20:37
================================================================================
[2025-11-09T17:21:38.162+0000] {manager.py:878} INFO - 
================================================================================
DAG File Processing Stats

File Path                                      PID  Runtime      # DAGs    # Errors  Last Runtime    Last Run
-------------------------------------------  -----  ---------  --------  ----------  --------------  -------------------
/opt/airflow/dags/api_execution_dag.py          43  0.01s             0           1  0.07s           2025-11-09T17:21:07
/opt/airflow/dags/schedule_dag_generator.py     42  0.02s             0           1  0.07s           2025-11-09T17:21:07
/opt/airflow/dags/api_schedule_sync_dag.py                            0           1  0.06s           2025-11-09T17:21:07
================================================================================
[2025-11-09T17:22:08.520+0000] {manager.py:878} INFO - 
================================================================================
DAG File Processing Stats

File Path                                      PID  Runtime      # DAGs    # Errors  Last Runtime    Last Run
-------------------------------------------  -----  ---------  --------  ----------  --------------  -------------------
/opt/airflow/dags/api_execution_dag.py          46  0.01s             0           1  0.14s           2025-11-09T17:21:38
/opt/airflow/dags/schedule_dag_generator.py     45  0.02s             0           1  0.13s           2025-11-09T17:21:38
/opt/airflow/dags/api_schedule_sync_dag.py                            0           1  0.12s           2025-11-09T17:21:38
================================================================================
[2025-11-09T17:22:38.823+0000] {manager.py:878} INFO - 
================================================================================
DAG File Processing Stats

File Path                                      PID  Runtime      # DAGs    # Errors  Last Runtime    Last Run
-------------------------------------------  -----  ---------  --------  ----------  --------------  -------------------
/opt/airflow/dags/schedule_dag_generator.py     48  0.01s             0           1  0.10s           2025-11-09T17:22:08
/opt/airflow/dags/api_execution_dag.py          49  0.00s             0           1  0.10s           2025-11-09T17:22:08
/opt/airflow/dags/api_schedule_sync_dag.py                            0           1  0.07s           2025-11-09T17:22:08
================================================================================
[2025-11-09T17:23:09.119+0000] {manager.py:878} INFO - 
================================================================================
DAG File Processing Stats

File Path                                      PID  Runtime      # DAGs    # Errors  Last Runtime    Last Run
-------------------------------------------  -----  ---------  --------  ----------  --------------  -------------------
/opt/airflow/dags/api_schedule_sync_dag.py                            0           1  0.09s           2025-11-09T17:22:38
/opt/airflow/dags/api_execution_dag.py          52  0.00s             0           1  0.08s           2025-11-09T17:22:38
/opt/airflow/dags/schedule_dag_generator.py     51  0.02s             0           1  0.08s           2025-11-09T17:22:38
================================================================================
[2025-11-09T17:23:39.395+0000] {manager.py:878} INFO - 
================================================================================
DAG File Processing Stats

File Path                                      PID  Runtime      # DAGs    # Errors  Last Runtime    Last Run
-------------------------------------------  -----  ---------  --------  ----------  --------------  -------------------
/opt/airflow/dags/api_execution_dag.py          55  0.00s             0           1  0.08s           2025-11-09T17:23:09
/opt/airflow/dags/schedule_dag_generator.py     54  0.01s             0           1  0.08s           2025-11-09T17:23:09
/opt/airflow/dags/api_schedule_sync_dag.py                            0           1  0.07s           2025-11-09T17:23:09
================================================================================
[2025-11-09T17:24:09.712+0000] {manager.py:878} INFO - 
================================================================================
DAG File Processing Stats

File Path                                      PID  Runtime      # DAGs    # Errors  Last Runtime    Last Run
-------------------------------------------  -----  ---------  --------  ----------  --------------  -------------------
/opt/airflow/dags/api_execution_dag.py          58  0.00s             0           1  0.07s           2025-11-09T17:23:39
/opt/airflow/dags/api_schedule_sync_dag.py                            0           1  0.07s           2025-11-09T17:23:39
/opt/airflow/dags/schedule_dag_generator.py     57  0.01s             0           1  0.07s           2025-11-09T17:23:39
================================================================================
[2025-11-09T17:24:39.992+0000] {manager.py:878} INFO - 
================================================================================
DAG File Processing Stats

File Path                                      PID  Runtime      # DAGs    # Errors  Last Runtime    Last Run
-------------------------------------------  -----  ---------  --------  ----------  --------------  -------------------
/opt/airflow/dags/api_execution_dag.py          61  0.00s             0           1  0.08s           2025-11-09T17:24:09
/opt/airflow/dags/schedule_dag_generator.py     60  0.01s             0           1  0.08s           2025-11-09T17:24:09
/opt/airflow/dags/api_schedule_sync_dag.py                            0           1  0.07s           2025-11-09T17:24:09
================================================================================
[2025-11-09T17:25:07.230+0000] {manager.py:737} INFO - Searching for files in /opt/airflow/dags
[2025-11-09T17:25:07.271+0000] {manager.py:740} INFO - There are 3 files in /opt/airflow/dags
[2025-11-09T17:25:10.460+0000] {manager.py:878} INFO - 
================================================================================
DAG File Processing Stats

File Path                                      PID  Runtime      # DAGs    # Errors  Last Runtime    Last Run
-------------------------------------------  -----  ---------  --------  ----------  --------------  -------------------
/opt/airflow/dags/api_execution_dag.py          64  0.01s             0           1  0.07s           2025-11-09T17:24:40
/opt/airflow/dags/schedule_dag_generator.py     63  0.03s             0           1  0.07s           2025-11-09T17:24:40
/opt/airflow/dags/api_schedule_sync_dag.py                            0           1  0.06s           2025-11-09T17:24:40
================================================================================
[2025-11-09T17:25:41.016+0000] {manager.py:878} INFO - 
================================================================================
DAG File Processing Stats

File Path                                      PID  Runtime      # DAGs    # Errors  Last Runtime    Last Run
-------------------------------------------  -----  ---------  --------  ----------  --------------  -------------------
/opt/airflow/dags/api_execution_dag.py          67  0.01s             0           1  0.22s           2025-11-09T17:25:10
/opt/airflow/dags/schedule_dag_generator.py     66  0.03s             0           1  0.21s           2025-11-09T17:25:10
/opt/airflow/dags/api_schedule_sync_dag.py                            0           1  0.19s           2025-11-09T17:25:10
================================================================================
[2025-11-09T17:26:11.429+0000] {manager.py:878} INFO - 
================================================================================
DAG File Processing Stats

File Path                                      PID  Runtime      # DAGs    # Errors  Last Runtime    Last Run
-------------------------------------------  -----  ---------  --------  ----------  --------------  -------------------
/opt/airflow/dags/schedule_dag_generator.py     69  0.01s             0           1  0.16s           2025-11-09T17:25:41
/opt/airflow/dags/api_execution_dag.py          70  0.00s             0           1  0.14s           2025-11-09T17:25:41
/opt/airflow/dags/api_schedule_sync_dag.py                            0           1  0.09s           2025-11-09T17:25:41
================================================================================
[2025-11-09T17:26:42.339+0000] {manager.py:878} INFO - 
================================================================================
DAG File Processing Stats

File Path                                      PID  Runtime      # DAGs    # Errors  Last Runtime    Last Run
-------------------------------------------  -----  ---------  --------  ----------  --------------  -------------------
/opt/airflow/dags/api_execution_dag.py          73  0.07s             0           1  0.09s           2025-11-09T17:26:11
/opt/airflow/dags/schedule_dag_generator.py     72  0.15s             0           1  0.09s           2025-11-09T17:26:11
/opt/airflow/dags/api_schedule_sync_dag.py                            0           1  0.08s           2025-11-09T17:26:11
================================================================================
[2025-11-09T17:27:12.347+0000] {manager.py:878} INFO - 
================================================================================
DAG File Processing Stats

File Path                                    PID    Runtime      # DAGs    # Errors  Last Runtime    Last Run
-------------------------------------------  -----  ---------  --------  ----------  --------------  -------------------
/opt/airflow/dags/api_execution_dag.py                                0           1  0.96s           2025-11-09T17:26:43
/opt/airflow/dags/schedule_dag_generator.py                           0           1  0.95s           2025-11-09T17:26:43
/opt/airflow/dags/api_schedule_sync_dag.py                            0           1  0.73s           2025-11-09T17:26:43
================================================================================
[2025-11-09T17:27:42.445+0000] {manager.py:878} INFO - 
================================================================================
DAG File Processing Stats

File Path                                    PID    Runtime      # DAGs    # Errors  Last Runtime    Last Run
-------------------------------------------  -----  ---------  --------  ----------  --------------  -------------------
/opt/airflow/dags/schedule_dag_generator.py                           0           1  0.46s           2025-11-09T17:27:13
/opt/airflow/dags/api_schedule_sync_dag.py                            0           1  0.34s           2025-11-09T17:27:15
/opt/airflow/dags/api_execution_dag.py                                0           1  0.26s           2025-11-09T17:27:13
================================================================================
[2025-11-09T17:28:12.668+0000] {manager.py:878} INFO - 
================================================================================
DAG File Processing Stats

File Path                                    PID    Runtime      # DAGs    # Errors  Last Runtime    Last Run
-------------------------------------------  -----  ---------  --------  ----------  --------------  -------------------
/opt/airflow/dags/schedule_dag_generator.py                           0           1  0.12s           2025-11-09T17:27:44
/opt/airflow/dags/api_execution_dag.py                                0           1  0.11s           2025-11-09T17:27:44
/opt/airflow/dags/api_schedule_sync_dag.py                            0           1  0.07s           2025-11-09T17:27:45
================================================================================
[2025-11-09T17:28:43.040+0000] {manager.py:878} INFO - 
================================================================================
DAG File Processing Stats

File Path                                    PID    Runtime      # DAGs    # Errors  Last Runtime    Last Run
-------------------------------------------  -----  ---------  --------  ----------  --------------  -------------------
/opt/airflow/dags/api_schedule_sync_dag.py                            0           1  0.11s           2025-11-09T17:28:15
/opt/airflow/dags/schedule_dag_generator.py                           0           1  0.10s           2025-11-09T17:28:14
/opt/airflow/dags/api_execution_dag.py                                0           1  0.09s           2025-11-09T17:28:14
================================================================================
[2025-11-09T17:29:13.366+0000] {manager.py:878} INFO - 
================================================================================
DAG File Processing Stats

File Path                                    PID    Runtime      # DAGs    # Errors  Last Runtime    Last Run
-------------------------------------------  -----  ---------  --------  ----------  --------------  -------------------
/opt/airflow/dags/api_execution_dag.py                                0           1  0.11s           2025-11-09T17:28:45
/opt/airflow/dags/schedule_dag_generator.py                           0           1  0.10s           2025-11-09T17:28:45
/opt/airflow/dags/api_schedule_sync_dag.py                            0           1  0.07s           2025-11-09T17:28:46
================================================================================
[2025-11-09T17:29:43.652+0000] {manager.py:878} INFO - 
================================================================================
DAG File Processing Stats

File Path                                    PID    Runtime      # DAGs    # Errors  Last Runtime    Last Run
-------------------------------------------  -----  ---------  --------  ----------  --------------  -------------------
/opt/airflow/dags/schedule_dag_generator.py                           0           1  0.08s           2025-11-09T17:29:15
/opt/airflow/dags/api_execution_dag.py                                0           1  0.08s           2025-11-09T17:29:15
/opt/airflow/dags/api_schedule_sync_dag.py                            0           1  0.07s           2025-11-09T17:29:16
================================================================================
[2025-11-09T17:30:07.877+0000] {manager.py:737} INFO - Searching for files in /opt/airflow/dags
[2025-11-09T17:30:07.906+0000] {manager.py:740} INFO - There are 3 files in /opt/airflow/dags
[2025-11-09T17:30:13.959+0000] {manager.py:878} INFO - 
================================================================================
DAG File Processing Stats

File Path                                    PID    Runtime      # DAGs    # Errors  Last Runtime    Last Run
-------------------------------------------  -----  ---------  --------  ----------  --------------  -------------------
/opt/airflow/dags/schedule_dag_generator.py                           0           1  0.07s           2025-11-09T17:29:45
/opt/airflow/dags/api_schedule_sync_dag.py                            0           1  0.07s           2025-11-09T17:29:46
/opt/airflow/dags/api_execution_dag.py                                0           1  0.07s           2025-11-09T17:29:45
================================================================================
[2025-11-09T17:30:44.213+0000] {manager.py:878} INFO - 
================================================================================
DAG File Processing Stats

File Path                                    PID    Runtime      # DAGs    # Errors  Last Runtime    Last Run
-------------------------------------------  -----  ---------  --------  ----------  --------------  -------------------
/opt/airflow/dags/schedule_dag_generator.py                           0           1  0.06s           2025-11-09T17:30:16
/opt/airflow/dags/api_execution_dag.py                                0           1  0.06s           2025-11-09T17:30:16
/opt/airflow/dags/api_schedule_sync_dag.py                            0           1  0.06s           2025-11-09T17:30:17
================================================================================
[2025-11-09T17:31:14.513+0000] {manager.py:878} INFO - 
================================================================================
DAG File Processing Stats

File Path                                    PID    Runtime      # DAGs    # Errors  Last Runtime    Last Run
-------------------------------------------  -----  ---------  --------  ----------  --------------  -------------------
/opt/airflow/dags/schedule_dag_generator.py                           0           1  0.09s           2025-11-09T17:30:46
/opt/airflow/dags/api_execution_dag.py                                0           1  0.08s           2025-11-09T17:30:46
/opt/airflow/dags/api_schedule_sync_dag.py                            0           1  0.07s           2025-11-09T17:30:47
================================================================================
[2025-11-09T17:31:44.776+0000] {manager.py:878} INFO - 
================================================================================
DAG File Processing Stats

File Path                                    PID    Runtime      # DAGs    # Errors  Last Runtime    Last Run
-------------------------------------------  -----  ---------  --------  ----------  --------------  -------------------
/opt/airflow/dags/schedule_dag_generator.py                           0           1  0.06s           2025-11-09T17:31:16
/opt/airflow/dags/api_schedule_sync_dag.py                            0           1  0.06s           2025-11-09T17:31:17
/opt/airflow/dags/api_execution_dag.py                                0           1  0.06s           2025-11-09T17:31:16
================================================================================
[2025-11-09T17:32:15.043+0000] {manager.py:878} INFO - 
================================================================================
DAG File Processing Stats

File Path                                    PID    Runtime      # DAGs    # Errors  Last Runtime    Last Run
-------------------------------------------  -----  ---------  --------  ----------  --------------  -------------------
/opt/airflow/dags/api_schedule_sync_dag.py                            0           1  0.07s           2025-11-09T17:31:47
/opt/airflow/dags/schedule_dag_generator.py                           0           1  0.06s           2025-11-09T17:31:46
/opt/airflow/dags/api_execution_dag.py                                0           1  0.06s           2025-11-09T17:31:46
================================================================================
[2025-11-09T17:32:45.314+0000] {manager.py:878} INFO - 
================================================================================
DAG File Processing Stats

File Path                                    PID    Runtime      # DAGs    # Errors  Last Runtime    Last Run
-------------------------------------------  -----  ---------  --------  ----------  --------------  -------------------
/opt/airflow/dags/api_execution_dag.py                                0           1  0.07s           2025-11-09T17:32:17
/opt/airflow/dags/schedule_dag_generator.py                           0           1  0.06s           2025-11-09T17:32:17
/opt/airflow/dags/api_schedule_sync_dag.py                            0           1  0.06s           2025-11-09T17:32:18
================================================================================
[2025-11-09T17:33:15.609+0000] {manager.py:878} INFO - 
================================================================================
DAG File Processing Stats

File Path                                    PID    Runtime      # DAGs    # Errors  Last Runtime    Last Run
-------------------------------------------  -----  ---------  --------  ----------  --------------  -------------------
/opt/airflow/dags/schedule_dag_generator.py                           0           1  0.09s           2025-11-09T17:32:47
/opt/airflow/dags/api_execution_dag.py                                0           1  0.08s           2025-11-09T17:32:47
/opt/airflow/dags/api_schedule_sync_dag.py                            0           1  0.08s           2025-11-09T17:32:48
================================================================================
[2025-11-09T17:33:45.875+0000] {manager.py:878} INFO - 
================================================================================
DAG File Processing Stats

File Path                                    PID    Runtime      # DAGs    # Errors  Last Runtime    Last Run
-------------------------------------------  -----  ---------  --------  ----------  --------------  -------------------
/opt/airflow/dags/schedule_dag_generator.py                           0           1  0.07s           2025-11-09T17:33:17
/opt/airflow/dags/api_execution_dag.py                                0           1  0.06s           2025-11-09T17:33:17
/opt/airflow/dags/api_schedule_sync_dag.py                            0           1  0.06s           2025-11-09T17:33:18
================================================================================
[2025-11-09T17:34:16.155+0000] {manager.py:878} INFO - 
================================================================================
DAG File Processing Stats

File Path                                    PID    Runtime      # DAGs    # Errors  Last Runtime    Last Run
-------------------------------------------  -----  ---------  --------  ----------  --------------  -------------------
/opt/airflow/dags/schedule_dag_generator.py                           0           1  0.07s           2025-11-09T17:33:47
/opt/airflow/dags/api_execution_dag.py                                0           1  0.07s           2025-11-09T17:33:47
/opt/airflow/dags/api_schedule_sync_dag.py                            0           1  0.06s           2025-11-09T17:33:49
================================================================================
[2025-11-09T17:34:46.431+0000] {manager.py:878} INFO - 
================================================================================
DAG File Processing Stats

File Path                                    PID    Runtime      # DAGs    # Errors  Last Runtime    Last Run
-------------------------------------------  -----  ---------  --------  ----------  --------------  -------------------
/opt/airflow/dags/schedule_dag_generator.py                           0           1  0.07s           2025-11-09T17:34:18
/opt/airflow/dags/api_execution_dag.py                                0           1  0.07s           2025-11-09T17:34:18
/opt/airflow/dags/api_schedule_sync_dag.py                            0           1  0.06s           2025-11-09T17:34:19
================================================================================
[2025-11-09T17:35:08.640+0000] {manager.py:737} INFO - Searching for files in /opt/airflow/dags
[2025-11-09T17:35:08.668+0000] {manager.py:740} INFO - There are 3 files in /opt/airflow/dags
[2025-11-09T17:35:16.723+0000] {manager.py:878} INFO - 
================================================================================
DAG File Processing Stats

File Path                                    PID    Runtime      # DAGs    # Errors  Last Runtime    Last Run
-------------------------------------------  -----  ---------  --------  ----------  --------------  -------------------
/opt/airflow/dags/schedule_dag_generator.py                           0           1  0.07s           2025-11-09T17:34:48
/opt/airflow/dags/api_schedule_sync_dag.py                            0           1  0.06s           2025-11-09T17:34:49
/opt/airflow/dags/api_execution_dag.py                                0           1  0.06s           2025-11-09T17:34:48
================================================================================
[2025-11-09T17:35:46.991+0000] {manager.py:878} INFO - 
================================================================================
DAG File Processing Stats

File Path                                    PID    Runtime      # DAGs    # Errors  Last Runtime    Last Run
-------------------------------------------  -----  ---------  --------  ----------  --------------  -------------------
/opt/airflow/dags/schedule_dag_generator.py                           0           1  0.06s           2025-11-09T17:35:18
/opt/airflow/dags/api_execution_dag.py                                0           1  0.06s           2025-11-09T17:35:18
/opt/airflow/dags/api_schedule_sync_dag.py                            0           1  0.06s           2025-11-09T17:35:19
================================================================================
[2025-11-09T17:36:17.259+0000] {manager.py:878} INFO - 
================================================================================
DAG File Processing Stats

File Path                                    PID    Runtime      # DAGs    # Errors  Last Runtime    Last Run
-------------------------------------------  -----  ---------  --------  ----------  --------------  -------------------
/opt/airflow/dags/schedule_dag_generator.py                           0           1  0.06s           2025-11-09T17:35:49
/opt/airflow/dags/api_schedule_sync_dag.py                            0           1  0.06s           2025-11-09T17:35:50
/opt/airflow/dags/api_execution_dag.py                                0           1  0.06s           2025-11-09T17:35:49
================================================================================
[2025-11-09T17:36:47.540+0000] {manager.py:878} INFO - 
================================================================================
DAG File Processing Stats

File Path                                    PID    Runtime      # DAGs    # Errors  Last Runtime    Last Run
-------------------------------------------  -----  ---------  --------  ----------  --------------  -------------------
/opt/airflow/dags/schedule_dag_generator.py                           0           1  0.07s           2025-11-09T17:36:19
/opt/airflow/dags/api_execution_dag.py                                0           1  0.06s           2025-11-09T17:36:19
/opt/airflow/dags/api_schedule_sync_dag.py                            0           1  0.06s           2025-11-09T17:36:20
================================================================================
[2025-11-09T17:37:17.816+0000] {manager.py:878} INFO - 
================================================================================
DAG File Processing Stats

File Path                                    PID    Runtime      # DAGs    # Errors  Last Runtime    Last Run
-------------------------------------------  -----  ---------  --------  ----------  --------------  -------------------
/opt/airflow/dags/schedule_dag_generator.py                           0           1  0.06s           2025-11-09T17:36:49
/opt/airflow/dags/api_execution_dag.py                                0           1  0.06s           2025-11-09T17:36:49
/opt/airflow/dags/api_schedule_sync_dag.py                            0           1  0.06s           2025-11-09T17:36:50
================================================================================
[2025-11-09T17:37:48.115+0000] {manager.py:878} INFO - 
================================================================================
DAG File Processing Stats

File Path                                    PID    Runtime      # DAGs    # Errors  Last Runtime    Last Run
-------------------------------------------  -----  ---------  --------  ----------  --------------  -------------------
/opt/airflow/dags/schedule_dag_generator.py                           0           1  0.09s           2025-11-09T17:37:19
/opt/airflow/dags/api_execution_dag.py                                0           1  0.09s           2025-11-09T17:37:19
/opt/airflow/dags/api_schedule_sync_dag.py                            0           1  0.07s           2025-11-09T17:37:20
================================================================================
[2025-11-09T17:38:18.408+0000] {manager.py:878} INFO - 
================================================================================
DAG File Processing Stats

File Path                                    PID    Runtime      # DAGs    # Errors  Last Runtime    Last Run
-------------------------------------------  -----  ---------  --------  ----------  --------------  -------------------
/opt/airflow/dags/schedule_dag_generator.py                           0           1  0.07s           2025-11-09T17:37:50
/opt/airflow/dags/api_execution_dag.py                                0           1  0.07s           2025-11-09T17:37:50
/opt/airflow/dags/api_schedule_sync_dag.py                            0           1  0.06s           2025-11-09T17:37:51
================================================================================
[2025-11-09T17:38:48.702+0000] {manager.py:878} INFO - 
================================================================================
DAG File Processing Stats

File Path                                    PID    Runtime      # DAGs    # Errors  Last Runtime    Last Run
-------------------------------------------  -----  ---------  --------  ----------  --------------  -------------------
/opt/airflow/dags/api_execution_dag.py                                0           1  0.08s           2025-11-09T17:38:20
/opt/airflow/dags/schedule_dag_generator.py                           0           1  0.08s           2025-11-09T17:38:20
/opt/airflow/dags/api_schedule_sync_dag.py                            0           1  0.06s           2025-11-09T17:38:21
================================================================================
[2025-11-09T17:39:18.983+0000] {manager.py:878} INFO - 
================================================================================
DAG File Processing Stats

File Path                                    PID    Runtime      # DAGs    # Errors  Last Runtime    Last Run
-------------------------------------------  -----  ---------  --------  ----------  --------------  -------------------
/opt/airflow/dags/schedule_dag_generator.py                           0           1  0.07s           2025-11-09T17:38:50
/opt/airflow/dags/api_execution_dag.py                                0           1  0.07s           2025-11-09T17:38:50
/opt/airflow/dags/api_schedule_sync_dag.py                            0           1  0.06s           2025-11-09T17:38:51
================================================================================
[2025-11-09T17:39:49.256+0000] {manager.py:878} INFO - 
================================================================================
DAG File Processing Stats

File Path                                    PID    Runtime      # DAGs    # Errors  Last Runtime    Last Run
-------------------------------------------  -----  ---------  --------  ----------  --------------  -------------------
/opt/airflow/dags/schedule_dag_generator.py                           0           1  0.07s           2025-11-09T17:39:21
/opt/airflow/dags/api_execution_dag.py                                0           1  0.07s           2025-11-09T17:39:21
/opt/airflow/dags/api_schedule_sync_dag.py                            0           1  0.06s           2025-11-09T17:39:22
================================================================================
[2025-11-09T17:40:09.482+0000] {manager.py:737} INFO - Searching for files in /opt/airflow/dags
[2025-11-09T17:40:09.512+0000] {manager.py:740} INFO - There are 3 files in /opt/airflow/dags
[2025-11-09T17:40:19.598+0000] {manager.py:878} INFO - 
================================================================================
DAG File Processing Stats

File Path                                    PID    Runtime      # DAGs    # Errors  Last Runtime    Last Run
-------------------------------------------  -----  ---------  --------  ----------  --------------  -------------------
/opt/airflow/dags/api_execution_dag.py                                0           1  0.07s           2025-11-09T17:39:51
/opt/airflow/dags/schedule_dag_generator.py                           0           1  0.06s           2025-11-09T17:39:51
/opt/airflow/dags/api_schedule_sync_dag.py                            0           1  0.06s           2025-11-09T17:39:52
================================================================================
[2025-11-09T17:40:49.890+0000] {manager.py:878} INFO - 
================================================================================
DAG File Processing Stats

File Path                                    PID    Runtime      # DAGs    # Errors  Last Runtime    Last Run
-------------------------------------------  -----  ---------  --------  ----------  --------------  -------------------
/opt/airflow/dags/api_schedule_sync_dag.py                            0           1  0.08s           2025-11-09T17:40:22
/opt/airflow/dags/schedule_dag_generator.py                           0           1  0.08s           2025-11-09T17:40:21
/opt/airflow/dags/api_execution_dag.py                                0           1  0.07s           2025-11-09T17:40:21
================================================================================
[2025-11-09T17:41:20.210+0000] {manager.py:878} INFO - 
================================================================================
DAG File Processing Stats

File Path                                    PID    Runtime      # DAGs    # Errors  Last Runtime    Last Run
-------------------------------------------  -----  ---------  --------  ----------  --------------  -------------------
/opt/airflow/dags/schedule_dag_generator.py                           0           1  0.09s           2025-11-09T17:40:52
/opt/airflow/dags/api_execution_dag.py                                0           1  0.09s           2025-11-09T17:40:52
/opt/airflow/dags/api_schedule_sync_dag.py                            0           1  0.07s           2025-11-09T17:40:53
================================================================================
[2025-11-09T17:41:50.509+0000] {manager.py:878} INFO - 
================================================================================
DAG File Processing Stats

File Path                                    PID    Runtime      # DAGs    # Errors  Last Runtime    Last Run
-------------------------------------------  -----  ---------  --------  ----------  --------------  -------------------
/opt/airflow/dags/schedule_dag_generator.py                           0           1  0.08s           2025-11-09T17:41:22
/opt/airflow/dags/api_execution_dag.py                                0           1  0.07s           2025-11-09T17:41:22
/opt/airflow/dags/api_schedule_sync_dag.py                            0           1  0.06s           2025-11-09T17:41:23
================================================================================
[2025-11-09T17:42:20.890+0000] {manager.py:878} INFO - 
================================================================================
DAG File Processing Stats

File Path                                    PID    Runtime      # DAGs    # Errors  Last Runtime    Last Run
-------------------------------------------  -----  ---------  --------  ----------  --------------  -------------------
/opt/airflow/dags/api_schedule_sync_dag.py                            0           1  0.15s           2025-11-09T17:41:53
/opt/airflow/dags/schedule_dag_generator.py                           0           1  0.13s           2025-11-09T17:41:52
/opt/airflow/dags/api_execution_dag.py                                0           1  0.13s           2025-11-09T17:41:52
================================================================================
[2025-11-09T17:42:51.166+0000] {manager.py:878} INFO - 
================================================================================
DAG File Processing Stats

File Path                                    PID    Runtime      # DAGs    # Errors  Last Runtime    Last Run
-------------------------------------------  -----  ---------  --------  ----------  --------------  -------------------
/opt/airflow/dags/schedule_dag_generator.py                           0           1  0.07s           2025-11-09T17:42:22
/opt/airflow/dags/api_execution_dag.py                                0           1  0.07s           2025-11-09T17:42:22
/opt/airflow/dags/api_schedule_sync_dag.py                            0           1  0.06s           2025-11-09T17:42:24
================================================================================
[2025-11-09T17:43:21.493+0000] {manager.py:878} INFO - 
================================================================================
DAG File Processing Stats

File Path                                    PID    Runtime      # DAGs    # Errors  Last Runtime    Last Run
-------------------------------------------  -----  ---------  --------  ----------  --------------  -------------------
/opt/airflow/dags/schedule_dag_generator.py                           0           1  0.09s           2025-11-09T17:42:53
/opt/airflow/dags/api_execution_dag.py                                0           1  0.08s           2025-11-09T17:42:53
/opt/airflow/dags/api_schedule_sync_dag.py                            0           1  0.07s           2025-11-09T17:42:54
================================================================================
[2025-11-09T17:43:51.769+0000] {manager.py:878} INFO - 
================================================================================
DAG File Processing Stats

File Path                                    PID    Runtime      # DAGs    # Errors  Last Runtime    Last Run
-------------------------------------------  -----  ---------  --------  ----------  --------------  -------------------
/opt/airflow/dags/schedule_dag_generator.py                           0           1  0.07s           2025-11-09T17:43:23
/opt/airflow/dags/api_execution_dag.py                                0           1  0.06s           2025-11-09T17:43:23
/opt/airflow/dags/api_schedule_sync_dag.py                            0           1  0.06s           2025-11-09T17:43:24
================================================================================
[2025-11-09T17:44:22.035+0000] {manager.py:878} INFO - 
================================================================================
DAG File Processing Stats

File Path                                    PID    Runtime      # DAGs    # Errors  Last Runtime    Last Run
-------------------------------------------  -----  ---------  --------  ----------  --------------  -------------------
/opt/airflow/dags/api_schedule_sync_dag.py                            0           1  0.06s           2025-11-09T17:43:54
/opt/airflow/dags/schedule_dag_generator.py                           0           1  0.06s           2025-11-09T17:43:53
/opt/airflow/dags/api_execution_dag.py                                0           1  0.06s           2025-11-09T17:43:53
================================================================================
[2025-11-09T17:44:52.320+0000] {manager.py:878} INFO - 
================================================================================
DAG File Processing Stats

File Path                                    PID    Runtime      # DAGs    # Errors  Last Runtime    Last Run
-------------------------------------------  -----  ---------  --------  ----------  --------------  -------------------
/opt/airflow/dags/schedule_dag_generator.py                           0           1  0.07s           2025-11-09T17:44:24
/opt/airflow/dags/api_execution_dag.py                                0           1  0.07s           2025-11-09T17:44:24
/opt/airflow/dags/api_schedule_sync_dag.py                            0           1  0.06s           2025-11-09T17:44:25
================================================================================
[2025-11-09T17:45:09.543+0000] {manager.py:737} INFO - Searching for files in /opt/airflow/dags
[2025-11-09T17:45:09.576+0000] {manager.py:740} INFO - There are 3 files in /opt/airflow/dags
[2025-11-09T17:45:22.686+0000] {manager.py:878} INFO - 
================================================================================
DAG File Processing Stats

File Path                                    PID    Runtime      # DAGs    # Errors  Last Runtime    Last Run
-------------------------------------------  -----  ---------  --------  ----------  --------------  -------------------
/opt/airflow/dags/api_schedule_sync_dag.py                            0           1  0.12s           2025-11-09T17:44:55
/opt/airflow/dags/schedule_dag_generator.py                           0           1  0.07s           2025-11-09T17:44:54
/opt/airflow/dags/api_execution_dag.py                                0           1  0.07s           2025-11-09T17:44:54
================================================================================
[2025-11-09T17:45:52.990+0000] {manager.py:878} INFO - 
================================================================================
DAG File Processing Stats

File Path                                    PID    Runtime      # DAGs    # Errors  Last Runtime    Last Run
-------------------------------------------  -----  ---------  --------  ----------  --------------  -------------------
/opt/airflow/dags/api_schedule_sync_dag.py                            0           1  0.14s           2025-11-09T17:45:25
/opt/airflow/dags/schedule_dag_generator.py                           0           1  0.09s           2025-11-09T17:45:24
/opt/airflow/dags/api_execution_dag.py                                0           1  0.08s           2025-11-09T17:45:24
================================================================================
[2025-11-09T17:46:01.341+0000] {manager.py:452} INFO - Exiting gracefully upon receiving signal 15
