{"timestamp":"2025-10-25T04:31:29.785217Z","level":"info","event":"DAG bundles loaded: dags-folder, example_dags","logger":"airflow.dag_processing.bundles.manager.DagBundlesManager","filename":"manager.py","lineno":179}
{"timestamp":"2025-10-25T04:31:29.786686Z","level":"info","event":"Filling up the DagBag from /opt/airflow/dags/schedule_dag_generator.py","logger":"airflow.models.dagbag.DagBag","filename":"dagbag.py","lineno":593}
{"timestamp":"2025-10-25T04:31:32.143049Z","level":"info","event":"[DAG Generator] Invalid connection ID format: conn_1760900635551_e1ik9kycx, skipping schedule","logger":"task.stdout"}
{"timestamp":"2025-10-25T04:31:32.364062Z","level":"info","event":"[DAG Generator] Connection not found: 68fb174656bf68b61b0d9dd5","logger":"task.stdout"}
{"timestamp":"2025-10-25T04:31:32.582585Z","level":"info","event":"[DAG Generator] Connection not found: 68fb174756bf68b61b0d9dd7","logger":"task.stdout"}
{"timestamp":"2025-10-25T04:31:32.808388Z","level":"info","event":"[DAG Generator] Invalid connection ID format: test_conn_aot, skipping schedule","logger":"task.stdout"}
{"timestamp":"2025-10-25T04:31:32.808912Z","level":"info","event":"[DAG Generator] Invalid connection ID format: test_conn_aot, skipping schedule","logger":"task.stdout"}
{"timestamp":"2025-10-25T04:31:33.697268Z","level":"info","event":"[DAG Generator] Generated 4 DAGs from schedules","logger":"task.stdout"}
{"timestamp":"2025-10-25T04:31:33.921684Z","level":"warning","event":"The `airflow.operators.python.PythonOperator` attribute is deprecated. Please use `'airflow.providers.standard.operators.python.PythonOperator'`.","category":"DeprecatedImportWarning","filename":"/opt/airflow/dags/schedule_dag_generator.py","lineno":7,"logger":"py.warnings"}
{"timestamp":"2025-10-25T04:31:33.940761Z","level":"info","event":"Task instance is in running state","logger":"task.stdout"}
{"timestamp":"2025-10-25T04:31:33.941211Z","level":"info","event":" Previous state of the Task instance: TaskInstanceState.QUEUED","logger":"task.stdout"}
{"timestamp":"2025-10-25T04:31:33.941613Z","level":"info","event":"Current task name:execute_api","logger":"task.stdout"}
{"timestamp":"2025-10-25T04:31:33.941985Z","level":"info","event":"Dag name:api_schedule_68fc4c824a46b382e1020b43","logger":"task.stdout"}
{"timestamp":"2025-10-25T04:31:33.942518Z","level":"info","event":"[Airflow] Executing API call for schedule: 68fc4c824a46b382e1020b43","logger":"task.stdout"}
{"timestamp":"2025-10-25T04:31:37.233989Z","level":"info","event":"[Airflow] API call completed: success","logger":"task.stdout"}
{"timestamp":"2025-10-25T04:31:37.452370Z","level":"info","event":"Done. Returned value was: {'scheduleId': '68fc4c824a46b382e1020b43', 'connectionId': '68fc4c734a46b382e1020b42', 'status': 'success', 'statusCode': 200, 'duration': 0, 'recordsProcessed': 0, 'executedAt': '2025-10-25T04:31:35.890468', 'triggeredBy': 'airflow_scheduler', 'responseSize': 419716, '_id': '68fc52a7a282677f5f36a930'}","logger":"airflow.task.operators.airflow.providers.standard.operators.python.PythonOperator","filename":"python.py","lineno":218}
{"timestamp":"2025-10-25T04:31:37.452790Z","level":"info","event":"Pushing xcom","ti":"RuntimeTaskInstance(id=UUID('019a19a2-c577-7cfc-a363-c6c8247f37c4'), task_id='execute_api', dag_id='api_schedule_68fc4c824a46b382e1020b43', run_id='manual__2025-10-25T04:31:28.496318+00:00_SJkUUnAp', try_number=1, dag_version_id=UUID('019a199c-5276-7c81-89a0-934f92dc7863'), map_index=-1, hostname='b22b62853d56', context_carrier={}, task=<Task(PythonOperator): execute_api>, bundle_instance=LocalDagBundle(name=dags-folder), max_tries=3, start_date=datetime.datetime(2025, 10, 25, 4, 31, 29, 302895, tzinfo=datetime.timezone.utc), end_date=None, state=<TaskInstanceState.RUNNING: 'running'>, is_mapped=False, rendered_map_index=None)","logger":"task","filename":"task_runner.py","lineno":1352}
{"timestamp":"2025-10-25T04:31:37.495544Z","level":"info","event":"Task instance in success state","logger":"task.stdout"}
{"timestamp":"2025-10-25T04:31:37.496079Z","level":"info","event":" Previous state of the Task instance: TaskInstanceState.RUNNING","logger":"task.stdout"}
{"timestamp":"2025-10-25T04:31:37.496655Z","level":"info","event":"Task operator:<Task(PythonOperator): execute_api>","logger":"task.stdout"}
