[2025-11-06T03:13:52.140+0000] {processor.py:161} INFO - Started process (PID=84) to work on /opt/airflow/dags/api_schedule_sync_dag.py
[2025-11-06T03:13:52.145+0000] {processor.py:830} INFO - Processing file /opt/airflow/dags/api_schedule_sync_dag.py for tasks to queue
[2025-11-06T03:13:52.157+0000] {logging_mixin.py:188} INFO - [2025-11-06T03:13:52.155+0000] {dagbag.py:540} INFO - Filling up the DagBag from /opt/airflow/dags/api_schedule_sync_dag.py
[2025-11-06T03:13:52.247+0000] {logging_mixin.py:188} INFO - [2025-11-06T03:13:52.227+0000] {dagbag.py:350} ERROR - Failed to import: /opt/airflow/dags/api_schedule_sync_dag.py
Traceback (most recent call last):
  File "/home/airflow/.local/lib/python3.12/site-packages/airflow/models/dagbag.py", line 346, in parse
    loader.exec_module(new_module)
  File "<frozen importlib._bootstrap_external>", line 995, in exec_module
  File "<frozen importlib._bootstrap>", line 488, in _call_with_frames_removed
  File "/opt/airflow/dags/api_schedule_sync_dag.py", line 6, in <module>
    from pymongo import MongoClient
ModuleNotFoundError: No module named 'pymongo'
[2025-11-06T03:13:52.252+0000] {processor.py:842} WARNING - No viable dags retrieved from /opt/airflow/dags/api_schedule_sync_dag.py
[2025-11-06T03:13:52.352+0000] {processor.py:183} INFO - Processing /opt/airflow/dags/api_schedule_sync_dag.py took 0.238 seconds
[2025-11-06T03:14:23.154+0000] {processor.py:161} INFO - Started process (PID=87) to work on /opt/airflow/dags/api_schedule_sync_dag.py
[2025-11-06T03:14:23.156+0000] {processor.py:830} INFO - Processing file /opt/airflow/dags/api_schedule_sync_dag.py for tasks to queue
[2025-11-06T03:14:23.160+0000] {logging_mixin.py:188} INFO - [2025-11-06T03:14:23.159+0000] {dagbag.py:540} INFO - Filling up the DagBag from /opt/airflow/dags/api_schedule_sync_dag.py
[2025-11-06T03:14:23.209+0000] {logging_mixin.py:188} INFO - [2025-11-06T03:14:23.196+0000] {dagbag.py:350} ERROR - Failed to import: /opt/airflow/dags/api_schedule_sync_dag.py
Traceback (most recent call last):
  File "/home/airflow/.local/lib/python3.12/site-packages/airflow/models/dagbag.py", line 346, in parse
    loader.exec_module(new_module)
  File "<frozen importlib._bootstrap_external>", line 995, in exec_module
  File "<frozen importlib._bootstrap>", line 488, in _call_with_frames_removed
  File "/opt/airflow/dags/api_schedule_sync_dag.py", line 6, in <module>
    from pymongo import MongoClient
ModuleNotFoundError: No module named 'pymongo'
[2025-11-06T03:14:23.213+0000] {processor.py:842} WARNING - No viable dags retrieved from /opt/airflow/dags/api_schedule_sync_dag.py
[2025-11-06T03:14:23.263+0000] {processor.py:183} INFO - Processing /opt/airflow/dags/api_schedule_sync_dag.py took 0.124 seconds
[2025-11-06T03:14:48.817+0000] {processor.py:161} INFO - Started process (PID=90) to work on /opt/airflow/dags/api_schedule_sync_dag.py
[2025-11-06T03:14:48.821+0000] {processor.py:830} INFO - Processing file /opt/airflow/dags/api_schedule_sync_dag.py for tasks to queue
[2025-11-06T03:14:48.829+0000] {logging_mixin.py:188} INFO - [2025-11-06T03:14:48.828+0000] {dagbag.py:540} INFO - Filling up the DagBag from /opt/airflow/dags/api_schedule_sync_dag.py
[2025-11-06T03:14:48.927+0000] {logging_mixin.py:188} INFO - [2025-11-06T03:14:48.915+0000] {dagbag.py:350} ERROR - Failed to import: /opt/airflow/dags/api_schedule_sync_dag.py
Traceback (most recent call last):
  File "/home/airflow/.local/lib/python3.12/site-packages/airflow/models/dagbag.py", line 346, in parse
    loader.exec_module(new_module)
  File "<frozen importlib._bootstrap_external>", line 995, in exec_module
  File "<frozen importlib._bootstrap>", line 488, in _call_with_frames_removed
  File "/opt/airflow/dags/api_schedule_sync_dag.py", line 2, in <module>
    from airflow.providers.standard.operators.python import PythonOperator
ModuleNotFoundError: No module named 'airflow.providers.standard'
[2025-11-06T03:14:48.931+0000] {processor.py:842} WARNING - No viable dags retrieved from /opt/airflow/dags/api_schedule_sync_dag.py
[2025-11-06T03:14:48.991+0000] {processor.py:183} INFO - Processing /opt/airflow/dags/api_schedule_sync_dag.py took 0.196 seconds
[2025-11-06T03:15:19.476+0000] {processor.py:161} INFO - Started process (PID=93) to work on /opt/airflow/dags/api_schedule_sync_dag.py
[2025-11-06T03:15:19.479+0000] {processor.py:830} INFO - Processing file /opt/airflow/dags/api_schedule_sync_dag.py for tasks to queue
[2025-11-06T03:15:19.483+0000] {logging_mixin.py:188} INFO - [2025-11-06T03:15:19.482+0000] {dagbag.py:540} INFO - Filling up the DagBag from /opt/airflow/dags/api_schedule_sync_dag.py
[2025-11-06T03:15:19.542+0000] {logging_mixin.py:188} INFO - [2025-11-06T03:15:19.529+0000] {dagbag.py:350} ERROR - Failed to import: /opt/airflow/dags/api_schedule_sync_dag.py
Traceback (most recent call last):
  File "/home/airflow/.local/lib/python3.12/site-packages/airflow/models/dagbag.py", line 346, in parse
    loader.exec_module(new_module)
  File "<frozen importlib._bootstrap_external>", line 995, in exec_module
  File "<frozen importlib._bootstrap>", line 488, in _call_with_frames_removed
  File "/opt/airflow/dags/api_schedule_sync_dag.py", line 2, in <module>
    from airflow.providers.standard.operators.python import PythonOperator
ModuleNotFoundError: No module named 'airflow.providers.standard'
[2025-11-06T03:15:19.546+0000] {processor.py:842} WARNING - No viable dags retrieved from /opt/airflow/dags/api_schedule_sync_dag.py
[2025-11-06T03:15:19.598+0000] {processor.py:183} INFO - Processing /opt/airflow/dags/api_schedule_sync_dag.py took 0.132 seconds
[2025-11-06T03:15:50.162+0000] {processor.py:161} INFO - Started process (PID=96) to work on /opt/airflow/dags/api_schedule_sync_dag.py
[2025-11-06T03:15:50.164+0000] {processor.py:830} INFO - Processing file /opt/airflow/dags/api_schedule_sync_dag.py for tasks to queue
[2025-11-06T03:15:50.168+0000] {logging_mixin.py:188} INFO - [2025-11-06T03:15:50.167+0000] {dagbag.py:540} INFO - Filling up the DagBag from /opt/airflow/dags/api_schedule_sync_dag.py
[2025-11-06T03:15:50.221+0000] {logging_mixin.py:188} INFO - [2025-11-06T03:15:50.208+0000] {dagbag.py:350} ERROR - Failed to import: /opt/airflow/dags/api_schedule_sync_dag.py
Traceback (most recent call last):
  File "/home/airflow/.local/lib/python3.12/site-packages/airflow/models/dagbag.py", line 346, in parse
    loader.exec_module(new_module)
  File "<frozen importlib._bootstrap_external>", line 995, in exec_module
  File "<frozen importlib._bootstrap>", line 488, in _call_with_frames_removed
  File "/opt/airflow/dags/api_schedule_sync_dag.py", line 2, in <module>
    from airflow.providers.standard.operators.python import PythonOperator
ModuleNotFoundError: No module named 'airflow.providers.standard'
[2025-11-06T03:15:50.225+0000] {processor.py:842} WARNING - No viable dags retrieved from /opt/airflow/dags/api_schedule_sync_dag.py
[2025-11-06T03:15:50.276+0000] {processor.py:183} INFO - Processing /opt/airflow/dags/api_schedule_sync_dag.py took 0.126 seconds
[2025-11-06T03:16:20.657+0000] {processor.py:161} INFO - Started process (PID=99) to work on /opt/airflow/dags/api_schedule_sync_dag.py
[2025-11-06T03:16:20.659+0000] {processor.py:830} INFO - Processing file /opt/airflow/dags/api_schedule_sync_dag.py for tasks to queue
[2025-11-06T03:16:20.662+0000] {logging_mixin.py:188} INFO - [2025-11-06T03:16:20.662+0000] {dagbag.py:540} INFO - Filling up the DagBag from /opt/airflow/dags/api_schedule_sync_dag.py
[2025-11-06T03:16:20.710+0000] {logging_mixin.py:188} INFO - [2025-11-06T03:16:20.698+0000] {dagbag.py:350} ERROR - Failed to import: /opt/airflow/dags/api_schedule_sync_dag.py
Traceback (most recent call last):
  File "/home/airflow/.local/lib/python3.12/site-packages/airflow/models/dagbag.py", line 346, in parse
    loader.exec_module(new_module)
  File "<frozen importlib._bootstrap_external>", line 995, in exec_module
  File "<frozen importlib._bootstrap>", line 488, in _call_with_frames_removed
  File "/opt/airflow/dags/api_schedule_sync_dag.py", line 2, in <module>
    from airflow.providers.standard.operators.python import PythonOperator
ModuleNotFoundError: No module named 'airflow.providers.standard'
[2025-11-06T03:16:20.714+0000] {processor.py:842} WARNING - No viable dags retrieved from /opt/airflow/dags/api_schedule_sync_dag.py
[2025-11-06T03:16:20.765+0000] {processor.py:183} INFO - Processing /opt/airflow/dags/api_schedule_sync_dag.py took 0.117 seconds
[2025-11-06T03:16:51.264+0000] {processor.py:161} INFO - Started process (PID=102) to work on /opt/airflow/dags/api_schedule_sync_dag.py
[2025-11-06T03:16:51.265+0000] {processor.py:830} INFO - Processing file /opt/airflow/dags/api_schedule_sync_dag.py for tasks to queue
[2025-11-06T03:16:51.269+0000] {logging_mixin.py:188} INFO - [2025-11-06T03:16:51.268+0000] {dagbag.py:540} INFO - Filling up the DagBag from /opt/airflow/dags/api_schedule_sync_dag.py
[2025-11-06T03:16:51.304+0000] {logging_mixin.py:188} INFO - [2025-11-06T03:16:51.296+0000] {dagbag.py:350} ERROR - Failed to import: /opt/airflow/dags/api_schedule_sync_dag.py
Traceback (most recent call last):
  File "/home/airflow/.local/lib/python3.12/site-packages/airflow/models/dagbag.py", line 346, in parse
    loader.exec_module(new_module)
  File "<frozen importlib._bootstrap_external>", line 995, in exec_module
  File "<frozen importlib._bootstrap>", line 488, in _call_with_frames_removed
  File "/opt/airflow/dags/api_schedule_sync_dag.py", line 2, in <module>
    from airflow.providers.standard.operators.python import PythonOperator
ModuleNotFoundError: No module named 'airflow.providers.standard'
[2025-11-06T03:16:51.307+0000] {processor.py:842} WARNING - No viable dags retrieved from /opt/airflow/dags/api_schedule_sync_dag.py
[2025-11-06T03:16:51.343+0000] {processor.py:183} INFO - Processing /opt/airflow/dags/api_schedule_sync_dag.py took 0.092 seconds
[2025-11-06T03:17:21.873+0000] {processor.py:161} INFO - Started process (PID=105) to work on /opt/airflow/dags/api_schedule_sync_dag.py
[2025-11-06T03:17:21.875+0000] {processor.py:830} INFO - Processing file /opt/airflow/dags/api_schedule_sync_dag.py for tasks to queue
[2025-11-06T03:17:21.879+0000] {logging_mixin.py:188} INFO - [2025-11-06T03:17:21.879+0000] {dagbag.py:540} INFO - Filling up the DagBag from /opt/airflow/dags/api_schedule_sync_dag.py
[2025-11-06T03:17:21.934+0000] {logging_mixin.py:188} INFO - [2025-11-06T03:17:21.921+0000] {dagbag.py:350} ERROR - Failed to import: /opt/airflow/dags/api_schedule_sync_dag.py
Traceback (most recent call last):
  File "/home/airflow/.local/lib/python3.12/site-packages/airflow/models/dagbag.py", line 346, in parse
    loader.exec_module(new_module)
  File "<frozen importlib._bootstrap_external>", line 995, in exec_module
  File "<frozen importlib._bootstrap>", line 488, in _call_with_frames_removed
  File "/opt/airflow/dags/api_schedule_sync_dag.py", line 2, in <module>
    from airflow.providers.standard.operators.python import PythonOperator
ModuleNotFoundError: No module named 'airflow.providers.standard'
[2025-11-06T03:17:21.938+0000] {processor.py:842} WARNING - No viable dags retrieved from /opt/airflow/dags/api_schedule_sync_dag.py
[2025-11-06T03:17:21.980+0000] {processor.py:183} INFO - Processing /opt/airflow/dags/api_schedule_sync_dag.py took 0.116 seconds
[2025-11-06T03:17:52.486+0000] {processor.py:161} INFO - Started process (PID=108) to work on /opt/airflow/dags/api_schedule_sync_dag.py
[2025-11-06T03:17:52.488+0000] {processor.py:830} INFO - Processing file /opt/airflow/dags/api_schedule_sync_dag.py for tasks to queue
[2025-11-06T03:17:52.492+0000] {logging_mixin.py:188} INFO - [2025-11-06T03:17:52.491+0000] {dagbag.py:540} INFO - Filling up the DagBag from /opt/airflow/dags/api_schedule_sync_dag.py
[2025-11-06T03:17:52.539+0000] {logging_mixin.py:188} INFO - [2025-11-06T03:17:52.530+0000] {dagbag.py:350} ERROR - Failed to import: /opt/airflow/dags/api_schedule_sync_dag.py
Traceback (most recent call last):
  File "/home/airflow/.local/lib/python3.12/site-packages/airflow/models/dagbag.py", line 346, in parse
    loader.exec_module(new_module)
  File "<frozen importlib._bootstrap_external>", line 995, in exec_module
  File "<frozen importlib._bootstrap>", line 488, in _call_with_frames_removed
  File "/opt/airflow/dags/api_schedule_sync_dag.py", line 2, in <module>
    from airflow.providers.standard.operators.python import PythonOperator
ModuleNotFoundError: No module named 'airflow.providers.standard'
[2025-11-06T03:17:52.543+0000] {processor.py:842} WARNING - No viable dags retrieved from /opt/airflow/dags/api_schedule_sync_dag.py
[2025-11-06T03:17:52.584+0000] {processor.py:183} INFO - Processing /opt/airflow/dags/api_schedule_sync_dag.py took 0.107 seconds
