[2025-11-06T03:13:52.509+0000] {processor.py:161} INFO - Started process (PID=86) to work on /opt/airflow/dags/api_execution_dag.py
[2025-11-06T03:13:52.511+0000] {processor.py:830} INFO - Processing file /opt/airflow/dags/api_execution_dag.py for tasks to queue
[2025-11-06T03:13:52.520+0000] {logging_mixin.py:188} INFO - [2025-11-06T03:13:52.515+0000] {dagbag.py:540} INFO - Filling up the DagBag from /opt/airflow/dags/api_execution_dag.py
[2025-11-06T03:13:52.585+0000] {logging_mixin.py:188} INFO - [2025-11-06T03:13:52.573+0000] {dagbag.py:350} ERROR - Failed to import: /opt/airflow/dags/api_execution_dag.py
Traceback (most recent call last):
  File "/home/airflow/.local/lib/python3.12/site-packages/airflow/models/dagbag.py", line 346, in parse
    loader.exec_module(new_module)
  File "<frozen importlib._bootstrap_external>", line 995, in exec_module
  File "<frozen importlib._bootstrap>", line 488, in _call_with_frames_removed
  File "/opt/airflow/dags/api_execution_dag.py", line 8, in <module>
    from pymongo import MongoClient
ModuleNotFoundError: No module named 'pymongo'
[2025-11-06T03:13:52.590+0000] {processor.py:842} WARNING - No viable dags retrieved from /opt/airflow/dags/api_execution_dag.py
[2025-11-06T03:13:52.670+0000] {processor.py:183} INFO - Processing /opt/airflow/dags/api_execution_dag.py took 0.188 seconds
[2025-11-06T03:14:23.321+0000] {processor.py:161} INFO - Started process (PID=89) to work on /opt/airflow/dags/api_execution_dag.py
[2025-11-06T03:14:23.323+0000] {processor.py:830} INFO - Processing file /opt/airflow/dags/api_execution_dag.py for tasks to queue
[2025-11-06T03:14:23.327+0000] {logging_mixin.py:188} INFO - [2025-11-06T03:14:23.326+0000] {dagbag.py:540} INFO - Filling up the DagBag from /opt/airflow/dags/api_execution_dag.py
[2025-11-06T03:14:23.351+0000] {logging_mixin.py:188} INFO - [2025-11-06T03:14:23.345+0000] {dagbag.py:350} ERROR - Failed to import: /opt/airflow/dags/api_execution_dag.py
Traceback (most recent call last):
  File "/home/airflow/.local/lib/python3.12/site-packages/airflow/models/dagbag.py", line 346, in parse
    loader.exec_module(new_module)
  File "<frozen importlib._bootstrap_external>", line 995, in exec_module
  File "<frozen importlib._bootstrap>", line 488, in _call_with_frames_removed
  File "/opt/airflow/dags/api_execution_dag.py", line 8, in <module>
    from pymongo import MongoClient
ModuleNotFoundError: No module named 'pymongo'
[2025-11-06T03:14:23.354+0000] {processor.py:842} WARNING - No viable dags retrieved from /opt/airflow/dags/api_execution_dag.py
[2025-11-06T03:14:23.390+0000] {processor.py:183} INFO - Processing /opt/airflow/dags/api_execution_dag.py took 0.080 seconds
[2025-11-06T03:14:53.939+0000] {processor.py:161} INFO - Started process (PID=92) to work on /opt/airflow/dags/api_execution_dag.py
[2025-11-06T03:14:53.941+0000] {processor.py:830} INFO - Processing file /opt/airflow/dags/api_execution_dag.py for tasks to queue
[2025-11-06T03:14:53.945+0000] {logging_mixin.py:188} INFO - [2025-11-06T03:14:53.944+0000] {dagbag.py:540} INFO - Filling up the DagBag from /opt/airflow/dags/api_execution_dag.py
[2025-11-06T03:14:54.006+0000] {logging_mixin.py:188} INFO - [2025-11-06T03:14:53.995+0000] {dagbag.py:350} ERROR - Failed to import: /opt/airflow/dags/api_execution_dag.py
Traceback (most recent call last):
  File "/home/airflow/.local/lib/python3.12/site-packages/airflow/models/dagbag.py", line 346, in parse
    loader.exec_module(new_module)
  File "<frozen importlib._bootstrap_external>", line 995, in exec_module
  File "<frozen importlib._bootstrap>", line 488, in _call_with_frames_removed
  File "/opt/airflow/dags/api_execution_dag.py", line 8, in <module>
    from pymongo import MongoClient
ModuleNotFoundError: No module named 'pymongo'
[2025-11-06T03:14:54.010+0000] {processor.py:842} WARNING - No viable dags retrieved from /opt/airflow/dags/api_execution_dag.py
[2025-11-06T03:14:54.061+0000] {processor.py:183} INFO - Processing /opt/airflow/dags/api_execution_dag.py took 0.133 seconds
[2025-11-06T03:15:24.634+0000] {processor.py:161} INFO - Started process (PID=95) to work on /opt/airflow/dags/api_execution_dag.py
[2025-11-06T03:15:24.636+0000] {processor.py:830} INFO - Processing file /opt/airflow/dags/api_execution_dag.py for tasks to queue
[2025-11-06T03:15:24.641+0000] {logging_mixin.py:188} INFO - [2025-11-06T03:15:24.640+0000] {dagbag.py:540} INFO - Filling up the DagBag from /opt/airflow/dags/api_execution_dag.py
[2025-11-06T03:15:24.700+0000] {logging_mixin.py:188} INFO - [2025-11-06T03:15:24.690+0000] {dagbag.py:350} ERROR - Failed to import: /opt/airflow/dags/api_execution_dag.py
Traceback (most recent call last):
  File "/home/airflow/.local/lib/python3.12/site-packages/airflow/models/dagbag.py", line 346, in parse
    loader.exec_module(new_module)
  File "<frozen importlib._bootstrap_external>", line 995, in exec_module
  File "<frozen importlib._bootstrap>", line 488, in _call_with_frames_removed
  File "/opt/airflow/dags/api_execution_dag.py", line 8, in <module>
    from pymongo import MongoClient
ModuleNotFoundError: No module named 'pymongo'
[2025-11-06T03:15:24.703+0000] {processor.py:842} WARNING - No viable dags retrieved from /opt/airflow/dags/api_execution_dag.py
[2025-11-06T03:15:24.741+0000] {processor.py:183} INFO - Processing /opt/airflow/dags/api_execution_dag.py took 0.121 seconds
[2025-11-06T03:15:55.255+0000] {processor.py:161} INFO - Started process (PID=98) to work on /opt/airflow/dags/api_execution_dag.py
[2025-11-06T03:15:55.257+0000] {processor.py:830} INFO - Processing file /opt/airflow/dags/api_execution_dag.py for tasks to queue
[2025-11-06T03:15:55.262+0000] {logging_mixin.py:188} INFO - [2025-11-06T03:15:55.261+0000] {dagbag.py:540} INFO - Filling up the DagBag from /opt/airflow/dags/api_execution_dag.py
[2025-11-06T03:15:55.309+0000] {logging_mixin.py:188} INFO - [2025-11-06T03:15:55.300+0000] {dagbag.py:350} ERROR - Failed to import: /opt/airflow/dags/api_execution_dag.py
Traceback (most recent call last):
  File "/home/airflow/.local/lib/python3.12/site-packages/airflow/models/dagbag.py", line 346, in parse
    loader.exec_module(new_module)
  File "<frozen importlib._bootstrap_external>", line 995, in exec_module
  File "<frozen importlib._bootstrap>", line 488, in _call_with_frames_removed
  File "/opt/airflow/dags/api_execution_dag.py", line 8, in <module>
    from pymongo import MongoClient
ModuleNotFoundError: No module named 'pymongo'
[2025-11-06T03:15:55.312+0000] {processor.py:842} WARNING - No viable dags retrieved from /opt/airflow/dags/api_execution_dag.py
[2025-11-06T03:15:55.351+0000] {processor.py:183} INFO - Processing /opt/airflow/dags/api_execution_dag.py took 0.105 seconds
[2025-11-06T03:16:25.802+0000] {processor.py:161} INFO - Started process (PID=101) to work on /opt/airflow/dags/api_execution_dag.py
[2025-11-06T03:16:25.804+0000] {processor.py:830} INFO - Processing file /opt/airflow/dags/api_execution_dag.py for tasks to queue
[2025-11-06T03:16:25.807+0000] {logging_mixin.py:188} INFO - [2025-11-06T03:16:25.807+0000] {dagbag.py:540} INFO - Filling up the DagBag from /opt/airflow/dags/api_execution_dag.py
[2025-11-06T03:16:25.835+0000] {logging_mixin.py:188} INFO - [2025-11-06T03:16:25.830+0000] {dagbag.py:350} ERROR - Failed to import: /opt/airflow/dags/api_execution_dag.py
Traceback (most recent call last):
  File "/home/airflow/.local/lib/python3.12/site-packages/airflow/models/dagbag.py", line 346, in parse
    loader.exec_module(new_module)
  File "<frozen importlib._bootstrap_external>", line 995, in exec_module
  File "<frozen importlib._bootstrap>", line 488, in _call_with_frames_removed
  File "/opt/airflow/dags/api_execution_dag.py", line 8, in <module>
    from pymongo import MongoClient
ModuleNotFoundError: No module named 'pymongo'
[2025-11-06T03:16:25.837+0000] {processor.py:842} WARNING - No viable dags retrieved from /opt/airflow/dags/api_execution_dag.py
[2025-11-06T03:16:25.876+0000] {processor.py:183} INFO - Processing /opt/airflow/dags/api_execution_dag.py took 0.083 seconds
[2025-11-06T03:16:56.432+0000] {processor.py:161} INFO - Started process (PID=104) to work on /opt/airflow/dags/api_execution_dag.py
[2025-11-06T03:16:56.435+0000] {processor.py:830} INFO - Processing file /opt/airflow/dags/api_execution_dag.py for tasks to queue
[2025-11-06T03:16:56.440+0000] {logging_mixin.py:188} INFO - [2025-11-06T03:16:56.440+0000] {dagbag.py:540} INFO - Filling up the DagBag from /opt/airflow/dags/api_execution_dag.py
[2025-11-06T03:16:56.501+0000] {logging_mixin.py:188} INFO - [2025-11-06T03:16:56.484+0000] {dagbag.py:350} ERROR - Failed to import: /opt/airflow/dags/api_execution_dag.py
Traceback (most recent call last):
  File "/home/airflow/.local/lib/python3.12/site-packages/airflow/models/dagbag.py", line 346, in parse
    loader.exec_module(new_module)
  File "<frozen importlib._bootstrap_external>", line 995, in exec_module
  File "<frozen importlib._bootstrap>", line 488, in _call_with_frames_removed
  File "/opt/airflow/dags/api_execution_dag.py", line 8, in <module>
    from pymongo import MongoClient
ModuleNotFoundError: No module named 'pymongo'
[2025-11-06T03:16:56.505+0000] {processor.py:842} WARNING - No viable dags retrieved from /opt/airflow/dags/api_execution_dag.py
[2025-11-06T03:16:56.554+0000] {processor.py:183} INFO - Processing /opt/airflow/dags/api_execution_dag.py took 0.137 seconds
[2025-11-06T03:17:27.032+0000] {processor.py:161} INFO - Started process (PID=107) to work on /opt/airflow/dags/api_execution_dag.py
[2025-11-06T03:17:27.034+0000] {processor.py:830} INFO - Processing file /opt/airflow/dags/api_execution_dag.py for tasks to queue
[2025-11-06T03:17:27.037+0000] {logging_mixin.py:188} INFO - [2025-11-06T03:17:27.036+0000] {dagbag.py:540} INFO - Filling up the DagBag from /opt/airflow/dags/api_execution_dag.py
[2025-11-06T03:17:27.077+0000] {logging_mixin.py:188} INFO - [2025-11-06T03:17:27.069+0000] {dagbag.py:350} ERROR - Failed to import: /opt/airflow/dags/api_execution_dag.py
Traceback (most recent call last):
  File "/home/airflow/.local/lib/python3.12/site-packages/airflow/models/dagbag.py", line 346, in parse
    loader.exec_module(new_module)
  File "<frozen importlib._bootstrap_external>", line 995, in exec_module
  File "<frozen importlib._bootstrap>", line 488, in _call_with_frames_removed
  File "/opt/airflow/dags/api_execution_dag.py", line 8, in <module>
    from pymongo import MongoClient
ModuleNotFoundError: No module named 'pymongo'
[2025-11-06T03:17:27.079+0000] {processor.py:842} WARNING - No viable dags retrieved from /opt/airflow/dags/api_execution_dag.py
[2025-11-06T03:17:27.122+0000] {processor.py:183} INFO - Processing /opt/airflow/dags/api_execution_dag.py took 0.099 seconds
[2025-11-06T03:17:57.622+0000] {processor.py:161} INFO - Started process (PID=110) to work on /opt/airflow/dags/api_execution_dag.py
[2025-11-06T03:17:57.623+0000] {processor.py:830} INFO - Processing file /opt/airflow/dags/api_execution_dag.py for tasks to queue
[2025-11-06T03:17:57.628+0000] {logging_mixin.py:188} INFO - [2025-11-06T03:17:57.627+0000] {dagbag.py:540} INFO - Filling up the DagBag from /opt/airflow/dags/api_execution_dag.py
[2025-11-06T03:17:57.700+0000] {logging_mixin.py:188} INFO - [2025-11-06T03:17:57.685+0000] {dagbag.py:350} ERROR - Failed to import: /opt/airflow/dags/api_execution_dag.py
Traceback (most recent call last):
  File "/home/airflow/.local/lib/python3.12/site-packages/airflow/models/dagbag.py", line 346, in parse
    loader.exec_module(new_module)
  File "<frozen importlib._bootstrap_external>", line 995, in exec_module
  File "<frozen importlib._bootstrap>", line 488, in _call_with_frames_removed
  File "/opt/airflow/dags/api_execution_dag.py", line 8, in <module>
    from pymongo import MongoClient
ModuleNotFoundError: No module named 'pymongo'
[2025-11-06T03:17:57.705+0000] {processor.py:842} WARNING - No viable dags retrieved from /opt/airflow/dags/api_execution_dag.py
[2025-11-06T03:17:57.761+0000] {processor.py:183} INFO - Processing /opt/airflow/dags/api_execution_dag.py took 0.148 seconds
