[2025-11-06T03:13:52.451+0000] {processor.py:161} INFO - Started process (PID=85) to work on /opt/airflow/dags/schedule_dag_generator.py
[2025-11-06T03:13:52.455+0000] {processor.py:830} INFO - Processing file /opt/airflow/dags/schedule_dag_generator.py for tasks to queue
[2025-11-06T03:13:52.468+0000] {logging_mixin.py:188} INFO - [2025-11-06T03:13:52.467+0000] {dagbag.py:540} INFO - Filling up the DagBag from /opt/airflow/dags/schedule_dag_generator.py
[2025-11-06T03:13:52.519+0000] {logging_mixin.py:188} INFO - [2025-11-06T03:13:52.503+0000] {dagbag.py:350} ERROR - Failed to import: /opt/airflow/dags/schedule_dag_generator.py
Traceback (most recent call last):
  File "/home/airflow/.local/lib/python3.12/site-packages/airflow/models/dagbag.py", line 346, in parse
    loader.exec_module(new_module)
  File "<frozen importlib._bootstrap_external>", line 995, in exec_module
  File "<frozen importlib._bootstrap>", line 488, in _call_with_frames_removed
  File "/opt/airflow/dags/schedule_dag_generator.py", line 12, in <module>
    from pymongo import MongoClient
ModuleNotFoundError: No module named 'pymongo'
[2025-11-06T03:13:52.525+0000] {processor.py:842} WARNING - No viable dags retrieved from /opt/airflow/dags/schedule_dag_generator.py
[2025-11-06T03:13:52.621+0000] {processor.py:183} INFO - Processing /opt/airflow/dags/schedule_dag_generator.py took 0.188 seconds
[2025-11-06T03:14:23.164+0000] {processor.py:161} INFO - Started process (PID=88) to work on /opt/airflow/dags/schedule_dag_generator.py
[2025-11-06T03:14:23.166+0000] {processor.py:830} INFO - Processing file /opt/airflow/dags/schedule_dag_generator.py for tasks to queue
[2025-11-06T03:14:23.170+0000] {logging_mixin.py:188} INFO - [2025-11-06T03:14:23.169+0000] {dagbag.py:540} INFO - Filling up the DagBag from /opt/airflow/dags/schedule_dag_generator.py
[2025-11-06T03:14:23.227+0000] {logging_mixin.py:188} INFO - [2025-11-06T03:14:23.210+0000] {dagbag.py:350} ERROR - Failed to import: /opt/airflow/dags/schedule_dag_generator.py
Traceback (most recent call last):
  File "/home/airflow/.local/lib/python3.12/site-packages/airflow/models/dagbag.py", line 346, in parse
    loader.exec_module(new_module)
  File "<frozen importlib._bootstrap_external>", line 995, in exec_module
  File "<frozen importlib._bootstrap>", line 488, in _call_with_frames_removed
  File "/opt/airflow/dags/schedule_dag_generator.py", line 12, in <module>
    from pymongo import MongoClient
ModuleNotFoundError: No module named 'pymongo'
[2025-11-06T03:14:23.231+0000] {processor.py:842} WARNING - No viable dags retrieved from /opt/airflow/dags/schedule_dag_generator.py
[2025-11-06T03:14:23.269+0000] {processor.py:183} INFO - Processing /opt/airflow/dags/schedule_dag_generator.py took 0.113 seconds
[2025-11-06T03:14:53.924+0000] {processor.py:161} INFO - Started process (PID=91) to work on /opt/airflow/dags/schedule_dag_generator.py
[2025-11-06T03:14:53.926+0000] {processor.py:830} INFO - Processing file /opt/airflow/dags/schedule_dag_generator.py for tasks to queue
[2025-11-06T03:14:53.930+0000] {logging_mixin.py:188} INFO - [2025-11-06T03:14:53.929+0000] {dagbag.py:540} INFO - Filling up the DagBag from /opt/airflow/dags/schedule_dag_generator.py
[2025-11-06T03:14:53.990+0000] {logging_mixin.py:188} INFO - [2025-11-06T03:14:53.978+0000] {dagbag.py:350} ERROR - Failed to import: /opt/airflow/dags/schedule_dag_generator.py
Traceback (most recent call last):
  File "/home/airflow/.local/lib/python3.12/site-packages/airflow/models/dagbag.py", line 346, in parse
    loader.exec_module(new_module)
  File "<frozen importlib._bootstrap_external>", line 995, in exec_module
  File "<frozen importlib._bootstrap>", line 488, in _call_with_frames_removed
  File "/opt/airflow/dags/schedule_dag_generator.py", line 12, in <module>
    from pymongo import MongoClient
ModuleNotFoundError: No module named 'pymongo'
[2025-11-06T03:14:53.994+0000] {processor.py:842} WARNING - No viable dags retrieved from /opt/airflow/dags/schedule_dag_generator.py
[2025-11-06T03:14:54.046+0000] {processor.py:183} INFO - Processing /opt/airflow/dags/schedule_dag_generator.py took 0.136 seconds
[2025-11-06T03:15:24.615+0000] {processor.py:161} INFO - Started process (PID=94) to work on /opt/airflow/dags/schedule_dag_generator.py
[2025-11-06T03:15:24.618+0000] {processor.py:830} INFO - Processing file /opt/airflow/dags/schedule_dag_generator.py for tasks to queue
[2025-11-06T03:15:24.623+0000] {logging_mixin.py:188} INFO - [2025-11-06T03:15:24.622+0000] {dagbag.py:540} INFO - Filling up the DagBag from /opt/airflow/dags/schedule_dag_generator.py
[2025-11-06T03:15:24.685+0000] {logging_mixin.py:188} INFO - [2025-11-06T03:15:24.673+0000] {dagbag.py:350} ERROR - Failed to import: /opt/airflow/dags/schedule_dag_generator.py
Traceback (most recent call last):
  File "/home/airflow/.local/lib/python3.12/site-packages/airflow/models/dagbag.py", line 346, in parse
    loader.exec_module(new_module)
  File "<frozen importlib._bootstrap_external>", line 995, in exec_module
  File "<frozen importlib._bootstrap>", line 488, in _call_with_frames_removed
  File "/opt/airflow/dags/schedule_dag_generator.py", line 12, in <module>
    from pymongo import MongoClient
ModuleNotFoundError: No module named 'pymongo'
[2025-11-06T03:15:24.690+0000] {processor.py:842} WARNING - No viable dags retrieved from /opt/airflow/dags/schedule_dag_generator.py
[2025-11-06T03:15:24.736+0000] {processor.py:183} INFO - Processing /opt/airflow/dags/schedule_dag_generator.py took 0.136 seconds
[2025-11-06T03:15:55.244+0000] {processor.py:161} INFO - Started process (PID=97) to work on /opt/airflow/dags/schedule_dag_generator.py
[2025-11-06T03:15:55.246+0000] {processor.py:830} INFO - Processing file /opt/airflow/dags/schedule_dag_generator.py for tasks to queue
[2025-11-06T03:15:55.248+0000] {logging_mixin.py:188} INFO - [2025-11-06T03:15:55.248+0000] {dagbag.py:540} INFO - Filling up the DagBag from /opt/airflow/dags/schedule_dag_generator.py
[2025-11-06T03:15:55.293+0000] {logging_mixin.py:188} INFO - [2025-11-06T03:15:55.283+0000] {dagbag.py:350} ERROR - Failed to import: /opt/airflow/dags/schedule_dag_generator.py
Traceback (most recent call last):
  File "/home/airflow/.local/lib/python3.12/site-packages/airflow/models/dagbag.py", line 346, in parse
    loader.exec_module(new_module)
  File "<frozen importlib._bootstrap_external>", line 995, in exec_module
  File "<frozen importlib._bootstrap>", line 488, in _call_with_frames_removed
  File "/opt/airflow/dags/schedule_dag_generator.py", line 12, in <module>
    from pymongo import MongoClient
ModuleNotFoundError: No module named 'pymongo'
[2025-11-06T03:15:55.297+0000] {processor.py:842} WARNING - No viable dags retrieved from /opt/airflow/dags/schedule_dag_generator.py
[2025-11-06T03:15:55.341+0000] {processor.py:183} INFO - Processing /opt/airflow/dags/schedule_dag_generator.py took 0.105 seconds
[2025-11-06T03:16:25.792+0000] {processor.py:161} INFO - Started process (PID=100) to work on /opt/airflow/dags/schedule_dag_generator.py
[2025-11-06T03:16:25.794+0000] {processor.py:830} INFO - Processing file /opt/airflow/dags/schedule_dag_generator.py for tasks to queue
[2025-11-06T03:16:25.798+0000] {logging_mixin.py:188} INFO - [2025-11-06T03:16:25.798+0000] {dagbag.py:540} INFO - Filling up the DagBag from /opt/airflow/dags/schedule_dag_generator.py
[2025-11-06T03:16:25.832+0000] {logging_mixin.py:188} INFO - [2025-11-06T03:16:25.826+0000] {dagbag.py:350} ERROR - Failed to import: /opt/airflow/dags/schedule_dag_generator.py
Traceback (most recent call last):
  File "/home/airflow/.local/lib/python3.12/site-packages/airflow/models/dagbag.py", line 346, in parse
    loader.exec_module(new_module)
  File "<frozen importlib._bootstrap_external>", line 995, in exec_module
  File "<frozen importlib._bootstrap>", line 488, in _call_with_frames_removed
  File "/opt/airflow/dags/schedule_dag_generator.py", line 12, in <module>
    from pymongo import MongoClient
ModuleNotFoundError: No module named 'pymongo'
[2025-11-06T03:16:25.833+0000] {processor.py:842} WARNING - No viable dags retrieved from /opt/airflow/dags/schedule_dag_generator.py
[2025-11-06T03:16:25.875+0000] {processor.py:183} INFO - Processing /opt/airflow/dags/schedule_dag_generator.py took 0.094 seconds
[2025-11-06T03:16:56.411+0000] {processor.py:161} INFO - Started process (PID=103) to work on /opt/airflow/dags/schedule_dag_generator.py
[2025-11-06T03:16:56.414+0000] {processor.py:830} INFO - Processing file /opt/airflow/dags/schedule_dag_generator.py for tasks to queue
[2025-11-06T03:16:56.420+0000] {logging_mixin.py:188} INFO - [2025-11-06T03:16:56.419+0000] {dagbag.py:540} INFO - Filling up the DagBag from /opt/airflow/dags/schedule_dag_generator.py
[2025-11-06T03:16:56.477+0000] {logging_mixin.py:188} INFO - [2025-11-06T03:16:56.467+0000] {dagbag.py:350} ERROR - Failed to import: /opt/airflow/dags/schedule_dag_generator.py
Traceback (most recent call last):
  File "/home/airflow/.local/lib/python3.12/site-packages/airflow/models/dagbag.py", line 346, in parse
    loader.exec_module(new_module)
  File "<frozen importlib._bootstrap_external>", line 995, in exec_module
  File "<frozen importlib._bootstrap>", line 488, in _call_with_frames_removed
  File "/opt/airflow/dags/schedule_dag_generator.py", line 12, in <module>
    from pymongo import MongoClient
ModuleNotFoundError: No module named 'pymongo'
[2025-11-06T03:16:56.480+0000] {processor.py:842} WARNING - No viable dags retrieved from /opt/airflow/dags/schedule_dag_generator.py
[2025-11-06T03:16:56.545+0000] {processor.py:183} INFO - Processing /opt/airflow/dags/schedule_dag_generator.py took 0.147 seconds
[2025-11-06T03:17:27.021+0000] {processor.py:161} INFO - Started process (PID=106) to work on /opt/airflow/dags/schedule_dag_generator.py
[2025-11-06T03:17:27.023+0000] {processor.py:830} INFO - Processing file /opt/airflow/dags/schedule_dag_generator.py for tasks to queue
[2025-11-06T03:17:27.027+0000] {logging_mixin.py:188} INFO - [2025-11-06T03:17:27.026+0000] {dagbag.py:540} INFO - Filling up the DagBag from /opt/airflow/dags/schedule_dag_generator.py
[2025-11-06T03:17:27.068+0000] {logging_mixin.py:188} INFO - [2025-11-06T03:17:27.059+0000] {dagbag.py:350} ERROR - Failed to import: /opt/airflow/dags/schedule_dag_generator.py
Traceback (most recent call last):
  File "/home/airflow/.local/lib/python3.12/site-packages/airflow/models/dagbag.py", line 346, in parse
    loader.exec_module(new_module)
  File "<frozen importlib._bootstrap_external>", line 995, in exec_module
  File "<frozen importlib._bootstrap>", line 488, in _call_with_frames_removed
  File "/opt/airflow/dags/schedule_dag_generator.py", line 12, in <module>
    from pymongo import MongoClient
ModuleNotFoundError: No module named 'pymongo'
[2025-11-06T03:17:27.070+0000] {processor.py:842} WARNING - No viable dags retrieved from /opt/airflow/dags/schedule_dag_generator.py
[2025-11-06T03:17:27.116+0000] {processor.py:183} INFO - Processing /opt/airflow/dags/schedule_dag_generator.py took 0.105 seconds
[2025-11-06T03:17:57.612+0000] {processor.py:161} INFO - Started process (PID=109) to work on /opt/airflow/dags/schedule_dag_generator.py
[2025-11-06T03:17:57.614+0000] {processor.py:830} INFO - Processing file /opt/airflow/dags/schedule_dag_generator.py for tasks to queue
[2025-11-06T03:17:57.618+0000] {logging_mixin.py:188} INFO - [2025-11-06T03:17:57.618+0000] {dagbag.py:540} INFO - Filling up the DagBag from /opt/airflow/dags/schedule_dag_generator.py
[2025-11-06T03:17:57.685+0000] {logging_mixin.py:188} INFO - [2025-11-06T03:17:57.670+0000] {dagbag.py:350} ERROR - Failed to import: /opt/airflow/dags/schedule_dag_generator.py
Traceback (most recent call last):
  File "/home/airflow/.local/lib/python3.12/site-packages/airflow/models/dagbag.py", line 346, in parse
    loader.exec_module(new_module)
  File "<frozen importlib._bootstrap_external>", line 995, in exec_module
  File "<frozen importlib._bootstrap>", line 488, in _call_with_frames_removed
  File "/opt/airflow/dags/schedule_dag_generator.py", line 12, in <module>
    from pymongo import MongoClient
ModuleNotFoundError: No module named 'pymongo'
[2025-11-06T03:17:57.690+0000] {processor.py:842} WARNING - No viable dags retrieved from /opt/airflow/dags/schedule_dag_generator.py
[2025-11-06T03:17:57.759+0000] {processor.py:183} INFO - Processing /opt/airflow/dags/schedule_dag_generator.py took 0.157 seconds
