{"timestamp":"2025-10-25T04:29:59.412419Z","level":"info","event":"DAG bundles loaded: dags-folder, example_dags","logger":"airflow.dag_processing.bundles.manager.DagBundlesManager","filename":"manager.py","lineno":179}
{"timestamp":"2025-10-25T04:29:59.413605Z","level":"info","event":"Filling up the DagBag from /opt/airflow/dags/schedule_dag_generator.py","logger":"airflow.models.dagbag.DagBag","filename":"dagbag.py","lineno":593}
{"timestamp":"2025-10-25T04:30:01.741936Z","level":"info","event":"[DAG Generator] Invalid connection ID format: conn_1760900635551_e1ik9kycx, skipping schedule","logger":"task.stdout"}
{"timestamp":"2025-10-25T04:30:01.981301Z","level":"info","event":"[DAG Generator] Connection not found: 68fb174656bf68b61b0d9dd5","logger":"task.stdout"}
{"timestamp":"2025-10-25T04:30:02.207261Z","level":"info","event":"[DAG Generator] Connection not found: 68fb174756bf68b61b0d9dd7","logger":"task.stdout"}
{"timestamp":"2025-10-25T04:30:02.436778Z","level":"info","event":"[DAG Generator] Invalid connection ID format: test_conn_aot, skipping schedule","logger":"task.stdout"}
{"timestamp":"2025-10-25T04:30:02.437747Z","level":"info","event":"[DAG Generator] Invalid connection ID format: test_conn_aot, skipping schedule","logger":"task.stdout"}
{"timestamp":"2025-10-25T04:30:03.346692Z","level":"info","event":"[DAG Generator] Generated 4 DAGs from schedules","logger":"task.stdout"}
{"timestamp":"2025-10-25T04:30:03.569795Z","level":"warning","event":"The `airflow.operators.python.PythonOperator` attribute is deprecated. Please use `'airflow.providers.standard.operators.python.PythonOperator'`.","category":"DeprecatedImportWarning","filename":"/opt/airflow/dags/schedule_dag_generator.py","lineno":7,"logger":"py.warnings"}
{"timestamp":"2025-10-25T04:30:03.586579Z","level":"info","event":"Task instance is in running state","logger":"task.stdout"}
{"timestamp":"2025-10-25T04:30:03.587189Z","level":"info","event":" Previous state of the Task instance: TaskInstanceState.QUEUED","logger":"task.stdout"}
{"timestamp":"2025-10-25T04:30:03.587688Z","level":"info","event":"Current task name:execute_api","logger":"task.stdout"}
{"timestamp":"2025-10-25T04:30:03.588181Z","level":"info","event":"Dag name:api_schedule_68fc4c824a46b382e1020b43","logger":"task.stdout"}
{"timestamp":"2025-10-25T04:30:03.588712Z","level":"info","event":"[Airflow] Executing API call for schedule: 68fc4c824a46b382e1020b43","logger":"task.stdout"}
{"timestamp":"2025-10-25T04:30:07.207568Z","level":"info","event":"[Airflow] API call completed: success","logger":"task.stdout"}
{"timestamp":"2025-10-25T04:30:07.425130Z","level":"info","event":"Done. Returned value was: {'scheduleId': '68fc4c824a46b382e1020b43', 'connectionId': '68fc4c734a46b382e1020b42', 'status': 'success', 'statusCode': 200, 'duration': 0, 'recordsProcessed': 0, 'executedAt': '2025-10-25T04:30:05.846800', 'triggeredBy': 'airflow_scheduler', 'responseSize': 414517, '_id': ObjectId('68fc524dd6d37c1dd949b3f9')}","logger":"airflow.task.operators.airflow.providers.standard.operators.python.PythonOperator","filename":"python.py","lineno":218}
{"timestamp":"2025-10-25T04:30:07.425401Z","level":"info","event":"Pushing xcom","ti":"RuntimeTaskInstance(id=UUID('019a19a1-6105-75b1-b133-5447b39ebda0'), task_id='execute_api', dag_id='api_schedule_68fc4c824a46b382e1020b43', run_id='manual__2025-10-25T04:29:57.347426+00:00_7mZCJnPr', try_number=1, dag_version_id=UUID('019a199c-5276-7c81-89a0-934f92dc7863'), map_index=-1, hostname='b22b62853d56', context_carrier={}, task=<Task(PythonOperator): execute_api>, bundle_instance=LocalDagBundle(name=dags-folder), max_tries=3, start_date=datetime.datetime(2025, 10, 25, 4, 29, 58, 835511, tzinfo=datetime.timezone.utc), end_date=None, state=<TaskInstanceState.RUNNING: 'running'>, is_mapped=False, rendered_map_index=None)","logger":"task","filename":"task_runner.py","lineno":1352}
{"timestamp":"2025-10-25T04:30:07.425928Z","level":"error","event":"Task failed with exception","logger":"task","filename":"task_runner.py","lineno":994,"error_detail":[{"exc_type":"TypeError","exc_value":"cannot serialize object of type <class 'bson.objectid.ObjectId'>","exc_notes":[],"syntax_error":null,"is_cause":false,"frames":[{"filename":"/home/airflow/.local/lib/python3.12/site-packages/airflow/sdk/execution_time/task_runner.py","lineno":931,"name":"run"},{"filename":"/home/airflow/.local/lib/python3.12/site-packages/airflow/sdk/execution_time/task_runner.py","lineno":1369,"name":"_push_xcom_if_needed"},{"filename":"/home/airflow/.local/lib/python3.12/site-packages/airflow/sdk/execution_time/task_runner.py","lineno":579,"name":"_xcom_push"},{"filename":"/home/airflow/.local/lib/python3.12/site-packages/airflow/sdk/bases/xcom.py","lineno":77,"name":"set"},{"filename":"/home/airflow/.local/lib/python3.12/site-packages/airflow/sdk/bases/xcom.py","lineno":339,"name":"serialize_value"},{"filename":"/home/airflow/.local/lib/python3.12/site-packages/airflow/serialization/serde.py","lineno":130,"name":"serialize"},{"filename":"/home/airflow/.local/lib/python3.12/site-packages/airflow/serialization/serde.py","lineno":193,"name":"serialize"}],"is_group":false,"exceptions":[]}]}
{"timestamp":"2025-10-25T04:30:07.445448Z","level":"info","event":"Task instance in failure state","logger":"task.stdout"}
{"timestamp":"2025-10-25T04:30:07.446032Z","level":"info","event":"Task start","logger":"task.stdout"}
{"timestamp":"2025-10-25T04:30:07.446530Z","level":"info","event":"Task:<Task(PythonOperator): execute_api>","logger":"task.stdout"}
{"timestamp":"2025-10-25T04:30:07.446828Z","level":"info","event":"Failure caused by cannot serialize object of type <class 'bson.objectid.ObjectId'>","logger":"task.stdout"}
